[1.883s] Invoking command in '/home/roverto/rov/src/motor_controller': DEBUGINFOD_URLS=https://debuginfod.ubuntu.com PYTHONPATH=/home/roverto/rov/build/motor_controller/prefix_override:/usr/lib/python3/dist-packages/colcon_core/task/python/colcon_distutils_commands:/home/roverto/rov/install/motor_controller/lib/python3.12/site-packages:${PYTHONPATH} /usr/bin/python3 -W ignore:setup.py install is deprecated -W ignore:easy_install command is deprecated setup.py egg_info --egg-base ../../build/motor_controller build --build-base /home/roverto/rov/build/motor_controller/build install --record /home/roverto/rov/build/motor_controller/install.log --single-version-externally-managed install_data
[2.407s] running egg_info
[2.434s] writing ../../build/motor_controller/motor_controller.egg-info/PKG-INFO
[2.434s] writing dependency_links to ../../build/motor_controller/motor_controller.egg-info/dependency_links.txt
[2.434s] writing entry points to ../../build/motor_controller/motor_controller.egg-info/entry_points.txt
[2.435s] writing requirements to ../../build/motor_controller/motor_controller.egg-info/requires.txt
[2.435s] writing top-level names to ../../build/motor_controller/motor_controller.egg-info/top_level.txt
[2.531s] reading manifest file '../../build/motor_controller/motor_controller.egg-info/SOURCES.txt'
[2.533s] writing manifest file '../../build/motor_controller/motor_controller.egg-info/SOURCES.txt'
[2.534s] running build
[2.534s] running build_py
[2.534s] copying motor_controller/motor_controller_node.py -> /home/roverto/rov/build/motor_controller/build/lib/motor_controller
[2.535s] running install
[2.557s] running install_lib
[2.619s] copying /home/roverto/rov/build/motor_controller/build/lib/motor_controller/motor_controller_node.py -> /home/roverto/rov/install/motor_controller/lib/python3.12/site-packages/motor_controller
[2.620s] byte-compiling /home/roverto/rov/install/motor_controller/lib/python3.12/site-packages/motor_controller/motor_controller_node.py to motor_controller_node.cpython-312.pyc
[2.624s] running install_data
[2.624s] running install_egg_info
[2.673s] removing '/home/roverto/rov/install/motor_controller/lib/python3.12/site-packages/motor_controller-0.0.0-py3.12.egg-info' (and everything under it)
[2.674s] Copying ../../build/motor_controller/motor_controller.egg-info to /home/roverto/rov/install/motor_controller/lib/python3.12/site-packages/motor_controller-0.0.0-py3.12.egg-info
[2.675s] running install_scripts
[2.927s] Installing motor_controller_node script to /home/roverto/rov/install/motor_controller/lib/motor_controller
[2.928s] Installing motors_forward script to /home/roverto/rov/install/motor_controller/lib/motor_controller
[2.930s] writing list of installed files to '/home/roverto/rov/build/motor_controller/install.log'
[3.112s] Invoked command in '/home/roverto/rov/src/motor_controller' returned '0': DEBUGINFOD_URLS=https://debuginfod.ubuntu.com PYTHONPATH=/home/roverto/rov/build/motor_controller/prefix_override:/usr/lib/python3/dist-packages/colcon_core/task/python/colcon_distutils_commands:/home/roverto/rov/install/motor_controller/lib/python3.12/site-packages:${PYTHONPATH} /usr/bin/python3 -W ignore:setup.py install is deprecated -W ignore:easy_install command is deprecated setup.py egg_info --egg-base ../../build/motor_controller build --build-base /home/roverto/rov/build/motor_controller/build install --record /home/roverto/rov/build/motor_controller/install.log --single-version-externally-managed install_data
