[0.265s] DEBUG:colcon:Command line arguments: ['/usr/bin/colcon', 'build', '--symlink-install', '--packages-select', 'orbslam3', '--parallel-workers', '2', '--cmake-args', '-DCMAKE_BUILD_TYPE=Release', '-DCMAKE_CXX_FLAGS=-DEIGEN_DONT_VECTORIZE -DEIGEN_DISABLE_UNALIGNED_ARRAY_ASSERT']
[0.265s] DEBUG:colcon:Parsed command line arguments: Namespace(log_base=None, log_level=None, verb_name='build', build_base='build', install_base='install', merge_install=False, symlink_install=True, test_result_base=None, continue_on_error=False, executor='parallel', parallel_workers=2, event_handlers=None, ignore_user_meta=False, metas=['./colcon.meta'], base_paths=['.'], packages_ignore=None, packages_ignore_regex=None, paths=None, packages_up_to=None, packages_up_to_regex=None, packages_above=None, packages_above_and_dependencies=None, packages_above_depth=None, packages_select_by_dep=None, packages_skip_by_dep=None, packages_skip_up_to=None, packages_select_build_failed=False, packages_skip_build_finished=False, packages_select_test_failures=False, packages_skip_test_passed=False, packages_select=['orbslam3'], packages_skip=None, packages_select_regex=None, packages_skip_regex=None, packages_start=None, packages_end=None, allow_overriding=[], cmake_args=['-DCMAKE_BUILD_TYPE=Release', '-DCMAKE_CXX_FLAGS=-DEIGEN_DONT_VECTORIZE -DEIGEN_DISABLE_UNALIGNED_ARRAY_ASSERT'], cmake_target=None, cmake_target_skip_unavailable=False, cmake_clean_cache=False, cmake_clean_first=False, cmake_force_configure=False, ament_cmake_args=None, catkin_cmake_args=None, catkin_skip_building_tests=False, mixin_files=None, mixin=None, verb_parser=<colcon_mixin.mixin.mixin_argument.MixinArgumentDecorator object at 0xffff87736270>, verb_extension=<colcon_core.verb.build.BuildVerb object at 0xffff878f1f40>, main=<bound method BuildVerb.main of <colcon_core.verb.build.BuildVerb object at 0xffff878f1f40>>, mixin_verb=('build',))
[0.331s] Level 1:colcon.colcon_core.package_discovery:discover_packages(colcon_meta) check parameters
[0.331s] Level 1:colcon.colcon_core.package_discovery:discover_packages(recursive) check parameters
[0.331s] Level 1:colcon.colcon_core.package_discovery:discover_packages(ignore) check parameters
[0.331s] Level 1:colcon.colcon_core.package_discovery:discover_packages(path) check parameters
[0.331s] Level 1:colcon.colcon_core.package_discovery:discover_packages(colcon_meta) discover
[0.331s] Level 1:colcon.colcon_core.package_discovery:discover_packages(recursive) discover
[0.332s] INFO:colcon.colcon_core.package_discovery:Crawling recursively for packages in '/home/roverto/ros2_ws/src'
[0.332s] Level 1:colcon.colcon_core.package_identification:_identify(.) by extensions ['ignore', 'ignore_ament_install']
[0.332s] Level 1:colcon.colcon_core.package_identification:_identify(.) by extension 'ignore'
[0.332s] Level 1:colcon.colcon_core.package_identification:_identify(.) by extension 'ignore_ament_install'
[0.332s] Level 1:colcon.colcon_core.package_identification:_identify(.) by extensions ['colcon_pkg']
[0.332s] Level 1:colcon.colcon_core.package_identification:_identify(.) by extension 'colcon_pkg'
[0.332s] Level 1:colcon.colcon_core.package_identification:_identify(.) by extensions ['colcon_meta']
[0.332s] Level 1:colcon.colcon_core.package_identification:_identify(.) by extension 'colcon_meta'
[0.332s] Level 1:colcon.colcon_core.package_identification:_identify(.) by extensions ['ros']
[0.332s] Level 1:colcon.colcon_core.package_identification:_identify(.) by extension 'ros'
[0.372s] Level 1:colcon.colcon_core.package_identification:_identify(.) by extensions ['cmake', 'python']
[0.372s] Level 1:colcon.colcon_core.package_identification:_identify(.) by extension 'cmake'
[0.372s] Level 1:colcon.colcon_core.package_identification:_identify(.) by extension 'python'
[0.372s] Level 1:colcon.colcon_core.package_identification:_identify(.) by extensions ['python_setup_py']
[0.372s] Level 1:colcon.colcon_core.package_identification:_identify(.) by extension 'python_setup_py'
[0.372s] Level 1:colcon.colcon_core.package_identification:_identify(ORB_SLAM3_ROS2) by extensions ['ignore', 'ignore_ament_install']
[0.372s] Level 1:colcon.colcon_core.package_identification:_identify(ORB_SLAM3_ROS2) by extension 'ignore'
[0.372s] Level 1:colcon.colcon_core.package_identification:_identify(ORB_SLAM3_ROS2) by extension 'ignore_ament_install'
[0.372s] Level 1:colcon.colcon_core.package_identification:_identify(ORB_SLAM3_ROS2) by extensions ['colcon_pkg']
[0.373s] Level 1:colcon.colcon_core.package_identification:_identify(ORB_SLAM3_ROS2) by extension 'colcon_pkg'
[0.373s] Level 1:colcon.colcon_core.package_identification:_identify(ORB_SLAM3_ROS2) by extensions ['colcon_meta']
[0.373s] Level 1:colcon.colcon_core.package_identification:_identify(ORB_SLAM3_ROS2) by extension 'colcon_meta'
[0.373s] Level 1:colcon.colcon_core.package_identification:_identify(ORB_SLAM3_ROS2) by extensions ['ros']
[0.373s] Level 1:colcon.colcon_core.package_identification:_identify(ORB_SLAM3_ROS2) by extension 'ros'
[0.376s] DEBUG:colcon.colcon_core.package_identification:Package 'ORB_SLAM3_ROS2' with type 'ros.ament_cmake' and name 'orbslam3'
[0.376s] Level 1:colcon.colcon_core.package_identification:_identify(build) by extensions ['ignore', 'ignore_ament_install']
[0.376s] Level 1:colcon.colcon_core.package_identification:_identify(build) by extension 'ignore'
[0.377s] Level 1:colcon.colcon_core.package_identification:_identify(build) ignored
[0.377s] Level 1:colcon.colcon_core.package_identification:_identify(camera_ros) by extensions ['ignore', 'ignore_ament_install']
[0.377s] Level 1:colcon.colcon_core.package_identification:_identify(camera_ros) by extension 'ignore'
[0.377s] Level 1:colcon.colcon_core.package_identification:_identify(camera_ros) by extension 'ignore_ament_install'
[0.377s] Level 1:colcon.colcon_core.package_identification:_identify(camera_ros) by extensions ['colcon_pkg']
[0.377s] Level 1:colcon.colcon_core.package_identification:_identify(camera_ros) by extension 'colcon_pkg'
[0.377s] Level 1:colcon.colcon_core.package_identification:_identify(camera_ros) by extensions ['colcon_meta']
[0.377s] Level 1:colcon.colcon_core.package_identification:_identify(camera_ros) by extension 'colcon_meta'
[0.377s] Level 1:colcon.colcon_core.package_identification:_identify(camera_ros) by extensions ['ros']
[0.377s] Level 1:colcon.colcon_core.package_identification:_identify(camera_ros) by extension 'ros'
[0.382s] DEBUG:colcon.colcon_core.package_identification:Package 'camera_ros' with type 'ros.ament_cmake' and name 'camera_ros'
[0.383s] Level 1:colcon.colcon_core.package_identification:_identify(custom_camera_publisher) by extensions ['ignore', 'ignore_ament_install']
[0.383s] Level 1:colcon.colcon_core.package_identification:_identify(custom_camera_publisher) by extension 'ignore'
[0.383s] Level 1:colcon.colcon_core.package_identification:_identify(custom_camera_publisher) by extension 'ignore_ament_install'
[0.383s] Level 1:colcon.colcon_core.package_identification:_identify(custom_camera_publisher) by extensions ['colcon_pkg']
[0.383s] Level 1:colcon.colcon_core.package_identification:_identify(custom_camera_publisher) by extension 'colcon_pkg'
[0.383s] Level 1:colcon.colcon_core.package_identification:_identify(custom_camera_publisher) by extensions ['colcon_meta']
[0.383s] Level 1:colcon.colcon_core.package_identification:_identify(custom_camera_publisher) by extension 'colcon_meta'
[0.383s] Level 1:colcon.colcon_core.package_identification:_identify(custom_camera_publisher) by extensions ['ros']
[0.383s] Level 1:colcon.colcon_core.package_identification:_identify(custom_camera_publisher) by extension 'ros'
[0.384s] DEBUG:colcon.colcon_core.package_identification:Package 'custom_camera_publisher' with type 'ros.ament_python' and name 'custom_camera_publisher'
[0.384s] Level 1:colcon.colcon_core.package_identification:_identify(install) by extensions ['ignore', 'ignore_ament_install']
[0.384s] Level 1:colcon.colcon_core.package_identification:_identify(install) by extension 'ignore'
[0.384s] Level 1:colcon.colcon_core.package_identification:_identify(install) ignored
[0.384s] Level 1:colcon.colcon_core.package_identification:_identify(log) by extensions ['ignore', 'ignore_ament_install']
[0.385s] Level 1:colcon.colcon_core.package_identification:_identify(log) by extension 'ignore'
[0.385s] Level 1:colcon.colcon_core.package_identification:_identify(log) ignored
[0.385s] Level 1:colcon.colcon_core.package_identification:_identify(motor_controller) by extensions ['ignore', 'ignore_ament_install']
[0.385s] Level 1:colcon.colcon_core.package_identification:_identify(motor_controller) by extension 'ignore'
[0.385s] Level 1:colcon.colcon_core.package_identification:_identify(motor_controller) by extension 'ignore_ament_install'
[0.385s] Level 1:colcon.colcon_core.package_identification:_identify(motor_controller) by extensions ['colcon_pkg']
[0.385s] Level 1:colcon.colcon_core.package_identification:_identify(motor_controller) by extension 'colcon_pkg'
[0.385s] Level 1:colcon.colcon_core.package_identification:_identify(motor_controller) by extensions ['colcon_meta']
[0.385s] Level 1:colcon.colcon_core.package_identification:_identify(motor_controller) by extension 'colcon_meta'
[0.385s] Level 1:colcon.colcon_core.package_identification:_identify(motor_controller) by extensions ['ros']
[0.385s] Level 1:colcon.colcon_core.package_identification:_identify(motor_controller) by extension 'ros'
[0.386s] DEBUG:colcon.colcon_core.package_identification:Package 'motor_controller' with type 'ros.ament_python' and name 'motor_controller'
[0.386s] Level 1:colcon.colcon_core.package_identification:_identify(ros2_orb_slam3) by extensions ['ignore', 'ignore_ament_install']
[0.386s] Level 1:colcon.colcon_core.package_identification:_identify(ros2_orb_slam3) by extension 'ignore'
[0.387s] Level 1:colcon.colcon_core.package_identification:_identify(ros2_orb_slam3) by extension 'ignore_ament_install'
[0.387s] Level 1:colcon.colcon_core.package_identification:_identify(ros2_orb_slam3) by extensions ['colcon_pkg']
[0.387s] Level 1:colcon.colcon_core.package_identification:_identify(ros2_orb_slam3) by extension 'colcon_pkg'
[0.387s] Level 1:colcon.colcon_core.package_identification:_identify(ros2_orb_slam3) by extensions ['colcon_meta']
[0.387s] Level 1:colcon.colcon_core.package_identification:_identify(ros2_orb_slam3) by extension 'colcon_meta'
[0.387s] Level 1:colcon.colcon_core.package_identification:_identify(ros2_orb_slam3) by extensions ['ros']
[0.387s] Level 1:colcon.colcon_core.package_identification:_identify(ros2_orb_slam3) by extension 'ros'
[0.388s] DEBUG:colcon.colcon_core.package_identification:Package 'ros2_orb_slam3' with type 'ros.ament_cmake' and name 'ros2_orb_slam3'
[0.388s] Level 1:colcon.colcon_core.package_identification:_identify(rovultrasonic) by extensions ['ignore', 'ignore_ament_install']
[0.388s] Level 1:colcon.colcon_core.package_identification:_identify(rovultrasonic) by extension 'ignore'
[0.388s] Level 1:colcon.colcon_core.package_identification:_identify(rovultrasonic) by extension 'ignore_ament_install'
[0.388s] Level 1:colcon.colcon_core.package_identification:_identify(rovultrasonic) by extensions ['colcon_pkg']
[0.388s] Level 1:colcon.colcon_core.package_identification:_identify(rovultrasonic) by extension 'colcon_pkg'
[0.388s] Level 1:colcon.colcon_core.package_identification:_identify(rovultrasonic) by extensions ['colcon_meta']
[0.388s] Level 1:colcon.colcon_core.package_identification:_identify(rovultrasonic) by extension 'colcon_meta'
[0.388s] Level 1:colcon.colcon_core.package_identification:_identify(rovultrasonic) by extensions ['ros']
[0.388s] Level 1:colcon.colcon_core.package_identification:_identify(rovultrasonic) by extension 'ros'
[0.389s] DEBUG:colcon.colcon_core.package_identification:Package 'rovultrasonic' with type 'ros.ament_python' and name 'rovultrasonic'
[0.389s] Level 1:colcon.colcon_core.package_discovery:discover_packages(recursive) using defaults
[0.389s] Level 1:colcon.colcon_core.package_discovery:discover_packages(ignore) discover
[0.389s] Level 1:colcon.colcon_core.package_discovery:discover_packages(ignore) using defaults
[0.389s] Level 1:colcon.colcon_core.package_discovery:discover_packages(path) discover
[0.389s] Level 1:colcon.colcon_core.package_discovery:discover_packages(path) using defaults
[0.428s] INFO:colcon.colcon_core.package_selection:Skipping not selected package 'camera_ros' in 'camera_ros'
[0.428s] INFO:colcon.colcon_core.package_selection:Skipping not selected package 'custom_camera_publisher' in 'custom_camera_publisher'
[0.428s] INFO:colcon.colcon_core.package_selection:Skipping not selected package 'motor_controller' in 'motor_controller'
[0.428s] INFO:colcon.colcon_core.package_selection:Skipping not selected package 'ros2_orb_slam3' in 'ros2_orb_slam3'
[0.428s] INFO:colcon.colcon_core.package_selection:Skipping not selected package 'rovultrasonic' in 'rovultrasonic'
[0.429s] Level 1:colcon.colcon_core.package_discovery:discover_packages(prefix_path) check parameters
[0.429s] Level 1:colcon.colcon_core.package_discovery:discover_packages(prefix_path) discover
[0.435s] DEBUG:colcon.colcon_installed_package_information.package_discovery:Found 7 installed packages in /home/roverto/ros2_ws/install
[0.436s] DEBUG:colcon.colcon_installed_package_information.package_discovery:Found 1 installed packages in /home/roverto/image_publisher/install
[0.438s] DEBUG:colcon.colcon_installed_package_information.package_discovery:Found 304 installed packages in /opt/ros/jazzy
[0.440s] Level 1:colcon.colcon_core.package_discovery:discover_packages(prefix_path) using defaults
[0.511s] Level 5:colcon.colcon_core.verb:set package 'orbslam3' build argument 'cmake_args' from command line to '['-DCMAKE_BUILD_TYPE=Release', '-DCMAKE_CXX_FLAGS=-DEIGEN_DONT_VECTORIZE -DEIGEN_DISABLE_UNALIGNED_ARRAY_ASSERT']'
[0.511s] Level 5:colcon.colcon_core.verb:set package 'orbslam3' build argument 'cmake_target' from command line to 'None'
[0.511s] Level 5:colcon.colcon_core.verb:set package 'orbslam3' build argument 'cmake_target_skip_unavailable' from command line to 'False'
[0.511s] Level 5:colcon.colcon_core.verb:set package 'orbslam3' build argument 'cmake_clean_cache' from command line to 'False'
[0.511s] Level 5:colcon.colcon_core.verb:set package 'orbslam3' build argument 'cmake_clean_first' from command line to 'False'
[0.511s] Level 5:colcon.colcon_core.verb:set package 'orbslam3' build argument 'cmake_force_configure' from command line to 'False'
[0.511s] Level 5:colcon.colcon_core.verb:set package 'orbslam3' build argument 'ament_cmake_args' from command line to 'None'
[0.511s] Level 5:colcon.colcon_core.verb:set package 'orbslam3' build argument 'catkin_cmake_args' from command line to 'None'
[0.511s] Level 5:colcon.colcon_core.verb:set package 'orbslam3' build argument 'catkin_skip_building_tests' from command line to 'False'
[0.511s] DEBUG:colcon.colcon_core.verb:Building package 'orbslam3' with the following arguments: {'ament_cmake_args': None, 'build_base': '/home/roverto/ros2_ws/src/build/orbslam3', 'catkin_cmake_args': None, 'catkin_skip_building_tests': False, 'cmake_args': ['-DCMAKE_BUILD_TYPE=Release', '-DCMAKE_CXX_FLAGS=-DEIGEN_DONT_VECTORIZE -DEIGEN_DISABLE_UNALIGNED_ARRAY_ASSERT'], 'cmake_clean_cache': False, 'cmake_clean_first': False, 'cmake_force_configure': False, 'cmake_target': None, 'cmake_target_skip_unavailable': False, 'install_base': '/home/roverto/ros2_ws/src/install/orbslam3', 'merge_install': False, 'path': '/home/roverto/ros2_ws/src/ORB_SLAM3_ROS2', 'symlink_install': True, 'test_result_base': None}
[0.511s] INFO:colcon.colcon_core.executor:Executing jobs using 'parallel' executor
[0.513s] DEBUG:colcon.colcon_parallel_executor.executor.parallel:run_until_complete
[0.513s] INFO:colcon.colcon_ros.task.ament_cmake.build:Building ROS package in '/home/roverto/ros2_ws/src/ORB_SLAM3_ROS2' with build type 'ament_cmake'
[0.514s] INFO:colcon.colcon_cmake.task.cmake.build:Building CMake package in '/home/roverto/ros2_ws/src/ORB_SLAM3_ROS2'
[0.529s] INFO:colcon.colcon_core.plugin_system:Skipping extension 'colcon_core.shell.bat': Not used on non-Windows systems
[0.530s] INFO:colcon.colcon_core.shell:Skip shell extension 'powershell' for command environment: Not usable outside of PowerShell
[0.530s] DEBUG:colcon.colcon_core.shell:Skip shell extension 'dsv' for command environment
[0.544s] DEBUG:colcon.colcon_core.event_handler.log_command:Invoking command in '/home/roverto/ros2_ws/src/build/orbslam3': CMAKE_PREFIX_PATH=${CMAKE_PREFIX_PATH}:/home/roverto/image_publisher/install/opencv_tools:/home/roverto/ros2_ws/install/rovultrasonic:/home/roverto/ros2_ws/install/pi_camera:/home/roverto/ros2_ws/install/motor_controller:/home/roverto/ros2_ws/install/custom_image_utils:/home/roverto/ros2_ws/install/custom_camera_publisher:/opt/ros/jazzy DEBUGINFOD_URLS=https://debuginfod.ubuntu.com /usr/bin/cmake /home/roverto/ros2_ws/src/ORB_SLAM3_ROS2 -DCMAKE_BUILD_TYPE=Release -DCMAKE_CXX_FLAGS=-DEIGEN_DONT_VECTORIZE -DEIGEN_DISABLE_UNALIGNED_ARRAY_ASSERT -DAMENT_CMAKE_SYMLINK_INSTALL=1 -DCMAKE_INSTALL_PREFIX=/home/roverto/ros2_ws/src/install/orbslam3
[3.990s] DEBUG:colcon.colcon_core.event_handler.log_command:Invoked command in '/home/roverto/ros2_ws/src/build/orbslam3' returned '0': CMAKE_PREFIX_PATH=${CMAKE_PREFIX_PATH}:/home/roverto/image_publisher/install/opencv_tools:/home/roverto/ros2_ws/install/rovultrasonic:/home/roverto/ros2_ws/install/pi_camera:/home/roverto/ros2_ws/install/motor_controller:/home/roverto/ros2_ws/install/custom_image_utils:/home/roverto/ros2_ws/install/custom_camera_publisher:/opt/ros/jazzy DEBUGINFOD_URLS=https://debuginfod.ubuntu.com /usr/bin/cmake /home/roverto/ros2_ws/src/ORB_SLAM3_ROS2 -DCMAKE_BUILD_TYPE=Release -DCMAKE_CXX_FLAGS=-DEIGEN_DONT_VECTORIZE -DEIGEN_DISABLE_UNALIGNED_ARRAY_ASSERT -DAMENT_CMAKE_SYMLINK_INSTALL=1 -DCMAKE_INSTALL_PREFIX=/home/roverto/ros2_ws/src/install/orbslam3
[3.993s] DEBUG:colcon.colcon_core.event_handler.log_command:Invoking command in '/home/roverto/ros2_ws/src/build/orbslam3': CMAKE_PREFIX_PATH=${CMAKE_PREFIX_PATH}:/home/roverto/image_publisher/install/opencv_tools:/home/roverto/ros2_ws/install/rovultrasonic:/home/roverto/ros2_ws/install/pi_camera:/home/roverto/ros2_ws/install/motor_controller:/home/roverto/ros2_ws/install/custom_image_utils:/home/roverto/ros2_ws/install/custom_camera_publisher:/opt/ros/jazzy DEBUGINFOD_URLS=https://debuginfod.ubuntu.com /usr/bin/cmake --build /home/roverto/ros2_ws/src/build/orbslam3 -- -j4 -l4
[4.876s] DEBUG:colcon.colcon_core.event_handler.log_command:Invoked command in '/home/roverto/ros2_ws/src/build/orbslam3' returned '2': CMAKE_PREFIX_PATH=${CMAKE_PREFIX_PATH}:/home/roverto/image_publisher/install/opencv_tools:/home/roverto/ros2_ws/install/rovultrasonic:/home/roverto/ros2_ws/install/pi_camera:/home/roverto/ros2_ws/install/motor_controller:/home/roverto/ros2_ws/install/custom_image_utils:/home/roverto/ros2_ws/install/custom_camera_publisher:/opt/ros/jazzy DEBUGINFOD_URLS=https://debuginfod.ubuntu.com /usr/bin/cmake --build /home/roverto/ros2_ws/src/build/orbslam3 -- -j4 -l4
[4.877s] Level 1:colcon.colcon_core.environment:create_environment_scripts_only(orbslam3)
[4.887s] Level 1:colcon.colcon_core.environment:checking '/home/roverto/ros2_ws/src/install/orbslam3' for CMake module files
[4.887s] Level 1:colcon.colcon_core.environment:checking '/home/roverto/ros2_ws/src/install/orbslam3' for CMake config files
[4.888s] Level 1:colcon.colcon_core.environment:checking '/home/roverto/ros2_ws/src/install/orbslam3/bin'
[4.888s] Level 1:colcon.colcon_core.environment:checking '/home/roverto/ros2_ws/src/install/orbslam3/lib/pkgconfig/orbslam3.pc'
[4.888s] Level 1:colcon.colcon_core.environment:checking '/home/roverto/ros2_ws/src/install/orbslam3/lib/python3.12/site-packages'
[4.889s] Level 1:colcon.colcon_core.environment:checking '/home/roverto/ros2_ws/src/install/orbslam3/bin'
[4.889s] INFO:colcon.colcon_core.shell:Creating package script '/home/roverto/ros2_ws/src/install/orbslam3/share/orbslam3/package.ps1'
[4.891s] INFO:colcon.colcon_core.shell:Creating package descriptor '/home/roverto/ros2_ws/src/install/orbslam3/share/orbslam3/package.dsv'
[4.892s] INFO:colcon.colcon_core.shell:Creating package script '/home/roverto/ros2_ws/src/install/orbslam3/share/orbslam3/package.sh'
[4.894s] INFO:colcon.colcon_core.shell:Creating package script '/home/roverto/ros2_ws/src/install/orbslam3/share/orbslam3/package.bash'
[4.895s] INFO:colcon.colcon_core.shell:Creating package script '/home/roverto/ros2_ws/src/install/orbslam3/share/orbslam3/package.zsh'
[4.896s] Level 1:colcon.colcon_core.environment:create_file_with_runtime_dependencies(/home/roverto/ros2_ws/src/install/orbslam3/share/colcon-core/packages/orbslam3)
[4.907s] DEBUG:colcon.colcon_parallel_executor.executor.parallel:closing loop
[4.908s] DEBUG:colcon.colcon_parallel_executor.executor.parallel:loop closed
[4.908s] DEBUG:colcon.colcon_parallel_executor.executor.parallel:run_until_complete finished with '2'
[4.908s] DEBUG:colcon.colcon_core.event_reactor:joining thread
[4.926s] INFO:colcon.colcon_core.plugin_system:Skipping extension 'colcon_notification.desktop_notification.terminal_notifier': Not used on non-Darwin systems
[4.926s] INFO:colcon.colcon_core.plugin_system:Skipping extension 'colcon_notification.desktop_notification.win32': Not used on non-Windows systems
[4.926s] INFO:colcon.colcon_notification.desktop_notification:Sending desktop notification using 'notify2'
[4.976s] DEBUG:colcon.colcon_core.event_reactor:joined thread
[4.976s] INFO:colcon.colcon_core.shell:Creating prefix script '/home/roverto/ros2_ws/src/install/local_setup.ps1'
[5.013s] INFO:colcon.colcon_core.shell:Creating prefix util module '/home/roverto/ros2_ws/src/install/_local_setup_util_ps1.py'
[5.016s] INFO:colcon.colcon_core.shell:Creating prefix chain script '/home/roverto/ros2_ws/src/install/setup.ps1'
[5.018s] INFO:colcon.colcon_core.shell:Creating prefix script '/home/roverto/ros2_ws/src/install/local_setup.sh'
[5.020s] INFO:colcon.colcon_core.shell:Creating prefix util module '/home/roverto/ros2_ws/src/install/_local_setup_util_sh.py'
[5.021s] INFO:colcon.colcon_core.shell:Creating prefix chain script '/home/roverto/ros2_ws/src/install/setup.sh'
[5.024s] INFO:colcon.colcon_core.shell:Creating prefix script '/home/roverto/ros2_ws/src/install/local_setup.bash'
[5.025s] INFO:colcon.colcon_core.shell:Creating prefix chain script '/home/roverto/ros2_ws/src/install/setup.bash'
[5.027s] INFO:colcon.colcon_core.shell:Creating prefix script '/home/roverto/ros2_ws/src/install/local_setup.zsh'
[5.028s] INFO:colcon.colcon_core.shell:Creating prefix chain script '/home/roverto/ros2_ws/src/install/setup.zsh'
