-- The C compiler identification is GNU 13.3.0
-- The CXX compiler identification is GNU 13.3.0
-- Detecting C compiler ABI info
-- Detecting C compiler ABI info - done
-- Check for working C compiler: /usr/bin/cc - skipped
-- Detecting C compile features
-- Detecting C compile features - done
-- Detecting CXX compiler ABI info
-- Detecting CXX compiler ABI info - done
-- Check for working CXX compiler: /usr/bin/c++ - skipped
-- Detecting CXX compile features
-- Detecting CXX compile features - done
-- Found ament_cmake: 2.5.5 (/opt/ros/jazzy/share/ament_cmake/cmake)
-- Found Python3: /usr/bin/python3 (found version "3.12.3") found components: Interpreter 
-- Override CMake install command with custom implementation using symlinks instead of copying resources
-- Found rclcpp: 28.1.16 (/opt/ros/jazzy/share/rclcpp/cmake)
-- Found rosidl_generator_c: 4.6.7 (/opt/ros/jazzy/share/rosidl_generator_c/cmake)
-- Found rosidl_generator_cpp: 4.6.7 (/opt/ros/jazzy/share/rosidl_generator_cpp/cmake)
-- Using all available rosidl_typesupport_c: rosidl_typesupport_fastrtps_c;rosidl_typesupport_introspection_c
-- Using all available rosidl_typesupport_cpp: rosidl_typesupport_fastrtps_cpp;rosidl_typesupport_introspection_cpp
-- Found rmw_implementation_cmake: 7.3.3 (/opt/ros/jazzy/share/rmw_implementation_cmake/cmake)
-- Found rmw_fastrtps_cpp: 8.4.3 (/opt/ros/jazzy/share/rmw_fastrtps_cpp/cmake)
-- Found OpenSSL: /usr/lib/aarch64-linux-gnu/libcrypto.so (found version "3.0.13")  
-- Found FastRTPS: /opt/ros/jazzy/include (Required is at least version "2.13") 
-- Using RMW implementation 'rmw_fastrtps_cpp' as default
-- Found cv_bridge: 4.1.0 (/opt/ros/jazzy/share/cv_bridge/cmake)
-- Found OpenCV: /usr (found version "4.6.0") 
-- Performing Test CMAKE_HAVE_LIBC_PTHREAD
-- Performing Test CMAKE_HAVE_LIBC_PTHREAD - Success
-- Found Threads: TRUE  
-- Found OpenGL: /usr/lib/aarch64-linux-gnu/libOpenGL.so  found components: OpenGL 
-- Found image_transport: 5.1.7 (/opt/ros/jazzy/share/image_transport/cmake)
-- Configuring done (3.0s)
-- Generating done (0.0s)
-- Build files have been written to: /home/roverto/ros2_ws/build/ros2_orb_slam3
[  8%] [32mBuilding CXX object CMakeFiles/orb_slam3_lib.dir/orb_slam3/src/System.cc.o[0m
[  8%] [32mBuilding CXX object CMakeFiles/orb_slam3_lib.dir/orb_slam3/src/LocalMapping.cc.o[0m
[  8%] [32mBuilding CXX object CMakeFiles/orb_slam3_lib.dir/orb_slam3/src/Tracking.cc.o[0m
[ 11%] [32mBuilding CXX object CMakeFiles/orb_slam3_lib.dir/orb_slam3/src/LoopClosing.cc.o[0m
[ 14%] [32mBuilding CXX object CMakeFiles/orb_slam3_lib.dir/orb_slam3/src/ORBextractor.cc.o[0m
[ 17%] [32mBuilding CXX object CMakeFiles/orb_slam3_lib.dir/orb_slam3/src/ORBmatcher.cc.o[0m
[ 20%] [32mBuilding CXX object CMakeFiles/orb_slam3_lib.dir/orb_slam3/src/FrameDrawer.cc.o[0m
[ 23%] [32mBuilding CXX object CMakeFiles/orb_slam3_lib.dir/orb_slam3/src/Converter.cc.o[0m
[ 26%] [32mBuilding CXX object CMakeFiles/orb_slam3_lib.dir/orb_slam3/src/Atlas.cc.o[0m
[ 29%] [32mBuilding CXX object CMakeFiles/orb_slam3_lib.dir/orb_slam3/src/KeyFrame.cc.o[0m
[ 32%] [32mBuilding CXX object CMakeFiles/orb_slam3_lib.dir/orb_slam3/src/MapPoint.cc.o[0m
[ 35%] [32mBuilding CXX object CMakeFiles/orb_slam3_lib.dir/orb_slam3/src/Map.cc.o[0m
[ 38%] [32mBuilding CXX object CMakeFiles/orb_slam3_lib.dir/orb_slam3/src/Frame.cc.o[0m
[ 41%] [32mBuilding CXX object CMakeFiles/orb_slam3_lib.dir/orb_slam3/src/Optimizer.cc.o[0m
[ 44%] [32mBuilding CXX object CMakeFiles/orb_slam3_lib.dir/orb_slam3/src/MapDrawer.cc.o[0m
[ 47%] [32mBuilding CXX object CMakeFiles/orb_slam3_lib.dir/orb_slam3/src/KeyFrameDatabase.cc.o[0m
[ 50%] [32mBuilding CXX object CMakeFiles/orb_slam3_lib.dir/orb_slam3/src/Viewer.cc.o[0m
[ 52%] [32mBuilding CXX object CMakeFiles/orb_slam3_lib.dir/orb_slam3/src/Sim3Solver.cc.o[0m
[ 55%] [32mBuilding CXX object CMakeFiles/orb_slam3_lib.dir/orb_slam3/src/G2oTypes.cc.o[0m
[ 58%] [32mBuilding CXX object CMakeFiles/orb_slam3_lib.dir/orb_slam3/src/ImuTypes.cc.o[0m
[ 61%] [32mBuilding CXX object CMakeFiles/orb_slam3_lib.dir/orb_slam3/src/CameraModels/KannalaBrandt8.cpp.o[0m
[ 64%] [32mBuilding CXX object CMakeFiles/orb_slam3_lib.dir/orb_slam3/src/CameraModels/Pinhole.cpp.o[0m
[ 67%] [32mBuilding CXX object CMakeFiles/orb_slam3_lib.dir/orb_slam3/src/MLPnPsolver.cpp.o[0m
[ 70%] [32mBuilding CXX object CMakeFiles/orb_slam3_lib.dir/orb_slam3/src/OptimizableTypes.cpp.o[0m
[ 73%] [32mBuilding CXX object CMakeFiles/orb_slam3_lib.dir/orb_slam3/src/TwoViewReconstruction.cc.o[0m
[ 76%] [32mBuilding CXX object CMakeFiles/orb_slam3_lib.dir/orb_slam3/src/GeometricTools.cc.o[0m
[ 79%] [32mBuilding CXX object CMakeFiles/orb_slam3_lib.dir/orb_slam3/Thirdparty/DBoW2/DUtils/Random.cpp.o[0m
[ 82%] [32mBuilding CXX object CMakeFiles/orb_slam3_lib.dir/orb_slam3/src/Settings.cc.o[0m
[ 85%] [32mBuilding CXX object CMakeFiles/orb_slam3_lib.dir/orb_slam3/Thirdparty/DBoW2/DUtils/Timestamp.cpp.o[0m
[ 88%] [32mBuilding CXX object CMakeFiles/orb_slam3_lib.dir/orb_slam3/src/Config.cc.o[0m
[ 91%] [32m[1mLinking CXX shared library liborb_slam3_lib.so[0m
[ 91%] Built target orb_slam3_lib
[ 97%] [32mBuilding CXX object CMakeFiles/mono_node_cpp.dir/src/common.cpp.o[0m
[ 97%] [32mBuilding CXX object CMakeFiles/mono_node_cpp.dir/src/mono_example.cpp.o[0m
[100%] [32m[1mLinking CXX executable mono_node_cpp[0m
[100%] Built target mono_node_cpp
-- Install configuration: ""
-- Execute custom install script
-- Symlinking: /home/roverto/ros2_ws/install/ros2_orb_slam3/lib/ros2_orb_slam3/mono_node_cpp
-- Symlinking: /home/roverto/ros2_ws/install/ros2_orb_slam3/lib/ros2_orb_slam3/liborb_slam3_lib.so
-- Symlinking: /home/roverto/ros2_ws/install/ros2_orb_slam3/lib/ros2_orb_slam3/mono_driver_node.py
-- Symlinking: /home/roverto/ros2_ws/install/ros2_orb_slam3/share/ros2_orb_slam3/Vocabulary/ORBvoc.txt.bin
-- Symlinking: /home/roverto/ros2_ws/install/ros2_orb_slam3/share/ament_index/resource_index/package_run_dependencies/ros2_orb_slam3
-- Symlinking: /home/roverto/ros2_ws/install/ros2_orb_slam3/share/ament_index/resource_index/parent_prefix_path/ros2_orb_slam3
-- Symlinking: /home/roverto/ros2_ws/install/ros2_orb_slam3/share/ros2_orb_slam3/environment/ament_prefix_path.sh
-- Symlinking: /home/roverto/ros2_ws/install/ros2_orb_slam3/share/ros2_orb_slam3/environment/ament_prefix_path.dsv
-- Symlinking: /home/roverto/ros2_ws/install/ros2_orb_slam3/share/ros2_orb_slam3/environment/path.sh
-- Symlinking: /home/roverto/ros2_ws/install/ros2_orb_slam3/share/ros2_orb_slam3/environment/path.dsv
-- Symlinking: /home/roverto/ros2_ws/install/ros2_orb_slam3/share/ros2_orb_slam3/local_setup.bash
-- Symlinking: /home/roverto/ros2_ws/install/ros2_orb_slam3/share/ros2_orb_slam3/local_setup.sh
-- Symlinking: /home/roverto/ros2_ws/install/ros2_orb_slam3/share/ros2_orb_slam3/local_setup.zsh
-- Symlinking: /home/roverto/ros2_ws/install/ros2_orb_slam3/share/ros2_orb_slam3/local_setup.dsv
-- Symlinking: /home/roverto/ros2_ws/install/ros2_orb_slam3/share/ros2_orb_slam3/package.dsv
-- Symlinking: /home/roverto/ros2_ws/install/ros2_orb_slam3/share/ament_index/resource_index/packages/ros2_orb_slam3
-- Symlinking: /home/roverto/ros2_ws/install/ros2_orb_slam3/share/ros2_orb_slam3/cmake/ros2_orb_slam3Config.cmake
-- Symlinking: /home/roverto/ros2_ws/install/ros2_orb_slam3/share/ros2_orb_slam3/cmake/ros2_orb_slam3Config-version.cmake
-- Symlinking: /home/roverto/ros2_ws/install/ros2_orb_slam3/share/ros2_orb_slam3/package.xml
