[0.203s] DEBUG:colcon:Command line arguments: ['/usr/bin/colcon', 'build']
[0.203s] DEBUG:colcon:Parsed command line arguments: Namespace(log_base=None, log_level=None, verb_name='build', build_base='build', install_base='install', merge_install=False, symlink_install=False, test_result_base=None, continue_on_error=False, executor='parallel', parallel_workers=4, event_handlers=None, ignore_user_meta=False, metas=['./colcon.meta'], base_paths=['.'], packages_ignore=None, packages_ignore_regex=None, paths=None, packages_up_to=None, packages_up_to_regex=None, packages_above=None, packages_above_and_dependencies=None, packages_above_depth=None, packages_select_by_dep=None, packages_skip_by_dep=None, packages_skip_up_to=None, packages_select_build_failed=False, packages_skip_build_finished=False, packages_select_test_failures=False, packages_skip_test_passed=False, packages_select=None, packages_skip=None, packages_select_regex=None, packages_skip_regex=None, packages_start=None, packages_end=None, allow_overriding=[], cmake_args=None, cmake_target=None, cmake_target_skip_unavailable=False, cmake_clean_cache=False, cmake_clean_first=False, cmake_force_configure=False, ament_cmake_args=None, catkin_cmake_args=None, catkin_skip_building_tests=False, mixin_files=None, mixin=None, verb_parser=<colcon_mixin.mixin.mixin_argument.MixinArgumentDecorator object at 0xffffaaf6dfa0>, verb_extension=<colcon_core.verb.build.BuildVerb object at 0xffffab8257f0>, main=<bound method BuildVerb.main of <colcon_core.verb.build.BuildVerb object at 0xffffab8257f0>>, mixin_verb=('build',))
[0.260s] Level 1:colcon.colcon_core.package_discovery:discover_packages(colcon_meta) check parameters
[0.261s] Level 1:colcon.colcon_core.package_discovery:discover_packages(recursive) check parameters
[0.261s] Level 1:colcon.colcon_core.package_discovery:discover_packages(ignore) check parameters
[0.261s] Level 1:colcon.colcon_core.package_discovery:discover_packages(path) check parameters
[0.261s] Level 1:colcon.colcon_core.package_discovery:discover_packages(colcon_meta) discover
[0.261s] Level 1:colcon.colcon_core.package_discovery:discover_packages(recursive) discover
[0.261s] INFO:colcon.colcon_core.package_discovery:Crawling recursively for packages in '/home/roverto/rov'
[0.261s] Level 1:colcon.colcon_core.package_identification:_identify(.) by extensions ['ignore', 'ignore_ament_install']
[0.261s] Level 1:colcon.colcon_core.package_identification:_identify(.) by extension 'ignore'
[0.261s] Level 1:colcon.colcon_core.package_identification:_identify(.) by extension 'ignore_ament_install'
[0.261s] Level 1:colcon.colcon_core.package_identification:_identify(.) by extensions ['colcon_pkg']
[0.261s] Level 1:colcon.colcon_core.package_identification:_identify(.) by extension 'colcon_pkg'
[0.261s] Level 1:colcon.colcon_core.package_identification:_identify(.) by extensions ['colcon_meta']
[0.261s] Level 1:colcon.colcon_core.package_identification:_identify(.) by extension 'colcon_meta'
[0.261s] Level 1:colcon.colcon_core.package_identification:_identify(.) by extensions ['ros']
[0.262s] Level 1:colcon.colcon_core.package_identification:_identify(.) by extension 'ros'
[0.302s] Level 1:colcon.colcon_core.package_identification:_identify(.) by extensions ['cmake', 'python']
[0.302s] Level 1:colcon.colcon_core.package_identification:_identify(.) by extension 'cmake'
[0.302s] Level 1:colcon.colcon_core.package_identification:_identify(.) by extension 'python'
[0.302s] Level 1:colcon.colcon_core.package_identification:_identify(.) by extensions ['python_setup_py']
[0.302s] Level 1:colcon.colcon_core.package_identification:_identify(.) by extension 'python_setup_py'
[0.302s] Level 1:colcon.colcon_core.package_identification:_identify(build) by extensions ['ignore', 'ignore_ament_install']
[0.302s] Level 1:colcon.colcon_core.package_identification:_identify(build) by extension 'ignore'
[0.302s] Level 1:colcon.colcon_core.package_identification:_identify(build) ignored
[0.302s] Level 1:colcon.colcon_core.package_identification:_identify(install) by extensions ['ignore', 'ignore_ament_install']
[0.303s] Level 1:colcon.colcon_core.package_identification:_identify(install) by extension 'ignore'
[0.303s] Level 1:colcon.colcon_core.package_identification:_identify(install) ignored
[0.303s] Level 1:colcon.colcon_core.package_identification:_identify(log) by extensions ['ignore', 'ignore_ament_install']
[0.303s] Level 1:colcon.colcon_core.package_identification:_identify(log) by extension 'ignore'
[0.303s] Level 1:colcon.colcon_core.package_identification:_identify(log) ignored
[0.303s] Level 1:colcon.colcon_core.package_identification:_identify(src) by extensions ['ignore', 'ignore_ament_install']
[0.303s] Level 1:colcon.colcon_core.package_identification:_identify(src) by extension 'ignore'
[0.303s] Level 1:colcon.colcon_core.package_identification:_identify(src) by extension 'ignore_ament_install'
[0.303s] Level 1:colcon.colcon_core.package_identification:_identify(src) by extensions ['colcon_pkg']
[0.303s] Level 1:colcon.colcon_core.package_identification:_identify(src) by extension 'colcon_pkg'
[0.303s] Level 1:colcon.colcon_core.package_identification:_identify(src) by extensions ['colcon_meta']
[0.303s] Level 1:colcon.colcon_core.package_identification:_identify(src) by extension 'colcon_meta'
[0.303s] Level 1:colcon.colcon_core.package_identification:_identify(src) by extensions ['ros']
[0.303s] Level 1:colcon.colcon_core.package_identification:_identify(src) by extension 'ros'
[0.303s] Level 1:colcon.colcon_core.package_identification:_identify(src) by extensions ['cmake', 'python']
[0.303s] Level 1:colcon.colcon_core.package_identification:_identify(src) by extension 'cmake'
[0.304s] Level 1:colcon.colcon_core.package_identification:_identify(src) by extension 'python'
[0.304s] Level 1:colcon.colcon_core.package_identification:_identify(src) by extensions ['python_setup_py']
[0.304s] Level 1:colcon.colcon_core.package_identification:_identify(src) by extension 'python_setup_py'
[0.304s] Level 1:colcon.colcon_core.package_identification:_identify(src/motor_controller) by extensions ['ignore', 'ignore_ament_install']
[0.304s] Level 1:colcon.colcon_core.package_identification:_identify(src/motor_controller) by extension 'ignore'
[0.304s] Level 1:colcon.colcon_core.package_identification:_identify(src/motor_controller) by extension 'ignore_ament_install'
[0.304s] Level 1:colcon.colcon_core.package_identification:_identify(src/motor_controller) by extensions ['colcon_pkg']
[0.304s] Level 1:colcon.colcon_core.package_identification:_identify(src/motor_controller) by extension 'colcon_pkg'
[0.304s] Level 1:colcon.colcon_core.package_identification:_identify(src/motor_controller) by extensions ['colcon_meta']
[0.304s] Level 1:colcon.colcon_core.package_identification:_identify(src/motor_controller) by extension 'colcon_meta'
[0.304s] Level 1:colcon.colcon_core.package_identification:_identify(src/motor_controller) by extensions ['ros']
[0.304s] Level 1:colcon.colcon_core.package_identification:_identify(src/motor_controller) by extension 'ros'
[0.307s] DEBUG:colcon.colcon_core.package_identification:Package 'src/motor_controller' with type 'ros.ament_python' and name 'motor_controller'
[0.307s] Level 1:colcon.colcon_core.package_identification:_identify(src/ultrasonic_driver) by extensions ['ignore', 'ignore_ament_install']
[0.308s] Level 1:colcon.colcon_core.package_identification:_identify(src/ultrasonic_driver) by extension 'ignore'
[0.308s] Level 1:colcon.colcon_core.package_identification:_identify(src/ultrasonic_driver) by extension 'ignore_ament_install'
[0.308s] Level 1:colcon.colcon_core.package_identification:_identify(src/ultrasonic_driver) by extensions ['colcon_pkg']
[0.308s] Level 1:colcon.colcon_core.package_identification:_identify(src/ultrasonic_driver) by extension 'colcon_pkg'
[0.308s] Level 1:colcon.colcon_core.package_identification:_identify(src/ultrasonic_driver) by extensions ['colcon_meta']
[0.308s] Level 1:colcon.colcon_core.package_identification:_identify(src/ultrasonic_driver) by extension 'colcon_meta'
[0.308s] Level 1:colcon.colcon_core.package_identification:_identify(src/ultrasonic_driver) by extensions ['ros']
[0.308s] Level 1:colcon.colcon_core.package_identification:_identify(src/ultrasonic_driver) by extension 'ros'
[0.309s] DEBUG:colcon.colcon_core.package_identification:Package 'src/ultrasonic_driver' with type 'ros.ament_python' and name 'ultrasonic_driver'
[0.309s] Level 1:colcon.colcon_core.package_discovery:discover_packages(recursive) using defaults
[0.309s] Level 1:colcon.colcon_core.package_discovery:discover_packages(ignore) discover
[0.309s] Level 1:colcon.colcon_core.package_discovery:discover_packages(ignore) using defaults
[0.309s] Level 1:colcon.colcon_core.package_discovery:discover_packages(path) discover
[0.309s] Level 1:colcon.colcon_core.package_discovery:discover_packages(path) using defaults
[0.332s] Level 1:colcon.colcon_core.package_discovery:discover_packages(prefix_path) check parameters
[0.332s] Level 1:colcon.colcon_core.package_discovery:discover_packages(prefix_path) discover
[0.335s] DEBUG:colcon.colcon_installed_package_information.package_discovery:Found 2 installed packages in /home/roverto/rov/install
[0.337s] DEBUG:colcon.colcon_installed_package_information.package_discovery:Found 286 installed packages in /opt/ros/jazzy
[0.339s] Level 1:colcon.colcon_core.package_discovery:discover_packages(prefix_path) using defaults
[0.402s] Level 5:colcon.colcon_core.verb:set package 'motor_controller' build argument 'cmake_args' from command line to 'None'
[0.402s] Level 5:colcon.colcon_core.verb:set package 'motor_controller' build argument 'cmake_target' from command line to 'None'
[0.402s] Level 5:colcon.colcon_core.verb:set package 'motor_controller' build argument 'cmake_target_skip_unavailable' from command line to 'False'
[0.402s] Level 5:colcon.colcon_core.verb:set package 'motor_controller' build argument 'cmake_clean_cache' from command line to 'False'
[0.402s] Level 5:colcon.colcon_core.verb:set package 'motor_controller' build argument 'cmake_clean_first' from command line to 'False'
[0.402s] Level 5:colcon.colcon_core.verb:set package 'motor_controller' build argument 'cmake_force_configure' from command line to 'False'
[0.402s] Level 5:colcon.colcon_core.verb:set package 'motor_controller' build argument 'ament_cmake_args' from command line to 'None'
[0.402s] Level 5:colcon.colcon_core.verb:set package 'motor_controller' build argument 'catkin_cmake_args' from command line to 'None'
[0.402s] Level 5:colcon.colcon_core.verb:set package 'motor_controller' build argument 'catkin_skip_building_tests' from command line to 'False'
[0.402s] DEBUG:colcon.colcon_core.verb:Building package 'motor_controller' with the following arguments: {'ament_cmake_args': None, 'build_base': '/home/roverto/rov/build/motor_controller', 'catkin_cmake_args': None, 'catkin_skip_building_tests': False, 'cmake_args': None, 'cmake_clean_cache': False, 'cmake_clean_first': False, 'cmake_force_configure': False, 'cmake_target': None, 'cmake_target_skip_unavailable': False, 'install_base': '/home/roverto/rov/install/motor_controller', 'merge_install': False, 'path': '/home/roverto/rov/src/motor_controller', 'symlink_install': False, 'test_result_base': None}
[0.403s] Level 5:colcon.colcon_core.verb:set package 'ultrasonic_driver' build argument 'cmake_args' from command line to 'None'
[0.403s] Level 5:colcon.colcon_core.verb:set package 'ultrasonic_driver' build argument 'cmake_target' from command line to 'None'
[0.403s] Level 5:colcon.colcon_core.verb:set package 'ultrasonic_driver' build argument 'cmake_target_skip_unavailable' from command line to 'False'
[0.404s] Level 5:colcon.colcon_core.verb:set package 'ultrasonic_driver' build argument 'cmake_clean_cache' from command line to 'False'
[0.404s] Level 5:colcon.colcon_core.verb:set package 'ultrasonic_driver' build argument 'cmake_clean_first' from command line to 'False'
[0.404s] Level 5:colcon.colcon_core.verb:set package 'ultrasonic_driver' build argument 'cmake_force_configure' from command line to 'False'
[0.404s] Level 5:colcon.colcon_core.verb:set package 'ultrasonic_driver' build argument 'ament_cmake_args' from command line to 'None'
[0.404s] Level 5:colcon.colcon_core.verb:set package 'ultrasonic_driver' build argument 'catkin_cmake_args' from command line to 'None'
[0.404s] Level 5:colcon.colcon_core.verb:set package 'ultrasonic_driver' build argument 'catkin_skip_building_tests' from command line to 'False'
[0.404s] DEBUG:colcon.colcon_core.verb:Building package 'ultrasonic_driver' with the following arguments: {'ament_cmake_args': None, 'build_base': '/home/roverto/rov/build/ultrasonic_driver', 'catkin_cmake_args': None, 'catkin_skip_building_tests': False, 'cmake_args': None, 'cmake_clean_cache': False, 'cmake_clean_first': False, 'cmake_force_configure': False, 'cmake_target': None, 'cmake_target_skip_unavailable': False, 'install_base': '/home/roverto/rov/install/ultrasonic_driver', 'merge_install': False, 'path': '/home/roverto/rov/src/ultrasonic_driver', 'symlink_install': False, 'test_result_base': None}
[0.404s] INFO:colcon.colcon_core.executor:Executing jobs using 'parallel' executor
[0.407s] DEBUG:colcon.colcon_parallel_executor.executor.parallel:run_until_complete
[0.407s] INFO:colcon.colcon_ros.task.ament_python.build:Building ROS package in '/home/roverto/rov/src/motor_controller' with build type 'ament_python'
[0.408s] Level 1:colcon.colcon_core.shell:create_environment_hook('motor_controller', 'ament_prefix_path')
[0.412s] INFO:colcon.colcon_core.plugin_system:Skipping extension 'colcon_core.shell.bat': Not used on non-Windows systems
[0.413s] INFO:colcon.colcon_core.shell:Creating environment hook '/home/roverto/rov/install/motor_controller/share/motor_controller/hook/ament_prefix_path.ps1'
[0.414s] INFO:colcon.colcon_core.shell:Creating environment descriptor '/home/roverto/rov/install/motor_controller/share/motor_controller/hook/ament_prefix_path.dsv'
[0.415s] INFO:colcon.colcon_core.shell:Creating environment hook '/home/roverto/rov/install/motor_controller/share/motor_controller/hook/ament_prefix_path.sh'
[0.417s] INFO:colcon.colcon_core.shell:Skip shell extension 'powershell' for command environment: Not usable outside of PowerShell
[0.417s] DEBUG:colcon.colcon_core.shell:Skip shell extension 'dsv' for command environment
[0.424s] INFO:colcon.colcon_ros.task.ament_python.build:Building ROS package in '/home/roverto/rov/src/ultrasonic_driver' with build type 'ament_python'
[0.425s] Level 1:colcon.colcon_core.shell:create_environment_hook('ultrasonic_driver', 'ament_prefix_path')
[0.425s] INFO:colcon.colcon_core.shell:Creating environment hook '/home/roverto/rov/install/ultrasonic_driver/share/ultrasonic_driver/hook/ament_prefix_path.ps1'
[0.427s] INFO:colcon.colcon_core.shell:Creating environment descriptor '/home/roverto/rov/install/ultrasonic_driver/share/ultrasonic_driver/hook/ament_prefix_path.dsv'
[0.428s] INFO:colcon.colcon_core.shell:Creating environment hook '/home/roverto/rov/install/ultrasonic_driver/share/ultrasonic_driver/hook/ament_prefix_path.sh'
[0.429s] INFO:colcon.colcon_core.shell:Skip shell extension 'powershell' for command environment: Not usable outside of PowerShell
[0.430s] DEBUG:colcon.colcon_core.shell:Skip shell extension 'dsv' for command environment
[0.762s] INFO:colcon.colcon_core.task.python.build:Building Python package in '/home/roverto/rov/src/motor_controller'
[0.763s] INFO:colcon.colcon_core.shell:Skip shell extension 'powershell' for command environment: Not usable outside of PowerShell
[0.763s] DEBUG:colcon.colcon_core.shell:Skip shell extension 'dsv' for command environment
[1.155s] INFO:colcon.colcon_core.task.python.build:Building Python package in '/home/roverto/rov/src/ultrasonic_driver'
[1.156s] INFO:colcon.colcon_core.shell:Skip shell extension 'powershell' for command environment: Not usable outside of PowerShell
[1.156s] DEBUG:colcon.colcon_core.shell:Skip shell extension 'dsv' for command environment
[2.407s] DEBUG:colcon.colcon_core.event_handler.log_command:Invoking command in '/home/roverto/rov/src/motor_controller': DEBUGINFOD_URLS=https://debuginfod.ubuntu.com PYTHONPATH=/home/roverto/rov/build/motor_controller/prefix_override:/usr/lib/python3/dist-packages/colcon_core/task/python/colcon_distutils_commands:/home/roverto/rov/install/motor_controller/lib/python3.12/site-packages:${PYTHONPATH} /usr/bin/python3 -W ignore:setup.py install is deprecated -W ignore:easy_install command is deprecated setup.py egg_info --egg-base ../../build/motor_controller build --build-base /home/roverto/rov/build/motor_controller/build install --record /home/roverto/rov/build/motor_controller/install.log --single-version-externally-managed install_data
[2.419s] DEBUG:colcon.colcon_core.event_handler.log_command:Invoking command in '/home/roverto/rov/src/ultrasonic_driver': DEBUGINFOD_URLS=https://debuginfod.ubuntu.com PYTHONPATH=/home/roverto/rov/build/ultrasonic_driver/prefix_override:/usr/lib/python3/dist-packages/colcon_core/task/python/colcon_distutils_commands:/home/roverto/rov/install/ultrasonic_driver/lib/python3.12/site-packages:${PYTHONPATH} /usr/bin/python3 -W ignore:setup.py install is deprecated -W ignore:easy_install command is deprecated setup.py egg_info --egg-base ../../build/ultrasonic_driver build --build-base /home/roverto/rov/build/ultrasonic_driver/build install --record /home/roverto/rov/build/ultrasonic_driver/install.log --single-version-externally-managed install_data
[3.575s] DEBUG:colcon.colcon_core.event_handler.log_command:Invoked command in '/home/roverto/rov/src/ultrasonic_driver' returned '0': DEBUGINFOD_URLS=https://debuginfod.ubuntu.com PYTHONPATH=/home/roverto/rov/build/ultrasonic_driver/prefix_override:/usr/lib/python3/dist-packages/colcon_core/task/python/colcon_distutils_commands:/home/roverto/rov/install/ultrasonic_driver/lib/python3.12/site-packages:${PYTHONPATH} /usr/bin/python3 -W ignore:setup.py install is deprecated -W ignore:easy_install command is deprecated setup.py egg_info --egg-base ../../build/ultrasonic_driver build --build-base /home/roverto/rov/build/ultrasonic_driver/build install --record /home/roverto/rov/build/ultrasonic_driver/install.log --single-version-externally-managed install_data
[3.579s] Level 1:colcon.colcon_core.environment:checking '/home/roverto/rov/install/ultrasonic_driver' for CMake module files
[3.580s] Level 1:colcon.colcon_core.environment:checking '/home/roverto/rov/install/ultrasonic_driver' for CMake config files
[3.581s] Level 1:colcon.colcon_core.environment:checking '/home/roverto/rov/install/ultrasonic_driver/lib'
[3.582s] Level 1:colcon.colcon_core.environment:checking '/home/roverto/rov/install/ultrasonic_driver/bin'
[3.582s] Level 1:colcon.colcon_core.environment:checking '/home/roverto/rov/install/ultrasonic_driver/lib/pkgconfig/ultrasonic_driver.pc'
[3.582s] Level 1:colcon.colcon_core.environment:checking '/home/roverto/rov/install/ultrasonic_driver/lib/python3.12/site-packages'
[3.582s] Level 1:colcon.colcon_core.shell:create_environment_hook('ultrasonic_driver', 'pythonpath')
[3.583s] INFO:colcon.colcon_core.shell:Creating environment hook '/home/roverto/rov/install/ultrasonic_driver/share/ultrasonic_driver/hook/pythonpath.ps1'
[3.584s] INFO:colcon.colcon_core.shell:Creating environment descriptor '/home/roverto/rov/install/ultrasonic_driver/share/ultrasonic_driver/hook/pythonpath.dsv'
[3.585s] INFO:colcon.colcon_core.shell:Creating environment hook '/home/roverto/rov/install/ultrasonic_driver/share/ultrasonic_driver/hook/pythonpath.sh'
[3.586s] Level 1:colcon.colcon_core.environment:checking '/home/roverto/rov/install/ultrasonic_driver/bin'
[3.586s] Level 1:colcon.colcon_core.environment:create_environment_scripts_only(ultrasonic_driver)
[3.587s] INFO:colcon.colcon_core.shell:Creating package script '/home/roverto/rov/install/ultrasonic_driver/share/ultrasonic_driver/package.ps1'
[3.588s] INFO:colcon.colcon_core.shell:Creating package descriptor '/home/roverto/rov/install/ultrasonic_driver/share/ultrasonic_driver/package.dsv'
[3.588s] INFO:colcon.colcon_core.shell:Creating package script '/home/roverto/rov/install/ultrasonic_driver/share/ultrasonic_driver/package.sh'
[3.589s] INFO:colcon.colcon_core.shell:Creating package script '/home/roverto/rov/install/ultrasonic_driver/share/ultrasonic_driver/package.bash'
[3.590s] INFO:colcon.colcon_core.shell:Creating package script '/home/roverto/rov/install/ultrasonic_driver/share/ultrasonic_driver/package.zsh'
[3.591s] Level 1:colcon.colcon_core.environment:create_file_with_runtime_dependencies(/home/roverto/rov/install/ultrasonic_driver/share/colcon-core/packages/ultrasonic_driver)
[3.594s] Level 1:colcon.colcon_core.environment:checking '/home/roverto/rov/install/motor_controller' for CMake module files
[3.594s] DEBUG:colcon.colcon_core.event_handler.log_command:Invoked command in '/home/roverto/rov/src/motor_controller' returned '0': DEBUGINFOD_URLS=https://debuginfod.ubuntu.com PYTHONPATH=/home/roverto/rov/build/motor_controller/prefix_override:/usr/lib/python3/dist-packages/colcon_core/task/python/colcon_distutils_commands:/home/roverto/rov/install/motor_controller/lib/python3.12/site-packages:${PYTHONPATH} /usr/bin/python3 -W ignore:setup.py install is deprecated -W ignore:easy_install command is deprecated setup.py egg_info --egg-base ../../build/motor_controller build --build-base /home/roverto/rov/build/motor_controller/build install --record /home/roverto/rov/build/motor_controller/install.log --single-version-externally-managed install_data
[3.595s] Level 1:colcon.colcon_core.environment:checking '/home/roverto/rov/install/motor_controller' for CMake config files
[3.595s] Level 1:colcon.colcon_core.environment:checking '/home/roverto/rov/install/motor_controller/lib'
[3.595s] Level 1:colcon.colcon_core.environment:checking '/home/roverto/rov/install/motor_controller/bin'
[3.595s] Level 1:colcon.colcon_core.environment:checking '/home/roverto/rov/install/motor_controller/lib/pkgconfig/motor_controller.pc'
[3.596s] Level 1:colcon.colcon_core.environment:checking '/home/roverto/rov/install/motor_controller/lib/python3.12/site-packages'
[3.596s] Level 1:colcon.colcon_core.shell:create_environment_hook('motor_controller', 'pythonpath')
[3.596s] INFO:colcon.colcon_core.shell:Creating environment hook '/home/roverto/rov/install/motor_controller/share/motor_controller/hook/pythonpath.ps1'
[3.597s] INFO:colcon.colcon_core.shell:Creating environment descriptor '/home/roverto/rov/install/motor_controller/share/motor_controller/hook/pythonpath.dsv'
[3.598s] INFO:colcon.colcon_core.shell:Creating environment hook '/home/roverto/rov/install/motor_controller/share/motor_controller/hook/pythonpath.sh'
[3.600s] Level 1:colcon.colcon_core.environment:checking '/home/roverto/rov/install/motor_controller/bin'
[3.600s] Level 1:colcon.colcon_core.environment:create_environment_scripts_only(motor_controller)
[3.600s] INFO:colcon.colcon_core.shell:Creating package script '/home/roverto/rov/install/motor_controller/share/motor_controller/package.ps1'
[3.601s] INFO:colcon.colcon_core.shell:Creating package descriptor '/home/roverto/rov/install/motor_controller/share/motor_controller/package.dsv'
[3.602s] INFO:colcon.colcon_core.shell:Creating package script '/home/roverto/rov/install/motor_controller/share/motor_controller/package.sh'
[3.603s] INFO:colcon.colcon_core.shell:Creating package script '/home/roverto/rov/install/motor_controller/share/motor_controller/package.bash'
[3.605s] INFO:colcon.colcon_core.shell:Creating package script '/home/roverto/rov/install/motor_controller/share/motor_controller/package.zsh'
[3.606s] Level 1:colcon.colcon_core.environment:create_file_with_runtime_dependencies(/home/roverto/rov/install/motor_controller/share/colcon-core/packages/motor_controller)
[3.608s] DEBUG:colcon.colcon_parallel_executor.executor.parallel:closing loop
[3.609s] DEBUG:colcon.colcon_parallel_executor.executor.parallel:loop closed
[3.609s] DEBUG:colcon.colcon_parallel_executor.executor.parallel:run_until_complete finished with '0'
[3.609s] DEBUG:colcon.colcon_core.event_reactor:joining thread
[3.617s] INFO:colcon.colcon_core.plugin_system:Skipping extension 'colcon_notification.desktop_notification.terminal_notifier': Not used on non-Darwin systems
[3.618s] INFO:colcon.colcon_core.plugin_system:Skipping extension 'colcon_notification.desktop_notification.win32': Not used on non-Windows systems
[3.618s] INFO:colcon.colcon_notification.desktop_notification:Sending desktop notification using 'notify2'
[3.638s] DEBUG:colcon.colcon_core.event_reactor:joined thread
[3.638s] INFO:colcon.colcon_core.shell:Creating prefix script '/home/roverto/rov/install/local_setup.ps1'
[3.640s] INFO:colcon.colcon_core.shell:Creating prefix util module '/home/roverto/rov/install/_local_setup_util_ps1.py'
[3.642s] INFO:colcon.colcon_core.shell:Creating prefix chain script '/home/roverto/rov/install/setup.ps1'
[3.646s] INFO:colcon.colcon_core.shell:Creating prefix script '/home/roverto/rov/install/local_setup.sh'
[3.647s] INFO:colcon.colcon_core.shell:Creating prefix util module '/home/roverto/rov/install/_local_setup_util_sh.py'
[3.648s] INFO:colcon.colcon_core.shell:Creating prefix chain script '/home/roverto/rov/install/setup.sh'
[3.649s] INFO:colcon.colcon_core.shell:Creating prefix script '/home/roverto/rov/install/local_setup.bash'
[3.650s] INFO:colcon.colcon_core.shell:Creating prefix chain script '/home/roverto/rov/install/setup.bash'
[3.652s] INFO:colcon.colcon_core.shell:Creating prefix script '/home/roverto/rov/install/local_setup.zsh'
[3.653s] INFO:colcon.colcon_core.shell:Creating prefix chain script '/home/roverto/rov/install/setup.zsh'
