running egg_info
creating ../../build/ultrasonic_driver/ultrasonic_driver.egg-info
writing ../../build/ultrasonic_driver/ultrasonic_driver.egg-info/PKG-INFO
writing dependency_links to ../../build/ultrasonic_driver/ultrasonic_driver.egg-info/dependency_links.txt
writing requirements to ../../build/ultrasonic_driver/ultrasonic_driver.egg-info/requires.txt
writing top-level names to ../../build/ultrasonic_driver/ultrasonic_driver.egg-info/top_level.txt
writing manifest file '../../build/ultrasonic_driver/ultrasonic_driver.egg-info/SOURCES.txt'
reading manifest file '../../build/ultrasonic_driver/ultrasonic_driver.egg-info/SOURCES.txt'
writing manifest file '../../build/ultrasonic_driver/ultrasonic_driver.egg-info/SOURCES.txt'
running build
running build_py
creating /home/roverto/rov/build/ultrasonic_driver/build
creating /home/roverto/rov/build/ultrasonic_driver/build/lib
creating /home/roverto/rov/build/ultrasonic_driver/build/lib/ultrasonic_driver
copying ultrasonic_driver/__init__.py -> /home/roverto/rov/build/ultrasonic_driver/build/lib/ultrasonic_driver
running install
running install_lib
creating /home/roverto/rov/install/ultrasonic_driver/lib/python3.12/site-packages/ultrasonic_driver
copying /home/roverto/rov/build/ultrasonic_driver/build/lib/ultrasonic_driver/__init__.py -> /home/roverto/rov/install/ultrasonic_driver/lib/python3.12/site-packages/ultrasonic_driver
byte-compiling /home/roverto/rov/install/ultrasonic_driver/lib/python3.12/site-packages/ultrasonic_driver/__init__.py to __init__.cpython-312.pyc
running install_data
creating /home/roverto/rov/install/ultrasonic_driver/share/ament_index
creating /home/roverto/rov/install/ultrasonic_driver/share/ament_index/resource_index
creating /home/roverto/rov/install/ultrasonic_driver/share/ament_index/resource_index/packages
copying resource/ultrasonic_driver -> /home/roverto/rov/install/ultrasonic_driver/share/ament_index/resource_index/packages
copying package.xml -> /home/roverto/rov/install/ultrasonic_driver/share/ultrasonic_driver
running install_egg_info
Copying ../../build/ultrasonic_driver/ultrasonic_driver.egg-info to /home/roverto/rov/install/ultrasonic_driver/lib/python3.12/site-packages/ultrasonic_driver-0.0.0-py3.12.egg-info
running install_scripts
writing list of installed files to '/home/roverto/rov/build/ultrasonic_driver/install.log'
