[3.279s] Invoking command in '/home/roverto/rov/src/ultrasonic_driver': DEBUGINFOD_URLS=https://debuginfod.ubuntu.com PYTHONPATH=/home/roverto/rov/build/ultrasonic_driver/prefix_override:/usr/lib/python3/dist-packages/colcon_core/task/python/colcon_distutils_commands:/home/roverto/rov/install/ultrasonic_driver/lib/python3.12/site-packages:${PYTHONPATH} /usr/bin/python3 -W ignore:setup.py install is deprecated -W ignore:easy_install command is deprecated setup.py egg_info --egg-base ../../build/ultrasonic_driver build --build-base /home/roverto/rov/build/ultrasonic_driver/build install --record /home/roverto/rov/build/ultrasonic_driver/install.log --single-version-externally-managed install_data
[4.007s] running egg_info
[4.007s] creating ../../build/ultrasonic_driver/ultrasonic_driver.egg-info
[4.054s] writing ../../build/ultrasonic_driver/ultrasonic_driver.egg-info/PKG-INFO
[4.055s] writing dependency_links to ../../build/ultrasonic_driver/ultrasonic_driver.egg-info/dependency_links.txt
[4.056s] writing requirements to ../../build/ultrasonic_driver/ultrasonic_driver.egg-info/requires.txt
[4.059s] writing top-level names to ../../build/ultrasonic_driver/ultrasonic_driver.egg-info/top_level.txt
[4.059s] writing manifest file '../../build/ultrasonic_driver/ultrasonic_driver.egg-info/SOURCES.txt'
[4.151s] reading manifest file '../../build/ultrasonic_driver/ultrasonic_driver.egg-info/SOURCES.txt'
[4.152s] writing manifest file '../../build/ultrasonic_driver/ultrasonic_driver.egg-info/SOURCES.txt'
[4.153s] running build
[4.153s] running build_py
[4.153s] creating /home/roverto/rov/build/ultrasonic_driver/build
[4.154s] creating /home/roverto/rov/build/ultrasonic_driver/build/lib
[4.154s] creating /home/roverto/rov/build/ultrasonic_driver/build/lib/ultrasonic_driver
[4.154s] copying ultrasonic_driver/__init__.py -> /home/roverto/rov/build/ultrasonic_driver/build/lib/ultrasonic_driver
[4.155s] running install
[4.171s] running install_lib
[4.216s] creating /home/roverto/rov/install/ultrasonic_driver/lib/python3.12/site-packages/ultrasonic_driver
[4.217s] copying /home/roverto/rov/build/ultrasonic_driver/build/lib/ultrasonic_driver/__init__.py -> /home/roverto/rov/install/ultrasonic_driver/lib/python3.12/site-packages/ultrasonic_driver
[4.218s] byte-compiling /home/roverto/rov/install/ultrasonic_driver/lib/python3.12/site-packages/ultrasonic_driver/__init__.py to __init__.cpython-312.pyc
[4.219s] running install_data
[4.219s] creating /home/roverto/rov/install/ultrasonic_driver/share/ament_index
[4.219s] creating /home/roverto/rov/install/ultrasonic_driver/share/ament_index/resource_index
[4.219s] creating /home/roverto/rov/install/ultrasonic_driver/share/ament_index/resource_index/packages
[4.221s] copying resource/ultrasonic_driver -> /home/roverto/rov/install/ultrasonic_driver/share/ament_index/resource_index/packages
[4.221s] copying package.xml -> /home/roverto/rov/install/ultrasonic_driver/share/ultrasonic_driver
[4.221s] running install_egg_info
[4.275s] Copying ../../build/ultrasonic_driver/ultrasonic_driver.egg-info to /home/roverto/rov/install/ultrasonic_driver/lib/python3.12/site-packages/ultrasonic_driver-0.0.0-py3.12.egg-info
[4.277s] running install_scripts
[4.625s] writing list of installed files to '/home/roverto/rov/build/ultrasonic_driver/install.log'
[4.859s] Invoked command in '/home/roverto/rov/src/ultrasonic_driver' returned '0': DEBUGINFOD_URLS=https://debuginfod.ubuntu.com PYTHONPATH=/home/roverto/rov/build/ultrasonic_driver/prefix_override:/usr/lib/python3/dist-packages/colcon_core/task/python/colcon_distutils_commands:/home/roverto/rov/install/ultrasonic_driver/lib/python3.12/site-packages:${PYTHONPATH} /usr/bin/python3 -W ignore:setup.py install is deprecated -W ignore:easy_install command is deprecated setup.py egg_info --egg-base ../../build/ultrasonic_driver build --build-base /home/roverto/rov/build/ultrasonic_driver/build install --record /home/roverto/rov/build/ultrasonic_driver/install.log --single-version-externally-managed install_data
