[0.030s] Invoking command in '/home/roverto/ros2_ws/src/build/orbslam3': CMAKE_PREFIX_PATH=${CMAKE_PREFIX_PATH}:/home/roverto/image_publisher/install/opencv_tools:/home/roverto/ros2_ws/install/rovultrasonic:/home/roverto/ros2_ws/install/pi_camera:/home/roverto/ros2_ws/install/motor_controller:/home/roverto/ros2_ws/install/custom_image_utils:/home/roverto/ros2_ws/install/custom_camera_publisher:/opt/ros/jazzy DEBUGINFOD_URLS=https://debuginfod.ubuntu.com /usr/bin/cmake /home/roverto/ros2_ws/src/ORB_SLAM3_ROS2 -DCMAKE_BUILD_TYPE=Release -DCMAKE_CXX_FLAGS=-DEIGEN_DONT_VECTORIZE -DEIGEN_DISABLE_UNALIGNED_ARRAY_ASSERT -DAMENT_CMAKE_SYMLINK_INSTALL=1 -DCMAKE_INSTALL_PREFIX=/home/roverto/ros2_ws/src/install/orbslam3
[0.573s] -- The C compiler identification is GNU 13.3.0
[0.944s] -- The CXX compiler identification is GNU 13.3.0
[0.982s] -- Detecting C compiler ABI info
[1.182s] -- Detecting C compiler ABI info - done
[1.197s] -- Check for working C compiler: /usr/bin/cc - skipped
[1.198s] -- Detecting C compile features
[1.199s] -- Detecting C compile features - done
[1.220s] -- Detecting CXX compiler ABI info
[1.410s] -- Detecting CXX compiler ABI info - done
[1.425s] -- Check for working CXX compiler: /usr/bin/c++ - skipped
[1.426s] -- Detecting CXX compile features
[1.426s] -- Detecting CXX compile features - done
[1.435s] -- Found ament_cmake: 2.5.5 (/opt/ros/jazzy/share/ament_cmake/cmake)
[1.692s] -- Found Python3: /usr/bin/python3 (found version "3.12.3") found components: Interpreter 
[1.843s] -- Override CMake install command with custom implementation using symlinks instead of copying resources
[1.930s] -- Found rclcpp: 28.1.16 (/opt/ros/jazzy/share/rclcpp/cmake)
[2.024s] -- Found rosidl_generator_c: 4.6.7 (/opt/ros/jazzy/share/rosidl_generator_c/cmake)
[2.053s] -- Found rosidl_generator_cpp: 4.6.7 (/opt/ros/jazzy/share/rosidl_generator_cpp/cmake)
[2.091s] -- Using all available rosidl_typesupport_c: rosidl_typesupport_fastrtps_c;rosidl_typesupport_introspection_c
[2.136s] -- Using all available rosidl_typesupport_cpp: rosidl_typesupport_fastrtps_cpp;rosidl_typesupport_introspection_cpp
[2.295s] -- Found rmw_implementation_cmake: 7.3.3 (/opt/ros/jazzy/share/rmw_implementation_cmake/cmake)
[2.303s] -- Found rmw_fastrtps_cpp: 8.4.3 (/opt/ros/jazzy/share/rmw_fastrtps_cpp/cmake)
[2.491s] -- Found OpenSSL: /usr/lib/aarch64-linux-gnu/libcrypto.so (found version "3.0.13")  
[2.562s] -- Found FastRTPS: /opt/ros/jazzy/include (Required is at least version "2.13") 
[2.598s] -- Using RMW implementation 'rmw_fastrtps_cpp' as default
[2.747s] -- Found sensor_msgs: 5.3.6 (/opt/ros/jazzy/share/sensor_msgs/cmake)
[2.867s] -- Found cv_bridge: 4.1.0 (/opt/ros/jazzy/share/cv_bridge/cmake)
[2.895s] -- Found message_filters: 4.11.9 (/opt/ros/jazzy/share/message_filters/cmake)
[2.978s] -- Found OpenCV: /usr (found version "4.6.0") 
[3.001s] -- Performing Test CMAKE_HAVE_LIBC_PTHREAD
[3.213s] -- Performing Test CMAKE_HAVE_LIBC_PTHREAD - Success
[3.215s] -- Found Threads: TRUE  
[3.232s] -- Found OpenGL: /usr/lib/aarch64-linux-gnu/libOpenGL.so  found components: OpenGL 
[3.409s] -- Configuring done (3.3s)
[3.448s] -- Generating done (0.0s)
[3.455s] -- Build files have been written to: /home/roverto/ros2_ws/src/build/orbslam3
[3.476s] Invoked command in '/home/roverto/ros2_ws/src/build/orbslam3' returned '0': CMAKE_PREFIX_PATH=${CMAKE_PREFIX_PATH}:/home/roverto/image_publisher/install/opencv_tools:/home/roverto/ros2_ws/install/rovultrasonic:/home/roverto/ros2_ws/install/pi_camera:/home/roverto/ros2_ws/install/motor_controller:/home/roverto/ros2_ws/install/custom_image_utils:/home/roverto/ros2_ws/install/custom_camera_publisher:/opt/ros/jazzy DEBUGINFOD_URLS=https://debuginfod.ubuntu.com /usr/bin/cmake /home/roverto/ros2_ws/src/ORB_SLAM3_ROS2 -DCMAKE_BUILD_TYPE=Release -DCMAKE_CXX_FLAGS=-DEIGEN_DONT_VECTORIZE -DEIGEN_DISABLE_UNALIGNED_ARRAY_ASSERT -DAMENT_CMAKE_SYMLINK_INSTALL=1 -DCMAKE_INSTALL_PREFIX=/home/roverto/ros2_ws/src/install/orbslam3
[3.478s] Invoking command in '/home/roverto/ros2_ws/src/build/orbslam3': CMAKE_PREFIX_PATH=${CMAKE_PREFIX_PATH}:/home/roverto/image_publisher/install/opencv_tools:/home/roverto/ros2_ws/install/rovultrasonic:/home/roverto/ros2_ws/install/pi_camera:/home/roverto/ros2_ws/install/motor_controller:/home/roverto/ros2_ws/install/custom_image_utils:/home/roverto/ros2_ws/install/custom_camera_publisher:/opt/ros/jazzy DEBUGINFOD_URLS=https://debuginfod.ubuntu.com /usr/bin/cmake --build /home/roverto/ros2_ws/src/build/orbslam3 -- -j4 -l4
[3.575s] [ 66%] [32mBuilding CXX object CMakeFiles/mono.dir/src/monocular/monocular-slam-node.cpp.o[0m
[3.575s] [ 66%] [32mBuilding CXX object CMakeFiles/mono.dir/src/monocular/mono.cpp.o[0m
[4.348s] In file included from [01m[K/home/roverto/ros2_ws/src/ORB_SLAM3_ROS2/src/monocular/mono.cpp:7[m[K:
[4.349s] [01m[K/home/roverto/ros2_ws/src/ORB_SLAM3_ROS2/src/monocular/monocular-slam-node.hpp:7:10:[m[K [01;31m[Kfatal error: [m[Kcv_bridge/cv_bridge.h: No such file or directory
[4.349s]     7 | #include [01;31m[K<cv_bridge/cv_bridge.h>[m[K
[4.349s]       |          [01;31m[K^~~~~~~~~~~~~~~~~~~~~~~[m[K
[4.349s] compilation terminated.
[4.349s] In file included from [01m[K/home/roverto/ros2_ws/src/ORB_SLAM3_ROS2/src/monocular/monocular-slam-node.cpp:1[m[K:
[4.349s] [01m[K/home/roverto/ros2_ws/src/ORB_SLAM3_ROS2/src/monocular/monocular-slam-node.hpp:7:10:[m[K [01;31m[Kfatal error: [m[Kcv_bridge/cv_bridge.h: No such file or directory
[4.349s]     7 | #include [01;31m[K<cv_bridge/cv_bridge.h>[m[K
[4.349s]       |          [01;31m[K^~~~~~~~~~~~~~~~~~~~~~~[m[K
[4.349s] compilation terminated.
[4.356s] gmake[2]: *** [CMakeFiles/mono.dir/build.make:90: CMakeFiles/mono.dir/src/monocular/monocular-slam-node.cpp.o] Error 1
[4.356s] gmake[2]: *** Waiting for unfinished jobs....
[4.357s] gmake[2]: *** [CMakeFiles/mono.dir/build.make:76: CMakeFiles/mono.dir/src/monocular/mono.cpp.o] Error 1
[4.357s] gmake[1]: *** [CMakeFiles/Makefile2:137: CMakeFiles/mono.dir/all] Error 2
[4.358s] gmake: *** [Makefile:146: all] Error 2
[4.362s] Invoked command in '/home/roverto/ros2_ws/src/build/orbslam3' returned '2': CMAKE_PREFIX_PATH=${CMAKE_PREFIX_PATH}:/home/roverto/image_publisher/install/opencv_tools:/home/roverto/ros2_ws/install/rovultrasonic:/home/roverto/ros2_ws/install/pi_camera:/home/roverto/ros2_ws/install/motor_controller:/home/roverto/ros2_ws/install/custom_image_utils:/home/roverto/ros2_ws/install/custom_camera_publisher:/opt/ros/jazzy DEBUGINFOD_URLS=https://debuginfod.ubuntu.com /usr/bin/cmake --build /home/roverto/ros2_ws/src/build/orbslam3 -- -j4 -l4
