running egg_info
writing ../../build/rovultrasonic/rovultrasonic.egg-info/PKG-INFO
writing dependency_links to ../../build/rovultrasonic/rovultrasonic.egg-info/dependency_links.txt
writing entry points to ../../build/rovultrasonic/rovultrasonic.egg-info/entry_points.txt
writing requirements to ../../build/rovultrasonic/rovultrasonic.egg-info/requires.txt
writing top-level names to ../../build/rovultrasonic/rovultrasonic.egg-info/top_level.txt
reading manifest file '../../build/rovultrasonic/rovultrasonic.egg-info/SOURCES.txt'
writing manifest file '../../build/rovultrasonic/rovultrasonic.egg-info/SOURCES.txt'
running build
running build_py
copying rovultrasonic/publishd1.py -> /home/roverto/rov/build/rovultrasonic/build/lib/rovultrasonic
running install
running install_lib
copying /home/roverto/rov/build/rovultrasonic/build/lib/rovultrasonic/publishd1.py -> /home/roverto/rov/install/rovultrasonic/lib/python3.12/site-packages/rovultrasonic
byte-compiling /home/roverto/rov/install/rovultrasonic/lib/python3.12/site-packages/rovultrasonic/publishd1.py to publishd1.cpython-312.pyc
running install_data
running install_egg_info
removing '/home/roverto/rov/install/rovultrasonic/lib/python3.12/site-packages/rovultrasonic-0.0.0-py3.12.egg-info' (and everything under it)
Copying ../../build/rovultrasonic/rovultrasonic.egg-info to /home/roverto/rov/install/rovultrasonic/lib/python3.12/site-packages/rovultrasonic-0.0.0-py3.12.egg-info
running install_scripts
Installing distance1 script to /home/roverto/rov/install/rovultrasonic/lib/rovultrasonic
writing list of installed files to '/home/roverto/rov/build/rovultrasonic/install.log'
