[1.762s] Invoking command in '/home/roverto/ros2_ws/src/motor_controller': DEBUGINFOD_URLS=https://debuginfod.ubuntu.com PYTHONPATH=/home/roverto/ros2_ws/build/motor_controller/prefix_override:/usr/lib/python3/dist-packages/colcon_core/task/python/colcon_distutils_commands:/home/roverto/ros2_ws/install/motor_controller/lib/python3.12/site-packages:${PYTHONPATH} /usr/bin/python3 -W ignore:setup.py install is deprecated -W ignore:easy_install command is deprecated setup.py egg_info --egg-base ../../build/motor_controller build --build-base /home/roverto/ros2_ws/build/motor_controller/build install --record /home/roverto/ros2_ws/build/motor_controller/install.log --single-version-externally-managed install_data
[2.179s] running egg_info
[2.207s] writing ../../build/motor_controller/motor_controller.egg-info/PKG-INFO
[2.208s] writing dependency_links to ../../build/motor_controller/motor_controller.egg-info/dependency_links.txt
[2.210s] writing entry points to ../../build/motor_controller/motor_controller.egg-info/entry_points.txt
[2.210s] writing requirements to ../../build/motor_controller/motor_controller.egg-info/requires.txt
[2.211s] writing top-level names to ../../build/motor_controller/motor_controller.egg-info/top_level.txt
[2.269s] reading manifest file '../../build/motor_controller/motor_controller.egg-info/SOURCES.txt'
[2.270s] writing manifest file '../../build/motor_controller/motor_controller.egg-info/SOURCES.txt'
[2.271s] running build
[2.271s] running build_py
[2.271s] running install
[2.282s] running install_lib
[2.311s] running install_data
[2.312s] running install_egg_info
[2.342s] removing '/home/roverto/ros2_ws/install/motor_controller/lib/python3.12/site-packages/motor_controller-0.0.0-py3.12.egg-info' (and everything under it)
[2.344s] Copying ../../build/motor_controller/motor_controller.egg-info to /home/roverto/ros2_ws/install/motor_controller/lib/python3.12/site-packages/motor_controller-0.0.0-py3.12.egg-info
[2.344s] running install_scripts
[2.547s] Installing motor_controller_node script to /home/roverto/ros2_ws/install/motor_controller/lib/motor_controller
[2.547s] Installing motors_forward script to /home/roverto/ros2_ws/install/motor_controller/lib/motor_controller
[2.549s] writing list of installed files to '/home/roverto/ros2_ws/build/motor_controller/install.log'
[2.708s] Invoked command in '/home/roverto/ros2_ws/src/motor_controller' returned '0': DEBUGINFOD_URLS=https://debuginfod.ubuntu.com PYTHONPATH=/home/roverto/ros2_ws/build/motor_controller/prefix_override:/usr/lib/python3/dist-packages/colcon_core/task/python/colcon_distutils_commands:/home/roverto/ros2_ws/install/motor_controller/lib/python3.12/site-packages:${PYTHONPATH} /usr/bin/python3 -W ignore:setup.py install is deprecated -W ignore:easy_install command is deprecated setup.py egg_info --egg-base ../../build/motor_controller build --build-base /home/roverto/ros2_ws/build/motor_controller/build install --record /home/roverto/ros2_ws/build/motor_controller/install.log --single-version-externally-managed install_data
