[2.017s] Invoking command in '/home/roverto/rov/src/motor_controller': DEBUGINFOD_URLS=https://debuginfod.ubuntu.com PYTHONPATH=/home/roverto/rov/build/motor_controller/prefix_override:/usr/lib/python3/dist-packages/colcon_core/task/python/colcon_distutils_commands:/home/roverto/rov/install/motor_controller/lib/python3.12/site-packages:${PYTHONPATH} /usr/bin/python3 -W ignore:setup.py install is deprecated -W ignore:easy_install command is deprecated setup.py egg_info --egg-base ../../build/motor_controller build --build-base /home/roverto/rov/build/motor_controller/build install --record /home/roverto/rov/build/motor_controller/install.log --single-version-externally-managed install_data
[2.402s] running egg_info
[2.429s] writing ../../build/motor_controller/motor_controller.egg-info/PKG-INFO
[2.431s] writing dependency_links to ../../build/motor_controller/motor_controller.egg-info/dependency_links.txt
[2.432s] writing entry points to ../../build/motor_controller/motor_controller.egg-info/entry_points.txt
[2.433s] writing requirements to ../../build/motor_controller/motor_controller.egg-info/requires.txt
[2.434s] writing top-level names to ../../build/motor_controller/motor_controller.egg-info/top_level.txt
[2.489s] reading manifest file '../../build/motor_controller/motor_controller.egg-info/SOURCES.txt'
[2.490s] writing manifest file '../../build/motor_controller/motor_controller.egg-info/SOURCES.txt'
[2.491s] running build
[2.491s] running build_py
[2.491s] running install
[2.501s] running install_lib
[2.528s] running install_data
[2.528s] running install_egg_info
[2.559s] removing '/home/roverto/rov/install/motor_controller/lib/python3.12/site-packages/motor_controller-0.0.0-py3.12.egg-info' (and everything under it)
[2.559s] Copying ../../build/motor_controller/motor_controller.egg-info to /home/roverto/rov/install/motor_controller/lib/python3.12/site-packages/motor_controller-0.0.0-py3.12.egg-info
[2.559s] running install_scripts
[2.751s] Installing motor_controller_node script to /home/roverto/rov/install/motor_controller/lib/motor_controller
[2.751s] Installing motors_forward script to /home/roverto/rov/install/motor_controller/lib/motor_controller
[2.754s] writing list of installed files to '/home/roverto/rov/build/motor_controller/install.log'
[2.886s] Invoked command in '/home/roverto/rov/src/motor_controller' returned '0': DEBUGINFOD_URLS=https://debuginfod.ubuntu.com PYTHONPATH=/home/roverto/rov/build/motor_controller/prefix_override:/usr/lib/python3/dist-packages/colcon_core/task/python/colcon_distutils_commands:/home/roverto/rov/install/motor_controller/lib/python3.12/site-packages:${PYTHONPATH} /usr/bin/python3 -W ignore:setup.py install is deprecated -W ignore:easy_install command is deprecated setup.py egg_info --egg-base ../../build/motor_controller build --build-base /home/roverto/rov/build/motor_controller/build install --record /home/roverto/rov/build/motor_controller/install.log --single-version-externally-managed install_data
