[1.404s] Invoking command in '/home/roverto/ros2_ws/src/motor_controller': DEBUGINFOD_URLS=https://debuginfod.ubuntu.com PYTHONPATH=/home/roverto/ros2_ws/build/motor_controller/prefix_override:/usr/lib/python3/dist-packages/colcon_core/task/python/colcon_distutils_commands:/home/roverto/ros2_ws/install/motor_controller/lib/python3.12/site-packages:${PYTHONPATH} /usr/bin/python3 -W ignore:setup.py install is deprecated -W ignore:easy_install command is deprecated setup.py egg_info --egg-base ../../build/motor_controller build --build-base /home/roverto/ros2_ws/build/motor_controller/build install --record /home/roverto/ros2_ws/build/motor_controller/install.log --single-version-externally-managed install_data
[1.813s] running egg_info
[1.845s] writing ../../build/motor_controller/motor_controller.egg-info/PKG-INFO
[1.845s] writing dependency_links to ../../build/motor_controller/motor_controller.egg-info/dependency_links.txt
[1.847s] writing entry points to ../../build/motor_controller/motor_controller.egg-info/entry_points.txt
[1.848s] writing requirements to ../../build/motor_controller/motor_controller.egg-info/requires.txt
[1.850s] writing top-level names to ../../build/motor_controller/motor_controller.egg-info/top_level.txt
[1.912s] reading manifest file '../../build/motor_controller/motor_controller.egg-info/SOURCES.txt'
[1.913s] writing manifest file '../../build/motor_controller/motor_controller.egg-info/SOURCES.txt'
[1.914s] running build
[1.914s] running build_py
[1.914s] copying motor_controller/motor_controller_node.py -> /home/roverto/ros2_ws/build/motor_controller/build/lib/motor_controller
[1.914s] running install
[1.925s] running install_lib
[1.954s] copying /home/roverto/ros2_ws/build/motor_controller/build/lib/motor_controller/motor_controller_node.py -> /home/roverto/ros2_ws/install/motor_controller/lib/python3.12/site-packages/motor_controller
[1.955s] byte-compiling /home/roverto/ros2_ws/install/motor_controller/lib/python3.12/site-packages/motor_controller/motor_controller_node.py to motor_controller_node.cpython-312.pyc
[1.957s] running install_data
[1.958s] running install_egg_info
[1.991s] removing '/home/roverto/ros2_ws/install/motor_controller/lib/python3.12/site-packages/motor_controller-0.0.0-py3.12.egg-info' (and everything under it)
[1.992s] Copying ../../build/motor_controller/motor_controller.egg-info to /home/roverto/ros2_ws/install/motor_controller/lib/python3.12/site-packages/motor_controller-0.0.0-py3.12.egg-info
[1.993s] running install_scripts
[2.179s] Installing motor_controller_node script to /home/roverto/ros2_ws/install/motor_controller/lib/motor_controller
[2.179s] Installing motors_forward script to /home/roverto/ros2_ws/install/motor_controller/lib/motor_controller
[2.180s] writing list of installed files to '/home/roverto/ros2_ws/build/motor_controller/install.log'
[2.289s] Invoked command in '/home/roverto/ros2_ws/src/motor_controller' returned '0': DEBUGINFOD_URLS=https://debuginfod.ubuntu.com PYTHONPATH=/home/roverto/ros2_ws/build/motor_controller/prefix_override:/usr/lib/python3/dist-packages/colcon_core/task/python/colcon_distutils_commands:/home/roverto/ros2_ws/install/motor_controller/lib/python3.12/site-packages:${PYTHONPATH} /usr/bin/python3 -W ignore:setup.py install is deprecated -W ignore:easy_install command is deprecated setup.py egg_info --egg-base ../../build/motor_controller build --build-base /home/roverto/ros2_ws/build/motor_controller/build install --record /home/roverto/ros2_ws/build/motor_controller/install.log --single-version-externally-managed install_data
