running egg_info
writing ../../build/RovControl/RovControl.egg-info/PKG-INFO
writing dependency_links to ../../build/RovControl/RovControl.egg-info/dependency_links.txt
writing entry points to ../../build/RovControl/RovControl.egg-info/entry_points.txt
writing requirements to ../../build/RovControl/RovControl.egg-info/requires.txt
writing top-level names to ../../build/RovControl/RovControl.egg-info/top_level.txt
reading manifest file '../../build/RovControl/RovControl.egg-info/SOURCES.txt'
writing manifest file '../../build/RovControl/RovControl.egg-info/SOURCES.txt'
running build
running build_py
running install
running install_lib
running install_data
running install_egg_info
removing '/home/roverto/ros2_ws/install/RovControl/lib/python3.12/site-packages/RovControl-0.0.0-py3.12.egg-info' (and everything under it)
Copying ../../build/RovControl/RovControl.egg-info to /home/roverto/ros2_ws/install/RovControl/lib/python3.12/site-packages/RovControl-0.0.0-py3.12.egg-info
running install_scripts
Installing rovnav script to /home/roverto/ros2_ws/install/RovControl/lib/RovControl
Installing uonly script to /home/roverto/ros2_ws/install/RovControl/lib/RovControl
writing list of installed files to '/home/roverto/ros2_ws/build/RovControl/install.log'
