[2.210s] Invoking command in '/home/roverto/rov/src/motor_controller': DEBUGINFOD_URLS=https://debuginfod.ubuntu.com PYTHONPATH=/home/roverto/rov/build/motor_controller/prefix_override:/usr/lib/python3/dist-packages/colcon_core/task/python/colcon_distutils_commands:/home/roverto/rov/install/motor_controller/lib/python3.12/site-packages:${PYTHONPATH} /usr/bin/python3 -W ignore:setup.py install is deprecated -W ignore:easy_install command is deprecated setup.py egg_info --egg-base ../../build/motor_controller build --build-base /home/roverto/rov/build/motor_controller/build install --record /home/roverto/rov/build/motor_controller/install.log --single-version-externally-managed install_data
[2.651s] running egg_info
[2.677s] writing ../../build/motor_controller/motor_controller.egg-info/PKG-INFO
[2.678s] writing dependency_links to ../../build/motor_controller/motor_controller.egg-info/dependency_links.txt
[2.680s] writing entry points to ../../build/motor_controller/motor_controller.egg-info/entry_points.txt
[2.682s] writing requirements to ../../build/motor_controller/motor_controller.egg-info/requires.txt
[2.686s] writing top-level names to ../../build/motor_controller/motor_controller.egg-info/top_level.txt
[2.743s] reading manifest file '../../build/motor_controller/motor_controller.egg-info/SOURCES.txt'
[2.745s] writing manifest file '../../build/motor_controller/motor_controller.egg-info/SOURCES.txt'
[2.745s] running build
[2.745s] running build_py
[2.747s] copying motor_controller/motor_controller_node.py -> /home/roverto/rov/build/motor_controller/build/lib/motor_controller
[2.748s] running install
[2.762s] running install_lib
[2.789s] copying /home/roverto/rov/build/motor_controller/build/lib/motor_controller/motor_controller_node.py -> /home/roverto/rov/install/motor_controller/lib/python3.12/site-packages/motor_controller
[2.790s] byte-compiling /home/roverto/rov/install/motor_controller/lib/python3.12/site-packages/motor_controller/motor_controller_node.py to motor_controller_node.cpython-312.pyc
[2.791s] running install_data
[2.792s] running install_egg_info
[2.820s] removing '/home/roverto/rov/install/motor_controller/lib/python3.12/site-packages/motor_controller-0.0.0-py3.12.egg-info' (and everything under it)
[2.821s] Copying ../../build/motor_controller/motor_controller.egg-info to /home/roverto/rov/install/motor_controller/lib/python3.12/site-packages/motor_controller-0.0.0-py3.12.egg-info
[2.822s] running install_scripts
[3.071s] Installing motor_controller_node script to /home/roverto/rov/install/motor_controller/lib/motor_controller
[3.071s] Installing motors_forward script to /home/roverto/rov/install/motor_controller/lib/motor_controller
[3.074s] writing list of installed files to '/home/roverto/rov/build/motor_controller/install.log'
[3.241s] Invoked command in '/home/roverto/rov/src/motor_controller' returned '0': DEBUGINFOD_URLS=https://debuginfod.ubuntu.com PYTHONPATH=/home/roverto/rov/build/motor_controller/prefix_override:/usr/lib/python3/dist-packages/colcon_core/task/python/colcon_distutils_commands:/home/roverto/rov/install/motor_controller/lib/python3.12/site-packages:${PYTHONPATH} /usr/bin/python3 -W ignore:setup.py install is deprecated -W ignore:easy_install command is deprecated setup.py egg_info --egg-base ../../build/motor_controller build --build-base /home/roverto/rov/build/motor_controller/build install --record /home/roverto/rov/build/motor_controller/install.log --single-version-externally-managed install_data
