[0.020s] Invoking command in '/home/roverto/ros2_ws/build/orbslam3': CMAKE_PREFIX_PATH=${CMAKE_PREFIX_PATH}:/home/roverto/image_publisher/install/opencv_tools:/opt/ros/jazzy DEBUGINFOD_URLS=https://debuginfod.ubuntu.com /usr/bin/cmake /home/roverto/ros2_ws/src/ORB_SLAM3_ROS2 -DAMENT_CMAKE_SYMLINK_INSTALL=1 -DCMAKE_INSTALL_PREFIX=/home/roverto/ros2_ws/install/orbslam3
[0.127s] -- The C compiler identification is GNU 13.3.0
[0.230s] -- The CXX compiler identification is GNU 13.3.0
[0.260s] -- Detecting C compiler ABI info
[0.429s] -- Detecting C compiler ABI info - done
[0.444s] -- Check for working C compiler: /usr/bin/cc - skipped
[0.444s] -- Detecting C compile features
[0.445s] -- Detecting C compile features - done
[0.459s] -- Detecting CXX compiler ABI info
[0.643s] -- Detecting CXX compiler ABI info - done
[0.659s] -- Check for working CXX compiler: /usr/bin/c++ - skipped
[0.659s] -- Detecting CXX compile features
[0.660s] -- Detecting CXX compile features - done
[0.663s] -- Found ament_cmake: 2.5.5 (/opt/ros/jazzy/share/ament_cmake/cmake)
[0.935s] -- Found Python3: /usr/bin/python3 (found version "3.12.3") found components: Interpreter 
[1.069s] -- Override CMake install command with custom implementation using symlinks instead of copying resources
[1.116s] -- Found rclcpp: 28.1.16 (/opt/ros/jazzy/share/rclcpp/cmake)
[1.170s] -- Found rosidl_generator_c: 4.6.7 (/opt/ros/jazzy/share/rosidl_generator_c/cmake)
[1.189s] -- Found rosidl_generator_cpp: 4.6.7 (/opt/ros/jazzy/share/rosidl_generator_cpp/cmake)
[1.215s] -- Using all available rosidl_typesupport_c: rosidl_typesupport_fastrtps_c;rosidl_typesupport_introspection_c
[1.241s] -- Using all available rosidl_typesupport_cpp: rosidl_typesupport_fastrtps_cpp;rosidl_typesupport_introspection_cpp
[1.347s] -- Found rmw_implementation_cmake: 7.3.3 (/opt/ros/jazzy/share/rmw_implementation_cmake/cmake)
[1.351s] -- Found rmw_fastrtps_cpp: 8.4.3 (/opt/ros/jazzy/share/rmw_fastrtps_cpp/cmake)
[1.493s] -- Found OpenSSL: /usr/lib/aarch64-linux-gnu/libcrypto.so (found version "3.0.13")  
[1.524s] -- Found FastRTPS: /opt/ros/jazzy/include (Required is at least version "2.13") 
[1.560s] -- Using RMW implementation 'rmw_fastrtps_cpp' as default
[1.659s] -- Found sensor_msgs: 5.3.6 (/opt/ros/jazzy/share/sensor_msgs/cmake)
[1.738s] -- Found cv_bridge: 4.1.0 (/opt/ros/jazzy/share/cv_bridge/cmake)
[1.759s] -- Found message_filters: 4.11.9 (/opt/ros/jazzy/share/message_filters/cmake)
[1.770s] -- Found OpenCV: /usr (found version "4.6.0") 
[1.783s] -- Performing Test CMAKE_HAVE_LIBC_PTHREAD
[1.949s] -- Performing Test CMAKE_HAVE_LIBC_PTHREAD - Success
[1.950s] -- Found Threads: TRUE  
[1.964s] -- Found OpenGL: /usr/lib/aarch64-linux-gnu/libOpenGL.so  found components: OpenGL 
[2.135s] -- Configuring done (2.1s)
[2.167s] -- Generating done (0.0s)
[2.173s] -- Build files have been written to: /home/roverto/ros2_ws/build/orbslam3
[2.194s] Invoked command in '/home/roverto/ros2_ws/build/orbslam3' returned '0': CMAKE_PREFIX_PATH=${CMAKE_PREFIX_PATH}:/home/roverto/image_publisher/install/opencv_tools:/opt/ros/jazzy DEBUGINFOD_URLS=https://debuginfod.ubuntu.com /usr/bin/cmake /home/roverto/ros2_ws/src/ORB_SLAM3_ROS2 -DAMENT_CMAKE_SYMLINK_INSTALL=1 -DCMAKE_INSTALL_PREFIX=/home/roverto/ros2_ws/install/orbslam3
[2.197s] Invoking command in '/home/roverto/ros2_ws/build/orbslam3': CMAKE_PREFIX_PATH=${CMAKE_PREFIX_PATH}:/home/roverto/image_publisher/install/opencv_tools:/opt/ros/jazzy DEBUGINFOD_URLS=https://debuginfod.ubuntu.com /usr/bin/cmake --build /home/roverto/ros2_ws/build/orbslam3 -- -j4 -l4
[2.297s] [ 66%] [32mBuilding CXX object CMakeFiles/mono.dir/src/monocular/monocular-slam-node.cpp.o[0m
[2.298s] [ 66%] [32mBuilding CXX object CMakeFiles/mono.dir/src/monocular/mono.cpp.o[0m
[4.628s] In file included from [01m[K/home/roverto/ros2_ws/src/ORB_SLAM3_ROS2/src/monocular/monocular-slam-node.cpp:1[m[K:
[4.629s] [01m[K/home/roverto/ros2_ws/src/ORB_SLAM3_ROS2/src/monocular/monocular-slam-node.hpp:14:10:[m[K [01;31m[Kfatal error: [m[KUtility.h: No such file or directory
[4.629s]    14 | #include [01;31m[K"Utility.h"[m[K
[4.629s]       |          [01;31m[K^~~~~~[m[K
[4.629s] compilation terminated.
[4.632s] In file included from [01m[K/home/roverto/ros2_ws/src/ORB_SLAM3_ROS2/src/monocular/mono.cpp:7[m[K:
[4.632s] [01m[K/home/roverto/ros2_ws/src/ORB_SLAM3_ROS2/src/monocular/monocular-slam-node.hpp:14:10:[m[K [01;31m[Kfatal error: [m[KUtility.h: No such file or directory
[4.632s]    14 | #include [01;31m[K"Utility.h"[m[K
[4.632s]       |          [01;31m[K^~~~~~[m[K
[4.632s] compilation terminated.
[4.665s] gmake[2]: *** [CMakeFiles/mono.dir/build.make:90: CMakeFiles/mono.dir/src/monocular/monocular-slam-node.cpp.o] Error 1
[4.665s] gmake[2]: *** Waiting for unfinished jobs....
[4.668s] gmake[2]: *** [CMakeFiles/mono.dir/build.make:76: CMakeFiles/mono.dir/src/monocular/mono.cpp.o] Error 1
[4.669s] gmake[1]: *** [CMakeFiles/Makefile2:137: CMakeFiles/mono.dir/all] Error 2
[4.669s] gmake: *** [Makefile:146: all] Error 2
[4.673s] Invoked command in '/home/roverto/ros2_ws/build/orbslam3' returned '2': CMAKE_PREFIX_PATH=${CMAKE_PREFIX_PATH}:/home/roverto/image_publisher/install/opencv_tools:/opt/ros/jazzy DEBUGINFOD_URLS=https://debuginfod.ubuntu.com /usr/bin/cmake --build /home/roverto/ros2_ws/build/orbslam3 -- -j4 -l4
