[1.322s] Invoking command in '/home/roverto/rov/src/motor_controller': DEBUGINFOD_URLS=https://debuginfod.ubuntu.com PYTHONPATH=/home/roverto/rov/build/motor_controller/prefix_override:/usr/lib/python3/dist-packages/colcon_core/task/python/colcon_distutils_commands:/home/roverto/rov/install/motor_controller/lib/python3.12/site-packages:${PYTHONPATH} /usr/bin/python3 -W ignore:setup.py install is deprecated -W ignore:easy_install command is deprecated setup.py egg_info --egg-base ../../build/motor_controller build --build-base /home/roverto/rov/build/motor_controller/build install --record /home/roverto/rov/build/motor_controller/install.log --single-version-externally-managed install_data
[1.690s] running egg_info
[1.717s] writing ../../build/motor_controller/motor_controller.egg-info/PKG-INFO
[1.717s] writing dependency_links to ../../build/motor_controller/motor_controller.egg-info/dependency_links.txt
[1.718s] writing entry points to ../../build/motor_controller/motor_controller.egg-info/entry_points.txt
[1.719s] writing requirements to ../../build/motor_controller/motor_controller.egg-info/requires.txt
[1.720s] writing top-level names to ../../build/motor_controller/motor_controller.egg-info/top_level.txt
[1.778s] reading manifest file '../../build/motor_controller/motor_controller.egg-info/SOURCES.txt'
[1.779s] writing manifest file '../../build/motor_controller/motor_controller.egg-info/SOURCES.txt'
[1.779s] running build
[1.779s] running build_py
[1.780s] running install
[1.789s] running install_lib
[1.818s] running install_data
[1.818s] running install_egg_info
[1.847s] removing '/home/roverto/rov/install/motor_controller/lib/python3.12/site-packages/motor_controller-0.0.0-py3.12.egg-info' (and everything under it)
[1.848s] Copying ../../build/motor_controller/motor_controller.egg-info to /home/roverto/rov/install/motor_controller/lib/python3.12/site-packages/motor_controller-0.0.0-py3.12.egg-info
[1.849s] running install_scripts
[2.032s] Installing motor_controller_node script to /home/roverto/rov/install/motor_controller/lib/motor_controller
[2.032s] Installing motors_forward script to /home/roverto/rov/install/motor_controller/lib/motor_controller
[2.034s] writing list of installed files to '/home/roverto/rov/build/motor_controller/install.log'
[2.109s] Invoked command in '/home/roverto/rov/src/motor_controller' returned '0': DEBUGINFOD_URLS=https://debuginfod.ubuntu.com PYTHONPATH=/home/roverto/rov/build/motor_controller/prefix_override:/usr/lib/python3/dist-packages/colcon_core/task/python/colcon_distutils_commands:/home/roverto/rov/install/motor_controller/lib/python3.12/site-packages:${PYTHONPATH} /usr/bin/python3 -W ignore:setup.py install is deprecated -W ignore:easy_install command is deprecated setup.py egg_info --egg-base ../../build/motor_controller build --build-base /home/roverto/rov/build/motor_controller/build install --record /home/roverto/rov/build/motor_controller/install.log --single-version-externally-managed install_data
