running egg_info
creating ../../build/rovultrasonic/rovultrasonic.egg-info
writing ../../build/rovultrasonic/rovultrasonic.egg-info/PKG-INFO
writing dependency_links to ../../build/rovultrasonic/rovultrasonic.egg-info/dependency_links.txt
writing entry points to ../../build/rovultrasonic/rovultrasonic.egg-info/entry_points.txt
writing requirements to ../../build/rovultrasonic/rovultrasonic.egg-info/requires.txt
writing top-level names to ../../build/rovultrasonic/rovultrasonic.egg-info/top_level.txt
writing manifest file '../../build/rovultrasonic/rovultrasonic.egg-info/SOURCES.txt'
reading manifest file '../../build/rovultrasonic/rovultrasonic.egg-info/SOURCES.txt'
writing manifest file '../../build/rovultrasonic/rovultrasonic.egg-info/SOURCES.txt'
running build
running build_py
creating /home/roverto/ros2_ws/build/rovultrasonic/build
creating /home/roverto/ros2_ws/build/rovultrasonic/build/lib
creating /home/roverto/ros2_ws/build/rovultrasonic/build/lib/rovultrasonic
copying rovultrasonic/__init__.py -> /home/roverto/ros2_ws/build/rovultrasonic/build/lib/rovultrasonic
copying rovultrasonic/publishd1.py -> /home/roverto/ros2_ws/build/rovultrasonic/build/lib/rovultrasonic
copying rovultrasonic/publishd2.py -> /home/roverto/ros2_ws/build/rovultrasonic/build/lib/rovultrasonic
running install
running install_lib
creating /home/roverto/ros2_ws/install/rovultrasonic/lib/python3.12/site-packages/rovultrasonic
copying /home/roverto/ros2_ws/build/rovultrasonic/build/lib/rovultrasonic/__init__.py -> /home/roverto/ros2_ws/install/rovultrasonic/lib/python3.12/site-packages/rovultrasonic
copying /home/roverto/ros2_ws/build/rovultrasonic/build/lib/rovultrasonic/publishd1.py -> /home/roverto/ros2_ws/install/rovultrasonic/lib/python3.12/site-packages/rovultrasonic
copying /home/roverto/ros2_ws/build/rovultrasonic/build/lib/rovultrasonic/publishd2.py -> /home/roverto/ros2_ws/install/rovultrasonic/lib/python3.12/site-packages/rovultrasonic
byte-compiling /home/roverto/ros2_ws/install/rovultrasonic/lib/python3.12/site-packages/rovultrasonic/__init__.py to __init__.cpython-312.pyc
byte-compiling /home/roverto/ros2_ws/install/rovultrasonic/lib/python3.12/site-packages/rovultrasonic/publishd1.py to publishd1.cpython-312.pyc
byte-compiling /home/roverto/ros2_ws/install/rovultrasonic/lib/python3.12/site-packages/rovultrasonic/publishd2.py to publishd2.cpython-312.pyc
running install_data
creating /home/roverto/ros2_ws/install/rovultrasonic/share/ament_index
creating /home/roverto/ros2_ws/install/rovultrasonic/share/ament_index/resource_index
creating /home/roverto/ros2_ws/install/rovultrasonic/share/ament_index/resource_index/packages
copying resource/rovultrasonic -> /home/roverto/ros2_ws/install/rovultrasonic/share/ament_index/resource_index/packages
copying package.xml -> /home/roverto/ros2_ws/install/rovultrasonic/share/rovultrasonic
running install_egg_info
Copying ../../build/rovultrasonic/rovultrasonic.egg-info to /home/roverto/ros2_ws/install/rovultrasonic/lib/python3.12/site-packages/rovultrasonic-0.0.0-py3.12.egg-info
running install_scripts
Installing publishd1 script to /home/roverto/ros2_ws/install/rovultrasonic/lib/rovultrasonic
Installing publishd2 script to /home/roverto/ros2_ws/install/rovultrasonic/lib/rovultrasonic
writing list of installed files to '/home/roverto/ros2_ws/build/rovultrasonic/install.log'
