[0.026s] Invoking command in '/home/roverto/ros2_ws/build/orbslam3': CMAKE_PREFIX_PATH=${CMAKE_PREFIX_PATH}:/home/roverto/image_publisher/install/opencv_tools:/opt/ros/jazzy DEBUGINFOD_URLS=https://debuginfod.ubuntu.com /usr/bin/cmake /home/roverto/ros2_ws/src/ORB_SLAM3_ROS2 -DAMENT_CMAKE_SYMLINK_INSTALL=1 -DCMAKE_INSTALL_PREFIX=/home/roverto/ros2_ws/install/orbslam3
[0.139s] -- The C compiler identification is GNU 13.3.0
[0.240s] -- The CXX compiler identification is GNU 13.3.0
[0.268s] -- Detecting C compiler ABI info
[0.444s] -- Detecting C compiler ABI info - done
[0.460s] -- Check for working C compiler: /usr/bin/cc - skipped
[0.460s] -- Detecting C compile features
[0.461s] -- Detecting C compile features - done
[0.476s] -- Detecting CXX compiler ABI info
[0.658s] -- Detecting CXX compiler ABI info - done
[0.676s] -- Check for working CXX compiler: /usr/bin/c++ - skipped
[0.676s] -- Detecting CXX compile features
[0.677s] -- Detecting CXX compile features - done
[0.681s] -- Found ament_cmake: 2.5.5 (/opt/ros/jazzy/share/ament_cmake/cmake)
[0.912s] -- Found Python3: /usr/bin/python3 (found version "3.12.3") found components: Interpreter 
[1.035s] -- Override CMake install command with custom implementation using symlinks instead of copying resources
[1.080s] -- Found rclcpp: 28.1.16 (/opt/ros/jazzy/share/rclcpp/cmake)
[1.137s] -- Found rosidl_generator_c: 4.6.7 (/opt/ros/jazzy/share/rosidl_generator_c/cmake)
[1.158s] -- Found rosidl_generator_cpp: 4.6.7 (/opt/ros/jazzy/share/rosidl_generator_cpp/cmake)
[1.181s] -- Using all available rosidl_typesupport_c: rosidl_typesupport_fastrtps_c;rosidl_typesupport_introspection_c
[1.210s] -- Using all available rosidl_typesupport_cpp: rosidl_typesupport_fastrtps_cpp;rosidl_typesupport_introspection_cpp
[1.323s] -- Found rmw_implementation_cmake: 7.3.3 (/opt/ros/jazzy/share/rmw_implementation_cmake/cmake)
[1.327s] -- Found rmw_fastrtps_cpp: 8.4.3 (/opt/ros/jazzy/share/rmw_fastrtps_cpp/cmake)
[1.470s] -- Found OpenSSL: /usr/lib/aarch64-linux-gnu/libcrypto.so (found version "3.0.13")  
[1.498s] -- Found FastRTPS: /opt/ros/jazzy/include (Required is at least version "2.13") 
[1.537s] -- Using RMW implementation 'rmw_fastrtps_cpp' as default
[1.640s] -- Found sensor_msgs: 5.3.6 (/opt/ros/jazzy/share/sensor_msgs/cmake)
[1.723s] -- Found cv_bridge: 4.1.0 (/opt/ros/jazzy/share/cv_bridge/cmake)
[1.744s] -- Found message_filters: 4.11.9 (/opt/ros/jazzy/share/message_filters/cmake)
[1.757s] -- Found OpenCV: /usr (found version "4.6.0") 
[1.769s] -- Performing Test CMAKE_HAVE_LIBC_PTHREAD
[1.935s] -- Performing Test CMAKE_HAVE_LIBC_PTHREAD - Success
[1.936s] -- Found Threads: TRUE  
[1.949s] -- Found OpenGL: /usr/lib/aarch64-linux-gnu/libOpenGL.so  found components: OpenGL 
[2.112s] -- Configuring done (2.1s)
[2.144s] -- Generating done (0.0s)
[2.150s] -- Build files have been written to: /home/roverto/ros2_ws/build/orbslam3
[2.172s] Invoked command in '/home/roverto/ros2_ws/build/orbslam3' returned '0': CMAKE_PREFIX_PATH=${CMAKE_PREFIX_PATH}:/home/roverto/image_publisher/install/opencv_tools:/opt/ros/jazzy DEBUGINFOD_URLS=https://debuginfod.ubuntu.com /usr/bin/cmake /home/roverto/ros2_ws/src/ORB_SLAM3_ROS2 -DAMENT_CMAKE_SYMLINK_INSTALL=1 -DCMAKE_INSTALL_PREFIX=/home/roverto/ros2_ws/install/orbslam3
[2.174s] Invoking command in '/home/roverto/ros2_ws/build/orbslam3': CMAKE_PREFIX_PATH=${CMAKE_PREFIX_PATH}:/home/roverto/image_publisher/install/opencv_tools:/opt/ros/jazzy DEBUGINFOD_URLS=https://debuginfod.ubuntu.com /usr/bin/cmake --build /home/roverto/ros2_ws/build/orbslam3 -- -j4 -l4
[2.274s] [ 66%] [32mBuilding CXX object CMakeFiles/mono.dir/src/monocular/mono.cpp.o[0m
[2.274s] [ 66%] [32mBuilding CXX object CMakeFiles/mono.dir/src/monocular/monocular-slam-node.cpp.o[0m
[4.575s] In file included from [01m[K/home/roverto/ros2_ws/src/ORB_SLAM3_ROS2/src/monocular/mono.cpp:7[m[K:
[4.575s] [01m[K/home/roverto/ros2_ws/src/ORB_SLAM3_ROS2/src/monocular/monocular-slam-node.hpp:14:10:[m[K [01;31m[Kfatal error: [m[KUtility.h: No such file or directory
[4.576s]    14 | #include [01;31m[K"Utility.h"[m[K
[4.576s]       |          [01;31m[K^~~~~~[m[K
[4.576s] compilation terminated.
[4.576s] In file included from [01m[K/home/roverto/ros2_ws/src/ORB_SLAM3_ROS2/src/monocular/monocular-slam-node.cpp:1[m[K:
[4.576s] [01m[K/home/roverto/ros2_ws/src/ORB_SLAM3_ROS2/src/monocular/monocular-slam-node.hpp:14:10:[m[K [01;31m[Kfatal error: [m[KUtility.h: No such file or directory
[4.576s]    14 | #include [01;31m[K"Utility.h"[m[K
[4.576s]       |          [01;31m[K^~~~~~[m[K
[4.576s] compilation terminated.
[4.653s] gmake[2]: *** [CMakeFiles/mono.dir/build.make:76: CMakeFiles/mono.dir/src/monocular/mono.cpp.o] Error 1
[4.653s] gmake[2]: *** Waiting for unfinished jobs....
[4.654s] gmake[2]: *** [CMakeFiles/mono.dir/build.make:90: CMakeFiles/mono.dir/src/monocular/monocular-slam-node.cpp.o] Error 1
[4.654s] gmake[1]: *** [CMakeFiles/Makefile2:137: CMakeFiles/mono.dir/all] Error 2
[4.654s] gmake: *** [Makefile:146: all] Error 2
[4.658s] Invoked command in '/home/roverto/ros2_ws/build/orbslam3' returned '2': CMAKE_PREFIX_PATH=${CMAKE_PREFIX_PATH}:/home/roverto/image_publisher/install/opencv_tools:/opt/ros/jazzy DEBUGINFOD_URLS=https://debuginfod.ubuntu.com /usr/bin/cmake --build /home/roverto/ros2_ws/build/orbslam3 -- -j4 -l4
