[0.149s] DEBUG:colcon:Command line arguments: ['/usr/bin/colcon', 'build', '--packages-select', 'RovControl', 'motor_controller']
[0.150s] DEBUG:colcon:Parsed command line arguments: Namespace(log_base=None, log_level=None, verb_name='build', build_base='build', install_base='install', merge_install=False, symlink_install=False, test_result_base=None, continue_on_error=False, executor='parallel', parallel_workers=4, event_handlers=None, ignore_user_meta=False, metas=['./colcon.meta'], base_paths=['.'], packages_ignore=None, packages_ignore_regex=None, paths=None, packages_up_to=None, packages_up_to_regex=None, packages_above=None, packages_above_and_dependencies=None, packages_above_depth=None, packages_select_by_dep=None, packages_skip_by_dep=None, packages_skip_up_to=None, packages_select_build_failed=False, packages_skip_build_finished=False, packages_select_test_failures=False, packages_skip_test_passed=False, packages_select=['RovControl', 'motor_controller'], packages_skip=None, packages_select_regex=None, packages_skip_regex=None, packages_start=None, packages_end=None, allow_overriding=[], cmake_args=None, cmake_target=None, cmake_target_skip_unavailable=False, cmake_clean_cache=False, cmake_clean_first=False, cmake_force_configure=False, ament_cmake_args=None, catkin_cmake_args=None, catkin_skip_building_tests=False, mixin_files=None, mixin=None, verb_parser=<colcon_mixin.mixin.mixin_argument.MixinArgumentDecorator object at 0xffffbd6a98e0>, verb_extension=<colcon_core.verb.build.BuildVerb object at 0xffffbd8515e0>, main=<bound method BuildVerb.main of <colcon_core.verb.build.BuildVerb object at 0xffffbd8515e0>>, mixin_verb=('build',))
[0.205s] Level 1:colcon.colcon_core.package_discovery:discover_packages(colcon_meta) check parameters
[0.205s] Level 1:colcon.colcon_core.package_discovery:discover_packages(recursive) check parameters
[0.205s] Level 1:colcon.colcon_core.package_discovery:discover_packages(ignore) check parameters
[0.205s] Level 1:colcon.colcon_core.package_discovery:discover_packages(path) check parameters
[0.205s] Level 1:colcon.colcon_core.package_discovery:discover_packages(colcon_meta) discover
[0.206s] Level 1:colcon.colcon_core.package_discovery:discover_packages(recursive) discover
[0.206s] INFO:colcon.colcon_core.package_discovery:Crawling recursively for packages in '/home/roverto/ros2_ws'
[0.206s] Level 1:colcon.colcon_core.package_identification:_identify(.) by extensions ['ignore', 'ignore_ament_install']
[0.206s] Level 1:colcon.colcon_core.package_identification:_identify(.) by extension 'ignore'
[0.206s] Level 1:colcon.colcon_core.package_identification:_identify(.) by extension 'ignore_ament_install'
[0.206s] Level 1:colcon.colcon_core.package_identification:_identify(.) by extensions ['colcon_pkg']
[0.206s] Level 1:colcon.colcon_core.package_identification:_identify(.) by extension 'colcon_pkg'
[0.206s] Level 1:colcon.colcon_core.package_identification:_identify(.) by extensions ['colcon_meta']
[0.206s] Level 1:colcon.colcon_core.package_identification:_identify(.) by extension 'colcon_meta'
[0.206s] Level 1:colcon.colcon_core.package_identification:_identify(.) by extensions ['ros']
[0.206s] Level 1:colcon.colcon_core.package_identification:_identify(.) by extension 'ros'
[0.244s] Level 1:colcon.colcon_core.package_identification:_identify(.) by extensions ['cmake', 'python']
[0.245s] Level 1:colcon.colcon_core.package_identification:_identify(.) by extension 'cmake'
[0.245s] Level 1:colcon.colcon_core.package_identification:_identify(.) by extension 'python'
[0.245s] Level 1:colcon.colcon_core.package_identification:_identify(.) by extensions ['python_setup_py']
[0.245s] Level 1:colcon.colcon_core.package_identification:_identify(.) by extension 'python_setup_py'
[0.245s] Level 1:colcon.colcon_core.package_identification:_identify(build) by extensions ['ignore', 'ignore_ament_install']
[0.245s] Level 1:colcon.colcon_core.package_identification:_identify(build) by extension 'ignore'
[0.245s] Level 1:colcon.colcon_core.package_identification:_identify(build) ignored
[0.245s] Level 1:colcon.colcon_core.package_identification:_identify(install) by extensions ['ignore', 'ignore_ament_install']
[0.245s] Level 1:colcon.colcon_core.package_identification:_identify(install) by extension 'ignore'
[0.245s] Level 1:colcon.colcon_core.package_identification:_identify(install) ignored
[0.246s] Level 1:colcon.colcon_core.package_identification:_identify(log) by extensions ['ignore', 'ignore_ament_install']
[0.246s] Level 1:colcon.colcon_core.package_identification:_identify(log) by extension 'ignore'
[0.246s] Level 1:colcon.colcon_core.package_identification:_identify(log) ignored
[0.246s] Level 1:colcon.colcon_core.package_identification:_identify(src) by extensions ['ignore', 'ignore_ament_install']
[0.246s] Level 1:colcon.colcon_core.package_identification:_identify(src) by extension 'ignore'
[0.246s] Level 1:colcon.colcon_core.package_identification:_identify(src) by extension 'ignore_ament_install'
[0.246s] Level 1:colcon.colcon_core.package_identification:_identify(src) by extensions ['colcon_pkg']
[0.246s] Level 1:colcon.colcon_core.package_identification:_identify(src) by extension 'colcon_pkg'
[0.246s] Level 1:colcon.colcon_core.package_identification:_identify(src) by extensions ['colcon_meta']
[0.246s] Level 1:colcon.colcon_core.package_identification:_identify(src) by extension 'colcon_meta'
[0.246s] Level 1:colcon.colcon_core.package_identification:_identify(src) by extensions ['ros']
[0.246s] Level 1:colcon.colcon_core.package_identification:_identify(src) by extension 'ros'
[0.246s] Level 1:colcon.colcon_core.package_identification:_identify(src) by extensions ['cmake', 'python']
[0.246s] Level 1:colcon.colcon_core.package_identification:_identify(src) by extension 'cmake'
[0.246s] Level 1:colcon.colcon_core.package_identification:_identify(src) by extension 'python'
[0.246s] Level 1:colcon.colcon_core.package_identification:_identify(src) by extensions ['python_setup_py']
[0.247s] Level 1:colcon.colcon_core.package_identification:_identify(src) by extension 'python_setup_py'
[0.247s] Level 1:colcon.colcon_core.package_identification:_identify(src/ORB_SLAM3_ROS2) by extensions ['ignore', 'ignore_ament_install']
[0.247s] Level 1:colcon.colcon_core.package_identification:_identify(src/ORB_SLAM3_ROS2) by extension 'ignore'
[0.247s] Level 1:colcon.colcon_core.package_identification:_identify(src/ORB_SLAM3_ROS2) by extension 'ignore_ament_install'
[0.247s] Level 1:colcon.colcon_core.package_identification:_identify(src/ORB_SLAM3_ROS2) by extensions ['colcon_pkg']
[0.247s] Level 1:colcon.colcon_core.package_identification:_identify(src/ORB_SLAM3_ROS2) by extension 'colcon_pkg'
[0.247s] Level 1:colcon.colcon_core.package_identification:_identify(src/ORB_SLAM3_ROS2) by extensions ['colcon_meta']
[0.247s] Level 1:colcon.colcon_core.package_identification:_identify(src/ORB_SLAM3_ROS2) by extension 'colcon_meta'
[0.247s] Level 1:colcon.colcon_core.package_identification:_identify(src/ORB_SLAM3_ROS2) by extensions ['ros']
[0.247s] Level 1:colcon.colcon_core.package_identification:_identify(src/ORB_SLAM3_ROS2) by extension 'ros'
[0.250s] DEBUG:colcon.colcon_core.package_identification:Package 'src/ORB_SLAM3_ROS2' with type 'ros.ament_cmake' and name 'orbslam3'
[0.251s] Level 1:colcon.colcon_core.package_identification:_identify(src/RovControl) by extensions ['ignore', 'ignore_ament_install']
[0.251s] Level 1:colcon.colcon_core.package_identification:_identify(src/RovControl) by extension 'ignore'
[0.251s] Level 1:colcon.colcon_core.package_identification:_identify(src/RovControl) by extension 'ignore_ament_install'
[0.251s] Level 1:colcon.colcon_core.package_identification:_identify(src/RovControl) by extensions ['colcon_pkg']
[0.251s] Level 1:colcon.colcon_core.package_identification:_identify(src/RovControl) by extension 'colcon_pkg'
[0.251s] Level 1:colcon.colcon_core.package_identification:_identify(src/RovControl) by extensions ['colcon_meta']
[0.251s] Level 1:colcon.colcon_core.package_identification:_identify(src/RovControl) by extension 'colcon_meta'
[0.251s] Level 1:colcon.colcon_core.package_identification:_identify(src/RovControl) by extensions ['ros']
[0.251s] Level 1:colcon.colcon_core.package_identification:_identify(src/RovControl) by extension 'ros'
[0.252s] DEBUG:colcon.colcon_core.package_identification:Package 'src/RovControl' with type 'ros.ament_python' and name 'RovControl'
[0.252s] Level 1:colcon.colcon_core.package_identification:_identify(src/build) by extensions ['ignore', 'ignore_ament_install']
[0.252s] Level 1:colcon.colcon_core.package_identification:_identify(src/build) by extension 'ignore'
[0.252s] Level 1:colcon.colcon_core.package_identification:_identify(src/build) ignored
[0.252s] Level 1:colcon.colcon_core.package_identification:_identify(src/camera_ros) by extensions ['ignore', 'ignore_ament_install']
[0.252s] Level 1:colcon.colcon_core.package_identification:_identify(src/camera_ros) by extension 'ignore'
[0.253s] Level 1:colcon.colcon_core.package_identification:_identify(src/camera_ros) by extension 'ignore_ament_install'
[0.253s] Level 1:colcon.colcon_core.package_identification:_identify(src/camera_ros) by extensions ['colcon_pkg']
[0.253s] Level 1:colcon.colcon_core.package_identification:_identify(src/camera_ros) by extension 'colcon_pkg'
[0.253s] Level 1:colcon.colcon_core.package_identification:_identify(src/camera_ros) by extensions ['colcon_meta']
[0.253s] Level 1:colcon.colcon_core.package_identification:_identify(src/camera_ros) by extension 'colcon_meta'
[0.253s] Level 1:colcon.colcon_core.package_identification:_identify(src/camera_ros) by extensions ['ros']
[0.253s] Level 1:colcon.colcon_core.package_identification:_identify(src/camera_ros) by extension 'ros'
[0.257s] DEBUG:colcon.colcon_core.package_identification:Package 'src/camera_ros' with type 'ros.ament_cmake' and name 'camera_ros'
[0.257s] Level 1:colcon.colcon_core.package_identification:_identify(src/custom_camera_publisher) by extensions ['ignore', 'ignore_ament_install']
[0.257s] Level 1:colcon.colcon_core.package_identification:_identify(src/custom_camera_publisher) by extension 'ignore'
[0.257s] Level 1:colcon.colcon_core.package_identification:_identify(src/custom_camera_publisher) by extension 'ignore_ament_install'
[0.257s] Level 1:colcon.colcon_core.package_identification:_identify(src/custom_camera_publisher) by extensions ['colcon_pkg']
[0.257s] Level 1:colcon.colcon_core.package_identification:_identify(src/custom_camera_publisher) by extension 'colcon_pkg'
[0.258s] Level 1:colcon.colcon_core.package_identification:_identify(src/custom_camera_publisher) by extensions ['colcon_meta']
[0.258s] Level 1:colcon.colcon_core.package_identification:_identify(src/custom_camera_publisher) by extension 'colcon_meta'
[0.258s] Level 1:colcon.colcon_core.package_identification:_identify(src/custom_camera_publisher) by extensions ['ros']
[0.258s] Level 1:colcon.colcon_core.package_identification:_identify(src/custom_camera_publisher) by extension 'ros'
[0.259s] DEBUG:colcon.colcon_core.package_identification:Package 'src/custom_camera_publisher' with type 'ros.ament_python' and name 'custom_camera_publisher'
[0.259s] Level 1:colcon.colcon_core.package_identification:_identify(src/install) by extensions ['ignore', 'ignore_ament_install']
[0.259s] Level 1:colcon.colcon_core.package_identification:_identify(src/install) by extension 'ignore'
[0.259s] Level 1:colcon.colcon_core.package_identification:_identify(src/install) ignored
[0.259s] Level 1:colcon.colcon_core.package_identification:_identify(src/log) by extensions ['ignore', 'ignore_ament_install']
[0.259s] Level 1:colcon.colcon_core.package_identification:_identify(src/log) by extension 'ignore'
[0.259s] Level 1:colcon.colcon_core.package_identification:_identify(src/log) ignored
[0.259s] Level 1:colcon.colcon_core.package_identification:_identify(src/motor_controller) by extensions ['ignore', 'ignore_ament_install']
[0.259s] Level 1:colcon.colcon_core.package_identification:_identify(src/motor_controller) by extension 'ignore'
[0.259s] Level 1:colcon.colcon_core.package_identification:_identify(src/motor_controller) by extension 'ignore_ament_install'
[0.260s] Level 1:colcon.colcon_core.package_identification:_identify(src/motor_controller) by extensions ['colcon_pkg']
[0.260s] Level 1:colcon.colcon_core.package_identification:_identify(src/motor_controller) by extension 'colcon_pkg'
[0.260s] Level 1:colcon.colcon_core.package_identification:_identify(src/motor_controller) by extensions ['colcon_meta']
[0.260s] Level 1:colcon.colcon_core.package_identification:_identify(src/motor_controller) by extension 'colcon_meta'
[0.260s] Level 1:colcon.colcon_core.package_identification:_identify(src/motor_controller) by extensions ['ros']
[0.260s] Level 1:colcon.colcon_core.package_identification:_identify(src/motor_controller) by extension 'ros'
[0.261s] DEBUG:colcon.colcon_core.package_identification:Package 'src/motor_controller' with type 'ros.ament_python' and name 'motor_controller'
[0.261s] Level 1:colcon.colcon_core.package_identification:_identify(src/ros2_orb_slam3) by extensions ['ignore', 'ignore_ament_install']
[0.261s] Level 1:colcon.colcon_core.package_identification:_identify(src/ros2_orb_slam3) by extension 'ignore'
[0.261s] Level 1:colcon.colcon_core.package_identification:_identify(src/ros2_orb_slam3) by extension 'ignore_ament_install'
[0.261s] Level 1:colcon.colcon_core.package_identification:_identify(src/ros2_orb_slam3) by extensions ['colcon_pkg']
[0.261s] Level 1:colcon.colcon_core.package_identification:_identify(src/ros2_orb_slam3) by extension 'colcon_pkg'
[0.261s] Level 1:colcon.colcon_core.package_identification:_identify(src/ros2_orb_slam3) by extensions ['colcon_meta']
[0.261s] Level 1:colcon.colcon_core.package_identification:_identify(src/ros2_orb_slam3) by extension 'colcon_meta'
[0.261s] Level 1:colcon.colcon_core.package_identification:_identify(src/ros2_orb_slam3) by extensions ['ros']
[0.261s] Level 1:colcon.colcon_core.package_identification:_identify(src/ros2_orb_slam3) by extension 'ros'
[0.262s] DEBUG:colcon.colcon_core.package_identification:Package 'src/ros2_orb_slam3' with type 'ros.ament_cmake' and name 'ros2_orb_slam3'
[0.262s] Level 1:colcon.colcon_core.package_identification:_identify(src/rovultrasonic) by extensions ['ignore', 'ignore_ament_install']
[0.262s] Level 1:colcon.colcon_core.package_identification:_identify(src/rovultrasonic) by extension 'ignore'
[0.262s] Level 1:colcon.colcon_core.package_identification:_identify(src/rovultrasonic) by extension 'ignore_ament_install'
[0.262s] Level 1:colcon.colcon_core.package_identification:_identify(src/rovultrasonic) by extensions ['colcon_pkg']
[0.262s] Level 1:colcon.colcon_core.package_identification:_identify(src/rovultrasonic) by extension 'colcon_pkg'
[0.262s] Level 1:colcon.colcon_core.package_identification:_identify(src/rovultrasonic) by extensions ['colcon_meta']
[0.262s] Level 1:colcon.colcon_core.package_identification:_identify(src/rovultrasonic) by extension 'colcon_meta'
[0.262s] Level 1:colcon.colcon_core.package_identification:_identify(src/rovultrasonic) by extensions ['ros']
[0.262s] Level 1:colcon.colcon_core.package_identification:_identify(src/rovultrasonic) by extension 'ros'
[0.263s] DEBUG:colcon.colcon_core.package_identification:Package 'src/rovultrasonic' with type 'ros.ament_python' and name 'rovultrasonic'
[0.263s] Level 1:colcon.colcon_core.package_discovery:discover_packages(recursive) using defaults
[0.263s] Level 1:colcon.colcon_core.package_discovery:discover_packages(ignore) discover
[0.264s] Level 1:colcon.colcon_core.package_discovery:discover_packages(ignore) using defaults
[0.264s] Level 1:colcon.colcon_core.package_discovery:discover_packages(path) discover
[0.264s] Level 1:colcon.colcon_core.package_discovery:discover_packages(path) using defaults
[0.291s] INFO:colcon.colcon_core.package_selection:Skipping not selected package 'camera_ros' in 'src/camera_ros'
[0.291s] INFO:colcon.colcon_core.package_selection:Skipping not selected package 'custom_camera_publisher' in 'src/custom_camera_publisher'
[0.291s] INFO:colcon.colcon_core.package_selection:Skipping not selected package 'orbslam3' in 'src/ORB_SLAM3_ROS2'
[0.291s] INFO:colcon.colcon_core.package_selection:Skipping not selected package 'ros2_orb_slam3' in 'src/ros2_orb_slam3'
[0.291s] INFO:colcon.colcon_core.package_selection:Skipping not selected package 'rovultrasonic' in 'src/rovultrasonic'
[0.291s] Level 1:colcon.colcon_core.package_discovery:discover_packages(prefix_path) check parameters
[0.291s] Level 1:colcon.colcon_core.package_discovery:discover_packages(prefix_path) discover
[0.294s] DEBUG:colcon.colcon_installed_package_information.package_discovery:Found 1 installed packages in /home/roverto/image_publisher/install
[0.294s] DEBUG:colcon.colcon_installed_package_information.package_discovery:Found 5 installed packages in /home/roverto/ros2_ws/install
[0.297s] DEBUG:colcon.colcon_installed_package_information.package_discovery:Found 305 installed packages in /opt/ros/jazzy
[0.297s] Level 1:colcon.colcon_core.package_discovery:discover_packages(prefix_path) using defaults
[0.361s] Level 5:colcon.colcon_core.verb:set package 'RovControl' build argument 'cmake_args' from command line to 'None'
[0.361s] Level 5:colcon.colcon_core.verb:set package 'RovControl' build argument 'cmake_target' from command line to 'None'
[0.361s] Level 5:colcon.colcon_core.verb:set package 'RovControl' build argument 'cmake_target_skip_unavailable' from command line to 'False'
[0.361s] Level 5:colcon.colcon_core.verb:set package 'RovControl' build argument 'cmake_clean_cache' from command line to 'False'
[0.361s] Level 5:colcon.colcon_core.verb:set package 'RovControl' build argument 'cmake_clean_first' from command line to 'False'
[0.361s] Level 5:colcon.colcon_core.verb:set package 'RovControl' build argument 'cmake_force_configure' from command line to 'False'
[0.361s] Level 5:colcon.colcon_core.verb:set package 'RovControl' build argument 'ament_cmake_args' from command line to 'None'
[0.361s] Level 5:colcon.colcon_core.verb:set package 'RovControl' build argument 'catkin_cmake_args' from command line to 'None'
[0.361s] Level 5:colcon.colcon_core.verb:set package 'RovControl' build argument 'catkin_skip_building_tests' from command line to 'False'
[0.361s] DEBUG:colcon.colcon_core.verb:Building package 'RovControl' with the following arguments: {'ament_cmake_args': None, 'build_base': '/home/roverto/ros2_ws/build/RovControl', 'catkin_cmake_args': None, 'catkin_skip_building_tests': False, 'cmake_args': None, 'cmake_clean_cache': False, 'cmake_clean_first': False, 'cmake_force_configure': False, 'cmake_target': None, 'cmake_target_skip_unavailable': False, 'install_base': '/home/roverto/ros2_ws/install/RovControl', 'merge_install': False, 'path': '/home/roverto/ros2_ws/src/RovControl', 'symlink_install': False, 'test_result_base': None}
[0.362s] Level 5:colcon.colcon_core.verb:set package 'motor_controller' build argument 'cmake_args' from command line to 'None'
[0.362s] Level 5:colcon.colcon_core.verb:set package 'motor_controller' build argument 'cmake_target' from command line to 'None'
[0.362s] Level 5:colcon.colcon_core.verb:set package 'motor_controller' build argument 'cmake_target_skip_unavailable' from command line to 'False'
[0.362s] Level 5:colcon.colcon_core.verb:set package 'motor_controller' build argument 'cmake_clean_cache' from command line to 'False'
[0.362s] Level 5:colcon.colcon_core.verb:set package 'motor_controller' build argument 'cmake_clean_first' from command line to 'False'
[0.362s] Level 5:colcon.colcon_core.verb:set package 'motor_controller' build argument 'cmake_force_configure' from command line to 'False'
[0.362s] Level 5:colcon.colcon_core.verb:set package 'motor_controller' build argument 'ament_cmake_args' from command line to 'None'
[0.362s] Level 5:colcon.colcon_core.verb:set package 'motor_controller' build argument 'catkin_cmake_args' from command line to 'None'
[0.362s] Level 5:colcon.colcon_core.verb:set package 'motor_controller' build argument 'catkin_skip_building_tests' from command line to 'False'
[0.362s] DEBUG:colcon.colcon_core.verb:Building package 'motor_controller' with the following arguments: {'ament_cmake_args': None, 'build_base': '/home/roverto/ros2_ws/build/motor_controller', 'catkin_cmake_args': None, 'catkin_skip_building_tests': False, 'cmake_args': None, 'cmake_clean_cache': False, 'cmake_clean_first': False, 'cmake_force_configure': False, 'cmake_target': None, 'cmake_target_skip_unavailable': False, 'install_base': '/home/roverto/ros2_ws/install/motor_controller', 'merge_install': False, 'path': '/home/roverto/ros2_ws/src/motor_controller', 'symlink_install': False, 'test_result_base': None}
[0.362s] INFO:colcon.colcon_core.executor:Executing jobs using 'parallel' executor
[0.364s] DEBUG:colcon.colcon_parallel_executor.executor.parallel:run_until_complete
[0.364s] INFO:colcon.colcon_ros.task.ament_python.build:Building ROS package in '/home/roverto/ros2_ws/src/RovControl' with build type 'ament_python'
[0.364s] Level 1:colcon.colcon_core.shell:create_environment_hook('RovControl', 'ament_prefix_path')
[0.367s] INFO:colcon.colcon_core.plugin_system:Skipping extension 'colcon_core.shell.bat': Not used on non-Windows systems
[0.367s] INFO:colcon.colcon_core.shell:Creating environment hook '/home/roverto/ros2_ws/install/RovControl/share/RovControl/hook/ament_prefix_path.ps1'
[0.368s] INFO:colcon.colcon_core.shell:Creating environment descriptor '/home/roverto/ros2_ws/install/RovControl/share/RovControl/hook/ament_prefix_path.dsv'
[0.369s] INFO:colcon.colcon_core.shell:Creating environment hook '/home/roverto/ros2_ws/install/RovControl/share/RovControl/hook/ament_prefix_path.sh'
[0.370s] INFO:colcon.colcon_core.shell:Skip shell extension 'powershell' for command environment: Not usable outside of PowerShell
[0.370s] DEBUG:colcon.colcon_core.shell:Skip shell extension 'dsv' for command environment
[0.375s] INFO:colcon.colcon_ros.task.ament_python.build:Building ROS package in '/home/roverto/ros2_ws/src/motor_controller' with build type 'ament_python'
[0.376s] Level 1:colcon.colcon_core.shell:create_environment_hook('motor_controller', 'ament_prefix_path')
[0.376s] INFO:colcon.colcon_core.shell:Creating environment hook '/home/roverto/ros2_ws/install/motor_controller/share/motor_controller/hook/ament_prefix_path.ps1'
[0.377s] INFO:colcon.colcon_core.shell:Creating environment descriptor '/home/roverto/ros2_ws/install/motor_controller/share/motor_controller/hook/ament_prefix_path.dsv'
[0.378s] INFO:colcon.colcon_core.shell:Creating environment hook '/home/roverto/ros2_ws/install/motor_controller/share/motor_controller/hook/ament_prefix_path.sh'
[0.380s] INFO:colcon.colcon_core.shell:Skip shell extension 'powershell' for command environment: Not usable outside of PowerShell
[0.380s] DEBUG:colcon.colcon_core.shell:Skip shell extension 'dsv' for command environment
[0.722s] INFO:colcon.colcon_core.task.python.build:Building Python package in '/home/roverto/ros2_ws/src/RovControl'
[0.723s] INFO:colcon.colcon_core.shell:Skip shell extension 'powershell' for command environment: Not usable outside of PowerShell
[0.723s] DEBUG:colcon.colcon_core.shell:Skip shell extension 'dsv' for command environment
[1.082s] INFO:colcon.colcon_core.task.python.build:Building Python package in '/home/roverto/ros2_ws/src/motor_controller'
[1.082s] INFO:colcon.colcon_core.shell:Skip shell extension 'powershell' for command environment: Not usable outside of PowerShell
[1.082s] DEBUG:colcon.colcon_core.shell:Skip shell extension 'dsv' for command environment
[2.138s] DEBUG:colcon.colcon_core.event_handler.log_command:Invoking command in '/home/roverto/ros2_ws/src/motor_controller': DEBUGINFOD_URLS=https://debuginfod.ubuntu.com PYTHONPATH=/home/roverto/ros2_ws/build/motor_controller/prefix_override:/usr/lib/python3/dist-packages/colcon_core/task/python/colcon_distutils_commands:/home/roverto/ros2_ws/install/motor_controller/lib/python3.12/site-packages:${PYTHONPATH} /usr/bin/python3 -W ignore:setup.py install is deprecated -W ignore:easy_install command is deprecated setup.py egg_info --egg-base ../../build/motor_controller build --build-base /home/roverto/ros2_ws/build/motor_controller/build install --record /home/roverto/ros2_ws/build/motor_controller/install.log --single-version-externally-managed install_data
[2.150s] DEBUG:colcon.colcon_core.event_handler.log_command:Invoking command in '/home/roverto/ros2_ws/src/RovControl': DEBUGINFOD_URLS=https://debuginfod.ubuntu.com PYTHONPATH=/home/roverto/ros2_ws/build/RovControl/prefix_override:/usr/lib/python3/dist-packages/colcon_core/task/python/colcon_distutils_commands:/home/roverto/ros2_ws/install/RovControl/lib/python3.12/site-packages:${PYTHONPATH} /usr/bin/python3 -W ignore:setup.py install is deprecated -W ignore:easy_install command is deprecated setup.py egg_info --egg-base ../../build/RovControl build --build-base /home/roverto/ros2_ws/build/RovControl/build install --record /home/roverto/ros2_ws/build/RovControl/install.log --single-version-externally-managed install_data
[3.084s] DEBUG:colcon.colcon_core.event_handler.log_command:Invoked command in '/home/roverto/ros2_ws/src/motor_controller' returned '0': DEBUGINFOD_URLS=https://debuginfod.ubuntu.com PYTHONPATH=/home/roverto/ros2_ws/build/motor_controller/prefix_override:/usr/lib/python3/dist-packages/colcon_core/task/python/colcon_distutils_commands:/home/roverto/ros2_ws/install/motor_controller/lib/python3.12/site-packages:${PYTHONPATH} /usr/bin/python3 -W ignore:setup.py install is deprecated -W ignore:easy_install command is deprecated setup.py egg_info --egg-base ../../build/motor_controller build --build-base /home/roverto/ros2_ws/build/motor_controller/build install --record /home/roverto/ros2_ws/build/motor_controller/install.log --single-version-externally-managed install_data
[3.089s] Level 1:colcon.colcon_core.environment:checking '/home/roverto/ros2_ws/install/motor_controller' for CMake module files
[3.090s] Level 1:colcon.colcon_core.environment:checking '/home/roverto/ros2_ws/install/motor_controller' for CMake config files
[3.091s] Level 1:colcon.colcon_core.environment:checking '/home/roverto/ros2_ws/install/motor_controller/lib'
[3.091s] Level 1:colcon.colcon_core.environment:checking '/home/roverto/ros2_ws/install/motor_controller/bin'
[3.091s] Level 1:colcon.colcon_core.environment:checking '/home/roverto/ros2_ws/install/motor_controller/lib/pkgconfig/motor_controller.pc'
[3.091s] Level 1:colcon.colcon_core.environment:checking '/home/roverto/ros2_ws/install/motor_controller/lib/python3.12/site-packages'
[3.091s] Level 1:colcon.colcon_core.shell:create_environment_hook('motor_controller', 'pythonpath')
[3.092s] INFO:colcon.colcon_core.shell:Creating environment hook '/home/roverto/ros2_ws/install/motor_controller/share/motor_controller/hook/pythonpath.ps1'
[3.092s] INFO:colcon.colcon_core.shell:Creating environment descriptor '/home/roverto/ros2_ws/install/motor_controller/share/motor_controller/hook/pythonpath.dsv'
[3.094s] INFO:colcon.colcon_core.shell:Creating environment hook '/home/roverto/ros2_ws/install/motor_controller/share/motor_controller/hook/pythonpath.sh'
[3.096s] Level 1:colcon.colcon_core.environment:checking '/home/roverto/ros2_ws/install/motor_controller/bin'
[3.096s] Level 1:colcon.colcon_core.environment:create_environment_scripts_only(motor_controller)
[3.096s] INFO:colcon.colcon_core.shell:Creating package script '/home/roverto/ros2_ws/install/motor_controller/share/motor_controller/package.ps1'
[3.098s] INFO:colcon.colcon_core.shell:Creating package descriptor '/home/roverto/ros2_ws/install/motor_controller/share/motor_controller/package.dsv'
[3.099s] INFO:colcon.colcon_core.shell:Creating package script '/home/roverto/ros2_ws/install/motor_controller/share/motor_controller/package.sh'
[3.101s] INFO:colcon.colcon_core.shell:Creating package script '/home/roverto/ros2_ws/install/motor_controller/share/motor_controller/package.bash'
[3.105s] INFO:colcon.colcon_core.shell:Creating package script '/home/roverto/ros2_ws/install/motor_controller/share/motor_controller/package.zsh'
[3.106s] Level 1:colcon.colcon_core.environment:create_file_with_runtime_dependencies(/home/roverto/ros2_ws/install/motor_controller/share/colcon-core/packages/motor_controller)
[3.108s] Level 1:colcon.colcon_core.environment:checking '/home/roverto/ros2_ws/install/RovControl' for CMake module files
[3.109s] DEBUG:colcon.colcon_core.event_handler.log_command:Invoked command in '/home/roverto/ros2_ws/src/RovControl' returned '0': DEBUGINFOD_URLS=https://debuginfod.ubuntu.com PYTHONPATH=/home/roverto/ros2_ws/build/RovControl/prefix_override:/usr/lib/python3/dist-packages/colcon_core/task/python/colcon_distutils_commands:/home/roverto/ros2_ws/install/RovControl/lib/python3.12/site-packages:${PYTHONPATH} /usr/bin/python3 -W ignore:setup.py install is deprecated -W ignore:easy_install command is deprecated setup.py egg_info --egg-base ../../build/RovControl build --build-base /home/roverto/ros2_ws/build/RovControl/build install --record /home/roverto/ros2_ws/build/RovControl/install.log --single-version-externally-managed install_data
[3.109s] Level 1:colcon.colcon_core.environment:checking '/home/roverto/ros2_ws/install/RovControl' for CMake config files
[3.110s] Level 1:colcon.colcon_core.environment:checking '/home/roverto/ros2_ws/install/RovControl/lib'
[3.110s] Level 1:colcon.colcon_core.environment:checking '/home/roverto/ros2_ws/install/RovControl/bin'
[3.110s] Level 1:colcon.colcon_core.environment:checking '/home/roverto/ros2_ws/install/RovControl/lib/pkgconfig/RovControl.pc'
[3.110s] Level 1:colcon.colcon_core.environment:checking '/home/roverto/ros2_ws/install/RovControl/lib/python3.12/site-packages'
[3.110s] Level 1:colcon.colcon_core.shell:create_environment_hook('RovControl', 'pythonpath')
[3.111s] INFO:colcon.colcon_core.shell:Creating environment hook '/home/roverto/ros2_ws/install/RovControl/share/RovControl/hook/pythonpath.ps1'
[3.112s] INFO:colcon.colcon_core.shell:Creating environment descriptor '/home/roverto/ros2_ws/install/RovControl/share/RovControl/hook/pythonpath.dsv'
[3.112s] INFO:colcon.colcon_core.shell:Creating environment hook '/home/roverto/ros2_ws/install/RovControl/share/RovControl/hook/pythonpath.sh'
[3.114s] Level 1:colcon.colcon_core.environment:checking '/home/roverto/ros2_ws/install/RovControl/bin'
[3.114s] Level 1:colcon.colcon_core.environment:create_environment_scripts_only(RovControl)
[3.114s] INFO:colcon.colcon_core.shell:Creating package script '/home/roverto/ros2_ws/install/RovControl/share/RovControl/package.ps1'
[3.115s] INFO:colcon.colcon_core.shell:Creating package descriptor '/home/roverto/ros2_ws/install/RovControl/share/RovControl/package.dsv'
[3.116s] INFO:colcon.colcon_core.shell:Creating package script '/home/roverto/ros2_ws/install/RovControl/share/RovControl/package.sh'
[3.117s] INFO:colcon.colcon_core.shell:Creating package script '/home/roverto/ros2_ws/install/RovControl/share/RovControl/package.bash'
[3.118s] INFO:colcon.colcon_core.shell:Creating package script '/home/roverto/ros2_ws/install/RovControl/share/RovControl/package.zsh'
[3.119s] Level 1:colcon.colcon_core.environment:create_file_with_runtime_dependencies(/home/roverto/ros2_ws/install/RovControl/share/colcon-core/packages/RovControl)
[3.121s] DEBUG:colcon.colcon_parallel_executor.executor.parallel:closing loop
[3.121s] DEBUG:colcon.colcon_parallel_executor.executor.parallel:loop closed
[3.122s] DEBUG:colcon.colcon_parallel_executor.executor.parallel:run_until_complete finished with '0'
[3.122s] DEBUG:colcon.colcon_core.event_reactor:joining thread
[3.122s] DEBUG:colcon.colcon_core.event_reactor:joined thread
[3.123s] INFO:colcon.colcon_core.shell:Creating prefix script '/home/roverto/ros2_ws/install/local_setup.ps1'
[3.124s] INFO:colcon.colcon_core.shell:Creating prefix util module '/home/roverto/ros2_ws/install/_local_setup_util_ps1.py'
[3.125s] INFO:colcon.colcon_core.shell:Creating prefix chain script '/home/roverto/ros2_ws/install/setup.ps1'
[3.127s] INFO:colcon.colcon_core.shell:Creating prefix script '/home/roverto/ros2_ws/install/local_setup.sh'
[3.129s] INFO:colcon.colcon_core.shell:Creating prefix util module '/home/roverto/ros2_ws/install/_local_setup_util_sh.py'
[3.130s] INFO:colcon.colcon_core.shell:Creating prefix chain script '/home/roverto/ros2_ws/install/setup.sh'
[3.135s] INFO:colcon.colcon_core.shell:Creating prefix script '/home/roverto/ros2_ws/install/local_setup.bash'
[3.135s] INFO:colcon.colcon_core.shell:Creating prefix chain script '/home/roverto/ros2_ws/install/setup.bash'
[3.137s] INFO:colcon.colcon_core.shell:Creating prefix script '/home/roverto/ros2_ws/install/local_setup.zsh'
[3.138s] INFO:colcon.colcon_core.shell:Creating prefix chain script '/home/roverto/ros2_ws/install/setup.zsh'
