[1.750s] Invoking command in '/home/roverto/rov/src/rovultrasonic': DEBUGINFOD_URLS=https://debuginfod.ubuntu.com PYTHONPATH=/home/roverto/rov/build/rovultrasonic/prefix_override:/usr/lib/python3/dist-packages/colcon_core/task/python/colcon_distutils_commands:/home/roverto/rov/install/rovultrasonic/lib/python3.12/site-packages:${PYTHONPATH} /usr/bin/python3 -W ignore:setup.py install is deprecated -W ignore:easy_install command is deprecated setup.py egg_info --egg-base ../../build/rovultrasonic build --build-base /home/roverto/rov/build/rovultrasonic/build install --record /home/roverto/rov/build/rovultrasonic/install.log --single-version-externally-managed install_data
[2.182s] running egg_info
[2.210s] writing ../../build/rovultrasonic/rovultrasonic.egg-info/PKG-INFO
[2.210s] writing dependency_links to ../../build/rovultrasonic/rovultrasonic.egg-info/dependency_links.txt
[2.212s] writing entry points to ../../build/rovultrasonic/rovultrasonic.egg-info/entry_points.txt
[2.212s] writing requirements to ../../build/rovultrasonic/rovultrasonic.egg-info/requires.txt
[2.213s] writing top-level names to ../../build/rovultrasonic/rovultrasonic.egg-info/top_level.txt
[2.268s] reading manifest file '../../build/rovultrasonic/rovultrasonic.egg-info/SOURCES.txt'
[2.269s] writing manifest file '../../build/rovultrasonic/rovultrasonic.egg-info/SOURCES.txt'
[2.270s] running build
[2.270s] running build_py
[2.271s] copying rovultrasonic/publishd1.py -> /home/roverto/rov/build/rovultrasonic/build/lib/rovultrasonic
[2.271s] copying rovultrasonic/publishd2.py -> /home/roverto/rov/build/rovultrasonic/build/lib/rovultrasonic
[2.271s] running install
[2.281s] running install_lib
[2.308s] copying /home/roverto/rov/build/rovultrasonic/build/lib/rovultrasonic/publishd1.py -> /home/roverto/rov/install/rovultrasonic/lib/python3.12/site-packages/rovultrasonic
[2.308s] copying /home/roverto/rov/build/rovultrasonic/build/lib/rovultrasonic/publishd2.py -> /home/roverto/rov/install/rovultrasonic/lib/python3.12/site-packages/rovultrasonic
[2.309s] byte-compiling /home/roverto/rov/install/rovultrasonic/lib/python3.12/site-packages/rovultrasonic/publishd1.py to publishd1.cpython-312.pyc
[2.310s] byte-compiling /home/roverto/rov/install/rovultrasonic/lib/python3.12/site-packages/rovultrasonic/publishd2.py to publishd2.cpython-312.pyc
[2.311s] running install_data
[2.311s] running install_egg_info
[2.341s] removing '/home/roverto/rov/install/rovultrasonic/lib/python3.12/site-packages/rovultrasonic-0.0.0-py3.12.egg-info' (and everything under it)
[2.341s] Copying ../../build/rovultrasonic/rovultrasonic.egg-info to /home/roverto/rov/install/rovultrasonic/lib/python3.12/site-packages/rovultrasonic-0.0.0-py3.12.egg-info
[2.343s] running install_scripts
[2.537s] Installing publishd1 script to /home/roverto/rov/install/rovultrasonic/lib/rovultrasonic
[2.538s] Installing publishd2 script to /home/roverto/rov/install/rovultrasonic/lib/rovultrasonic
[2.538s] writing list of installed files to '/home/roverto/rov/build/rovultrasonic/install.log'
[2.690s] Invoked command in '/home/roverto/rov/src/rovultrasonic' returned '0': DEBUGINFOD_URLS=https://debuginfod.ubuntu.com PYTHONPATH=/home/roverto/rov/build/rovultrasonic/prefix_override:/usr/lib/python3/dist-packages/colcon_core/task/python/colcon_distutils_commands:/home/roverto/rov/install/rovultrasonic/lib/python3.12/site-packages:${PYTHONPATH} /usr/bin/python3 -W ignore:setup.py install is deprecated -W ignore:easy_install command is deprecated setup.py egg_info --egg-base ../../build/rovultrasonic build --build-base /home/roverto/rov/build/rovultrasonic/build install --record /home/roverto/rov/build/rovultrasonic/install.log --single-version-externally-managed install_data
