[2.000s] Invoking command in '/home/roverto/ros2_ws/src/motor_controller': DEBUGINFOD_URLS=https://debuginfod.ubuntu.com PYTHONPATH=/home/roverto/ros2_ws/build/motor_controller/prefix_override:/usr/lib/python3/dist-packages/colcon_core/task/python/colcon_distutils_commands:/home/roverto/ros2_ws/install/motor_controller/lib/python3.12/site-packages:${PYTHONPATH} /usr/bin/python3 -W ignore:setup.py install is deprecated -W ignore:easy_install command is deprecated setup.py egg_info --egg-base ../../build/motor_controller build --build-base /home/roverto/ros2_ws/build/motor_controller/build install --record /home/roverto/ros2_ws/build/motor_controller/install.log --single-version-externally-managed install_data
[2.461s] running egg_info
[2.496s] writing ../../build/motor_controller/motor_controller.egg-info/PKG-INFO
[2.497s] writing dependency_links to ../../build/motor_controller/motor_controller.egg-info/dependency_links.txt
[2.498s] writing entry points to ../../build/motor_controller/motor_controller.egg-info/entry_points.txt
[2.499s] writing requirements to ../../build/motor_controller/motor_controller.egg-info/requires.txt
[2.500s] writing top-level names to ../../build/motor_controller/motor_controller.egg-info/top_level.txt
[2.564s] reading manifest file '../../build/motor_controller/motor_controller.egg-info/SOURCES.txt'
[2.565s] writing manifest file '../../build/motor_controller/motor_controller.egg-info/SOURCES.txt'
[2.565s] running build
[2.565s] running build_py
[2.565s] copying motor_controller/motor_controller_node.py -> /home/roverto/ros2_ws/build/motor_controller/build/lib/motor_controller
[2.566s] running install
[2.576s] running install_lib
[2.607s] copying /home/roverto/ros2_ws/build/motor_controller/build/lib/motor_controller/motor_controller_node.py -> /home/roverto/ros2_ws/install/motor_controller/lib/python3.12/site-packages/motor_controller
[2.608s] byte-compiling /home/roverto/ros2_ws/install/motor_controller/lib/python3.12/site-packages/motor_controller/motor_controller_node.py to motor_controller_node.cpython-312.pyc
[2.611s] running install_data
[2.612s] running install_egg_info
[2.647s] removing '/home/roverto/ros2_ws/install/motor_controller/lib/python3.12/site-packages/motor_controller-0.0.0-py3.12.egg-info' (and everything under it)
[2.649s] Copying ../../build/motor_controller/motor_controller.egg-info to /home/roverto/ros2_ws/install/motor_controller/lib/python3.12/site-packages/motor_controller-0.0.0-py3.12.egg-info
[2.650s] running install_scripts
[2.885s] Installing motor_controller_node script to /home/roverto/ros2_ws/install/motor_controller/lib/motor_controller
[2.885s] Installing motors_forward script to /home/roverto/ros2_ws/install/motor_controller/lib/motor_controller
[2.887s] writing list of installed files to '/home/roverto/ros2_ws/build/motor_controller/install.log'
[3.062s] Invoked command in '/home/roverto/ros2_ws/src/motor_controller' returned '0': DEBUGINFOD_URLS=https://debuginfod.ubuntu.com PYTHONPATH=/home/roverto/ros2_ws/build/motor_controller/prefix_override:/usr/lib/python3/dist-packages/colcon_core/task/python/colcon_distutils_commands:/home/roverto/ros2_ws/install/motor_controller/lib/python3.12/site-packages:${PYTHONPATH} /usr/bin/python3 -W ignore:setup.py install is deprecated -W ignore:easy_install command is deprecated setup.py egg_info --egg-base ../../build/motor_controller build --build-base /home/roverto/ros2_ws/build/motor_controller/build install --record /home/roverto/ros2_ws/build/motor_controller/install.log --single-version-externally-managed install_data
