[0.151s] DEBUG:colcon:Command line arguments: ['/usr/bin/colcon', 'build', '--symlink-install', '--packages-select', 'ros2_orb_slam3', ' --parallel-workers', '2']
[0.151s] DEBUG:colcon:Parsed command line arguments: Namespace(log_base=None, log_level=None, verb_name='build', build_base='build', install_base='install', merge_install=False, symlink_install=True, test_result_base=None, continue_on_error=False, executor='parallel', parallel_workers=4, event_handlers=None, ignore_user_meta=False, metas=['./colcon.meta'], base_paths=['.'], packages_ignore=None, packages_ignore_regex=None, paths=None, packages_up_to=None, packages_up_to_regex=None, packages_above=None, packages_above_and_dependencies=None, packages_above_depth=None, packages_select_by_dep=None, packages_skip_by_dep=None, packages_skip_up_to=None, packages_select_build_failed=False, packages_skip_build_finished=False, packages_select_test_failures=False, packages_skip_test_passed=False, packages_select=['ros2_orb_slam3', '--parallel-workers', '2'], packages_skip=None, packages_select_regex=None, packages_skip_regex=None, packages_start=None, packages_end=None, allow_overriding=[], cmake_args=None, cmake_target=None, cmake_target_skip_unavailable=False, cmake_clean_cache=False, cmake_clean_first=False, cmake_force_configure=False, ament_cmake_args=None, catkin_cmake_args=None, catkin_skip_building_tests=False, mixin_files=None, mixin=None, verb_parser=<colcon_mixin.mixin.mixin_argument.MixinArgumentDecorator object at 0xffff94b24620>, verb_extension=<colcon_core.verb.build.BuildVerb object at 0xffff94ce4da0>, main=<bound method BuildVerb.main of <colcon_core.verb.build.BuildVerb object at 0xffff94ce4da0>>, mixin_verb=('build',))
[0.302s] Level 1:colcon.colcon_core.package_discovery:discover_packages(colcon_meta) check parameters
[0.302s] Level 1:colcon.colcon_core.package_discovery:discover_packages(recursive) check parameters
[0.302s] Level 1:colcon.colcon_core.package_discovery:discover_packages(ignore) check parameters
[0.303s] Level 1:colcon.colcon_core.package_discovery:discover_packages(path) check parameters
[0.303s] Level 1:colcon.colcon_core.package_discovery:discover_packages(colcon_meta) discover
[0.303s] Level 1:colcon.colcon_core.package_discovery:discover_packages(recursive) discover
[0.303s] INFO:colcon.colcon_core.package_discovery:Crawling recursively for packages in '/home/roverto/ros2_ws'
[0.303s] Level 1:colcon.colcon_core.package_identification:_identify(.) by extensions ['ignore', 'ignore_ament_install']
[0.303s] Level 1:colcon.colcon_core.package_identification:_identify(.) by extension 'ignore'
[0.303s] Level 1:colcon.colcon_core.package_identification:_identify(.) by extension 'ignore_ament_install'
[0.303s] Level 1:colcon.colcon_core.package_identification:_identify(.) by extensions ['colcon_pkg']
[0.303s] Level 1:colcon.colcon_core.package_identification:_identify(.) by extension 'colcon_pkg'
[0.303s] Level 1:colcon.colcon_core.package_identification:_identify(.) by extensions ['colcon_meta']
[0.303s] Level 1:colcon.colcon_core.package_identification:_identify(.) by extension 'colcon_meta'
[0.303s] Level 1:colcon.colcon_core.package_identification:_identify(.) by extensions ['ros']
[0.303s] Level 1:colcon.colcon_core.package_identification:_identify(.) by extension 'ros'
[0.343s] Level 1:colcon.colcon_core.package_identification:_identify(.) by extensions ['cmake', 'python']
[0.343s] Level 1:colcon.colcon_core.package_identification:_identify(.) by extension 'cmake'
[0.343s] Level 1:colcon.colcon_core.package_identification:_identify(.) by extension 'python'
[0.343s] Level 1:colcon.colcon_core.package_identification:_identify(.) by extensions ['python_setup_py']
[0.343s] Level 1:colcon.colcon_core.package_identification:_identify(.) by extension 'python_setup_py'
[0.343s] Level 1:colcon.colcon_core.package_identification:_identify(build) by extensions ['ignore', 'ignore_ament_install']
[0.343s] Level 1:colcon.colcon_core.package_identification:_identify(build) by extension 'ignore'
[0.343s] Level 1:colcon.colcon_core.package_identification:_identify(build) ignored
[0.343s] Level 1:colcon.colcon_core.package_identification:_identify(install) by extensions ['ignore', 'ignore_ament_install']
[0.343s] Level 1:colcon.colcon_core.package_identification:_identify(install) by extension 'ignore'
[0.343s] Level 1:colcon.colcon_core.package_identification:_identify(install) ignored
[0.344s] Level 1:colcon.colcon_core.package_identification:_identify(log) by extensions ['ignore', 'ignore_ament_install']
[0.344s] Level 1:colcon.colcon_core.package_identification:_identify(log) by extension 'ignore'
[0.344s] Level 1:colcon.colcon_core.package_identification:_identify(log) ignored
[0.344s] Level 1:colcon.colcon_core.package_identification:_identify(src) by extensions ['ignore', 'ignore_ament_install']
[0.344s] Level 1:colcon.colcon_core.package_identification:_identify(src) by extension 'ignore'
[0.344s] Level 1:colcon.colcon_core.package_identification:_identify(src) by extension 'ignore_ament_install'
[0.344s] Level 1:colcon.colcon_core.package_identification:_identify(src) by extensions ['colcon_pkg']
[0.344s] Level 1:colcon.colcon_core.package_identification:_identify(src) by extension 'colcon_pkg'
[0.344s] Level 1:colcon.colcon_core.package_identification:_identify(src) by extensions ['colcon_meta']
[0.344s] Level 1:colcon.colcon_core.package_identification:_identify(src) by extension 'colcon_meta'
[0.344s] Level 1:colcon.colcon_core.package_identification:_identify(src) by extensions ['ros']
[0.344s] Level 1:colcon.colcon_core.package_identification:_identify(src) by extension 'ros'
[0.344s] Level 1:colcon.colcon_core.package_identification:_identify(src) by extensions ['cmake', 'python']
[0.344s] Level 1:colcon.colcon_core.package_identification:_identify(src) by extension 'cmake'
[0.344s] Level 1:colcon.colcon_core.package_identification:_identify(src) by extension 'python'
[0.344s] Level 1:colcon.colcon_core.package_identification:_identify(src) by extensions ['python_setup_py']
[0.344s] Level 1:colcon.colcon_core.package_identification:_identify(src) by extension 'python_setup_py'
[0.345s] Level 1:colcon.colcon_core.package_identification:_identify(src/ORB_SLAM3_ROS2) by extensions ['ignore', 'ignore_ament_install']
[0.345s] Level 1:colcon.colcon_core.package_identification:_identify(src/ORB_SLAM3_ROS2) by extension 'ignore'
[0.345s] Level 1:colcon.colcon_core.package_identification:_identify(src/ORB_SLAM3_ROS2) by extension 'ignore_ament_install'
[0.345s] Level 1:colcon.colcon_core.package_identification:_identify(src/ORB_SLAM3_ROS2) by extensions ['colcon_pkg']
[0.345s] Level 1:colcon.colcon_core.package_identification:_identify(src/ORB_SLAM3_ROS2) by extension 'colcon_pkg'
[0.345s] Level 1:colcon.colcon_core.package_identification:_identify(src/ORB_SLAM3_ROS2) by extensions ['colcon_meta']
[0.345s] Level 1:colcon.colcon_core.package_identification:_identify(src/ORB_SLAM3_ROS2) by extension 'colcon_meta'
[0.345s] Level 1:colcon.colcon_core.package_identification:_identify(src/ORB_SLAM3_ROS2) by extensions ['ros']
[0.345s] Level 1:colcon.colcon_core.package_identification:_identify(src/ORB_SLAM3_ROS2) by extension 'ros'
[0.349s] DEBUG:colcon.colcon_core.package_identification:Package 'src/ORB_SLAM3_ROS2' with type 'ros.ament_cmake' and name 'orbslam3'
[0.349s] Level 1:colcon.colcon_core.package_identification:_identify(src/build) by extensions ['ignore', 'ignore_ament_install']
[0.349s] Level 1:colcon.colcon_core.package_identification:_identify(src/build) by extension 'ignore'
[0.349s] Level 1:colcon.colcon_core.package_identification:_identify(src/build) ignored
[0.349s] Level 1:colcon.colcon_core.package_identification:_identify(src/camera_ros) by extensions ['ignore', 'ignore_ament_install']
[0.349s] Level 1:colcon.colcon_core.package_identification:_identify(src/camera_ros) by extension 'ignore'
[0.349s] Level 1:colcon.colcon_core.package_identification:_identify(src/camera_ros) by extension 'ignore_ament_install'
[0.349s] Level 1:colcon.colcon_core.package_identification:_identify(src/camera_ros) by extensions ['colcon_pkg']
[0.349s] Level 1:colcon.colcon_core.package_identification:_identify(src/camera_ros) by extension 'colcon_pkg'
[0.349s] Level 1:colcon.colcon_core.package_identification:_identify(src/camera_ros) by extensions ['colcon_meta']
[0.349s] Level 1:colcon.colcon_core.package_identification:_identify(src/camera_ros) by extension 'colcon_meta'
[0.349s] Level 1:colcon.colcon_core.package_identification:_identify(src/camera_ros) by extensions ['ros']
[0.350s] Level 1:colcon.colcon_core.package_identification:_identify(src/camera_ros) by extension 'ros'
[0.355s] DEBUG:colcon.colcon_core.package_identification:Package 'src/camera_ros' with type 'ros.ament_cmake' and name 'camera_ros'
[0.355s] Level 1:colcon.colcon_core.package_identification:_identify(src/custom_camera_publisher) by extensions ['ignore', 'ignore_ament_install']
[0.355s] Level 1:colcon.colcon_core.package_identification:_identify(src/custom_camera_publisher) by extension 'ignore'
[0.355s] Level 1:colcon.colcon_core.package_identification:_identify(src/custom_camera_publisher) by extension 'ignore_ament_install'
[0.355s] Level 1:colcon.colcon_core.package_identification:_identify(src/custom_camera_publisher) by extensions ['colcon_pkg']
[0.356s] Level 1:colcon.colcon_core.package_identification:_identify(src/custom_camera_publisher) by extension 'colcon_pkg'
[0.356s] Level 1:colcon.colcon_core.package_identification:_identify(src/custom_camera_publisher) by extensions ['colcon_meta']
[0.356s] Level 1:colcon.colcon_core.package_identification:_identify(src/custom_camera_publisher) by extension 'colcon_meta'
[0.356s] Level 1:colcon.colcon_core.package_identification:_identify(src/custom_camera_publisher) by extensions ['ros']
[0.356s] Level 1:colcon.colcon_core.package_identification:_identify(src/custom_camera_publisher) by extension 'ros'
[0.357s] DEBUG:colcon.colcon_core.package_identification:Package 'src/custom_camera_publisher' with type 'ros.ament_python' and name 'custom_camera_publisher'
[0.357s] Level 1:colcon.colcon_core.package_identification:_identify(src/install) by extensions ['ignore', 'ignore_ament_install']
[0.357s] Level 1:colcon.colcon_core.package_identification:_identify(src/install) by extension 'ignore'
[0.357s] Level 1:colcon.colcon_core.package_identification:_identify(src/install) ignored
[0.357s] Level 1:colcon.colcon_core.package_identification:_identify(src/log) by extensions ['ignore', 'ignore_ament_install']
[0.357s] Level 1:colcon.colcon_core.package_identification:_identify(src/log) by extension 'ignore'
[0.358s] Level 1:colcon.colcon_core.package_identification:_identify(src/log) ignored
[0.358s] Level 1:colcon.colcon_core.package_identification:_identify(src/motor_controller) by extensions ['ignore', 'ignore_ament_install']
[0.358s] Level 1:colcon.colcon_core.package_identification:_identify(src/motor_controller) by extension 'ignore'
[0.358s] Level 1:colcon.colcon_core.package_identification:_identify(src/motor_controller) by extension 'ignore_ament_install'
[0.358s] Level 1:colcon.colcon_core.package_identification:_identify(src/motor_controller) by extensions ['colcon_pkg']
[0.358s] Level 1:colcon.colcon_core.package_identification:_identify(src/motor_controller) by extension 'colcon_pkg'
[0.358s] Level 1:colcon.colcon_core.package_identification:_identify(src/motor_controller) by extensions ['colcon_meta']
[0.358s] Level 1:colcon.colcon_core.package_identification:_identify(src/motor_controller) by extension 'colcon_meta'
[0.358s] Level 1:colcon.colcon_core.package_identification:_identify(src/motor_controller) by extensions ['ros']
[0.358s] Level 1:colcon.colcon_core.package_identification:_identify(src/motor_controller) by extension 'ros'
[0.359s] DEBUG:colcon.colcon_core.package_identification:Package 'src/motor_controller' with type 'ros.ament_python' and name 'motor_controller'
[0.359s] Level 1:colcon.colcon_core.package_identification:_identify(src/ros2_orb_slam3) by extensions ['ignore', 'ignore_ament_install']
[0.359s] Level 1:colcon.colcon_core.package_identification:_identify(src/ros2_orb_slam3) by extension 'ignore'
[0.359s] Level 1:colcon.colcon_core.package_identification:_identify(src/ros2_orb_slam3) by extension 'ignore_ament_install'
[0.360s] Level 1:colcon.colcon_core.package_identification:_identify(src/ros2_orb_slam3) by extensions ['colcon_pkg']
[0.360s] Level 1:colcon.colcon_core.package_identification:_identify(src/ros2_orb_slam3) by extension 'colcon_pkg'
[0.360s] Level 1:colcon.colcon_core.package_identification:_identify(src/ros2_orb_slam3) by extensions ['colcon_meta']
[0.360s] Level 1:colcon.colcon_core.package_identification:_identify(src/ros2_orb_slam3) by extension 'colcon_meta'
[0.360s] Level 1:colcon.colcon_core.package_identification:_identify(src/ros2_orb_slam3) by extensions ['ros']
[0.360s] Level 1:colcon.colcon_core.package_identification:_identify(src/ros2_orb_slam3) by extension 'ros'
[0.361s] DEBUG:colcon.colcon_core.package_identification:Package 'src/ros2_orb_slam3' with type 'ros.ament_cmake' and name 'ros2_orb_slam3'
[0.361s] Level 1:colcon.colcon_core.package_identification:_identify(src/rovultrasonic) by extensions ['ignore', 'ignore_ament_install']
[0.361s] Level 1:colcon.colcon_core.package_identification:_identify(src/rovultrasonic) by extension 'ignore'
[0.361s] Level 1:colcon.colcon_core.package_identification:_identify(src/rovultrasonic) by extension 'ignore_ament_install'
[0.361s] Level 1:colcon.colcon_core.package_identification:_identify(src/rovultrasonic) by extensions ['colcon_pkg']
[0.361s] Level 1:colcon.colcon_core.package_identification:_identify(src/rovultrasonic) by extension 'colcon_pkg'
[0.361s] Level 1:colcon.colcon_core.package_identification:_identify(src/rovultrasonic) by extensions ['colcon_meta']
[0.361s] Level 1:colcon.colcon_core.package_identification:_identify(src/rovultrasonic) by extension 'colcon_meta'
[0.361s] Level 1:colcon.colcon_core.package_identification:_identify(src/rovultrasonic) by extensions ['ros']
[0.361s] Level 1:colcon.colcon_core.package_identification:_identify(src/rovultrasonic) by extension 'ros'
[0.362s] DEBUG:colcon.colcon_core.package_identification:Package 'src/rovultrasonic' with type 'ros.ament_python' and name 'rovultrasonic'
[0.362s] Level 1:colcon.colcon_core.package_discovery:discover_packages(recursive) using defaults
[0.362s] Level 1:colcon.colcon_core.package_discovery:discover_packages(ignore) discover
[0.362s] Level 1:colcon.colcon_core.package_discovery:discover_packages(ignore) using defaults
[0.362s] Level 1:colcon.colcon_core.package_discovery:discover_packages(path) discover
[0.362s] Level 1:colcon.colcon_core.package_discovery:discover_packages(path) using defaults
[0.363s] WARNING:colcon.colcon_core.package_selection:ignoring unknown package '--parallel-workers' in --packages-select
[0.363s] WARNING:colcon.colcon_core.package_selection:ignoring unknown package '2' in --packages-select
[0.399s] INFO:colcon.colcon_core.package_selection:Skipping not selected package 'camera_ros' in 'src/camera_ros'
[0.399s] INFO:colcon.colcon_core.package_selection:Skipping not selected package 'custom_camera_publisher' in 'src/custom_camera_publisher'
[0.399s] INFO:colcon.colcon_core.package_selection:Skipping not selected package 'motor_controller' in 'src/motor_controller'
[0.399s] INFO:colcon.colcon_core.package_selection:Skipping not selected package 'orbslam3' in 'src/ORB_SLAM3_ROS2'
[0.399s] INFO:colcon.colcon_core.package_selection:Skipping not selected package 'rovultrasonic' in 'src/rovultrasonic'
[0.400s] Level 1:colcon.colcon_core.package_discovery:discover_packages(prefix_path) check parameters
[0.400s] Level 1:colcon.colcon_core.package_discovery:discover_packages(prefix_path) discover
[0.407s] DEBUG:colcon.colcon_installed_package_information.package_discovery:Found 1 installed packages in /home/roverto/image_publisher/install
[0.410s] DEBUG:colcon.colcon_installed_package_information.package_discovery:Found 304 installed packages in /opt/ros/jazzy
[0.411s] Level 1:colcon.colcon_core.package_discovery:discover_packages(prefix_path) using defaults
[0.476s] Level 5:colcon.colcon_core.verb:set package 'ros2_orb_slam3' build argument 'cmake_args' from command line to 'None'
[0.476s] Level 5:colcon.colcon_core.verb:set package 'ros2_orb_slam3' build argument 'cmake_target' from command line to 'None'
[0.476s] Level 5:colcon.colcon_core.verb:set package 'ros2_orb_slam3' build argument 'cmake_target_skip_unavailable' from command line to 'False'
[0.476s] Level 5:colcon.colcon_core.verb:set package 'ros2_orb_slam3' build argument 'cmake_clean_cache' from command line to 'False'
[0.476s] Level 5:colcon.colcon_core.verb:set package 'ros2_orb_slam3' build argument 'cmake_clean_first' from command line to 'False'
[0.476s] Level 5:colcon.colcon_core.verb:set package 'ros2_orb_slam3' build argument 'cmake_force_configure' from command line to 'False'
[0.476s] Level 5:colcon.colcon_core.verb:set package 'ros2_orb_slam3' build argument 'ament_cmake_args' from command line to 'None'
[0.476s] Level 5:colcon.colcon_core.verb:set package 'ros2_orb_slam3' build argument 'catkin_cmake_args' from command line to 'None'
[0.476s] Level 5:colcon.colcon_core.verb:set package 'ros2_orb_slam3' build argument 'catkin_skip_building_tests' from command line to 'False'
[0.476s] DEBUG:colcon.colcon_core.verb:Building package 'ros2_orb_slam3' with the following arguments: {'ament_cmake_args': None, 'build_base': '/home/roverto/ros2_ws/build/ros2_orb_slam3', 'catkin_cmake_args': None, 'catkin_skip_building_tests': False, 'cmake_args': None, 'cmake_clean_cache': False, 'cmake_clean_first': False, 'cmake_force_configure': False, 'cmake_target': None, 'cmake_target_skip_unavailable': False, 'install_base': '/home/roverto/ros2_ws/install/ros2_orb_slam3', 'merge_install': False, 'path': '/home/roverto/ros2_ws/src/ros2_orb_slam3', 'symlink_install': True, 'test_result_base': None}
[0.476s] INFO:colcon.colcon_core.executor:Executing jobs using 'parallel' executor
[0.478s] DEBUG:colcon.colcon_parallel_executor.executor.parallel:run_until_complete
[0.478s] INFO:colcon.colcon_ros.task.ament_cmake.build:Building ROS package in '/home/roverto/ros2_ws/src/ros2_orb_slam3' with build type 'ament_cmake'
[0.478s] INFO:colcon.colcon_cmake.task.cmake.build:Building CMake package in '/home/roverto/ros2_ws/src/ros2_orb_slam3'
[0.486s] INFO:colcon.colcon_core.plugin_system:Skipping extension 'colcon_core.shell.bat': Not used on non-Windows systems
[0.486s] INFO:colcon.colcon_core.shell:Skip shell extension 'powershell' for command environment: Not usable outside of PowerShell
[0.486s] DEBUG:colcon.colcon_core.shell:Skip shell extension 'dsv' for command environment
[0.497s] DEBUG:colcon.colcon_core.event_handler.log_command:Invoking command in '/home/roverto/ros2_ws/build/ros2_orb_slam3': CMAKE_PREFIX_PATH=${CMAKE_PREFIX_PATH}:/home/roverto/image_publisher/install/opencv_tools:/opt/ros/jazzy DEBUGINFOD_URLS=https://debuginfod.ubuntu.com /usr/bin/cmake /home/roverto/ros2_ws/src/ros2_orb_slam3 -DAMENT_CMAKE_SYMLINK_INSTALL=1 -DCMAKE_INSTALL_PREFIX=/home/roverto/ros2_ws/install/ros2_orb_slam3
[3.704s] DEBUG:colcon.colcon_core.event_handler.log_command:Invoked command in '/home/roverto/ros2_ws/build/ros2_orb_slam3' returned '0': CMAKE_PREFIX_PATH=${CMAKE_PREFIX_PATH}:/home/roverto/image_publisher/install/opencv_tools:/opt/ros/jazzy DEBUGINFOD_URLS=https://debuginfod.ubuntu.com /usr/bin/cmake /home/roverto/ros2_ws/src/ros2_orb_slam3 -DAMENT_CMAKE_SYMLINK_INSTALL=1 -DCMAKE_INSTALL_PREFIX=/home/roverto/ros2_ws/install/ros2_orb_slam3
[3.706s] DEBUG:colcon.colcon_core.event_handler.log_command:Invoking command in '/home/roverto/ros2_ws/build/ros2_orb_slam3': CMAKE_PREFIX_PATH=${CMAKE_PREFIX_PATH}:/home/roverto/image_publisher/install/opencv_tools:/opt/ros/jazzy DEBUGINFOD_URLS=https://debuginfod.ubuntu.com /usr/bin/cmake --build /home/roverto/ros2_ws/build/ros2_orb_slam3 -- -j4 -l4
[872.966s] DEBUG:colcon.colcon_core.event_handler.log_command:Invoked command in '/home/roverto/ros2_ws/build/ros2_orb_slam3' returned '0': CMAKE_PREFIX_PATH=${CMAKE_PREFIX_PATH}:/home/roverto/image_publisher/install/opencv_tools:/opt/ros/jazzy DEBUGINFOD_URLS=https://debuginfod.ubuntu.com /usr/bin/cmake --build /home/roverto/ros2_ws/build/ros2_orb_slam3 -- -j4 -l4
[873.112s] DEBUG:colcon.colcon_core.event_handler.log_command:Invoking command in '/home/roverto/ros2_ws/build/ros2_orb_slam3': CMAKE_PREFIX_PATH=${CMAKE_PREFIX_PATH}:/home/roverto/image_publisher/install/opencv_tools:/opt/ros/jazzy DEBUGINFOD_URLS=https://debuginfod.ubuntu.com /usr/bin/cmake --install /home/roverto/ros2_ws/build/ros2_orb_slam3
[873.504s] Level 1:colcon.colcon_core.environment:create_environment_scripts_only(ros2_orb_slam3)
[873.518s] DEBUG:colcon.colcon_core.event_handler.log_command:Invoked command in '/home/roverto/ros2_ws/build/ros2_orb_slam3' returned '0': CMAKE_PREFIX_PATH=${CMAKE_PREFIX_PATH}:/home/roverto/image_publisher/install/opencv_tools:/opt/ros/jazzy DEBUGINFOD_URLS=https://debuginfod.ubuntu.com /usr/bin/cmake --install /home/roverto/ros2_ws/build/ros2_orb_slam3
[873.631s] Level 1:colcon.colcon_core.environment:checking '/home/roverto/ros2_ws/install/ros2_orb_slam3' for CMake module files
[873.635s] Level 1:colcon.colcon_core.environment:checking '/home/roverto/ros2_ws/install/ros2_orb_slam3' for CMake config files
[873.637s] Level 1:colcon.colcon_core.shell:create_environment_hook('ros2_orb_slam3', 'cmake_prefix_path')
[873.643s] INFO:colcon.colcon_core.shell:Creating environment hook '/home/roverto/ros2_ws/install/ros2_orb_slam3/share/ros2_orb_slam3/hook/cmake_prefix_path.ps1'
[873.685s] INFO:colcon.colcon_core.shell:Creating environment descriptor '/home/roverto/ros2_ws/install/ros2_orb_slam3/share/ros2_orb_slam3/hook/cmake_prefix_path.dsv'
[873.689s] INFO:colcon.colcon_core.shell:Creating environment hook '/home/roverto/ros2_ws/install/ros2_orb_slam3/share/ros2_orb_slam3/hook/cmake_prefix_path.sh'
[873.699s] Level 1:colcon.colcon_core.environment:checking '/home/roverto/ros2_ws/install/ros2_orb_slam3/lib'
[873.699s] Level 1:colcon.colcon_core.environment:checking '/home/roverto/ros2_ws/install/ros2_orb_slam3/bin'
[873.700s] Level 1:colcon.colcon_core.environment:checking '/home/roverto/ros2_ws/install/ros2_orb_slam3/lib/pkgconfig/ros2_orb_slam3.pc'
[873.712s] Level 1:colcon.colcon_core.environment:checking '/home/roverto/ros2_ws/install/ros2_orb_slam3/lib/python3.12/site-packages'
[873.713s] Level 1:colcon.colcon_core.environment:checking '/home/roverto/ros2_ws/install/ros2_orb_slam3/bin'
[873.715s] INFO:colcon.colcon_core.shell:Creating package script '/home/roverto/ros2_ws/install/ros2_orb_slam3/share/ros2_orb_slam3/package.ps1'
[873.723s] INFO:colcon.colcon_core.shell:Creating package descriptor '/home/roverto/ros2_ws/install/ros2_orb_slam3/share/ros2_orb_slam3/package.dsv'
[873.726s] INFO:colcon.colcon_core.shell:Creating package script '/home/roverto/ros2_ws/install/ros2_orb_slam3/share/ros2_orb_slam3/package.sh'
[873.729s] INFO:colcon.colcon_core.shell:Creating package script '/home/roverto/ros2_ws/install/ros2_orb_slam3/share/ros2_orb_slam3/package.bash'
[873.735s] INFO:colcon.colcon_core.shell:Creating package script '/home/roverto/ros2_ws/install/ros2_orb_slam3/share/ros2_orb_slam3/package.zsh'
[873.741s] Level 1:colcon.colcon_core.environment:create_file_with_runtime_dependencies(/home/roverto/ros2_ws/install/ros2_orb_slam3/share/colcon-core/packages/ros2_orb_slam3)
[873.761s] Level 1:colcon.colcon_core.environment:create_environment_scripts_only(ros2_orb_slam3)
[873.761s] Level 1:colcon.colcon_core.environment:checking '/home/roverto/ros2_ws/install/ros2_orb_slam3' for CMake module files
[873.762s] Level 1:colcon.colcon_core.environment:checking '/home/roverto/ros2_ws/install/ros2_orb_slam3' for CMake config files
[873.763s] Level 1:colcon.colcon_core.shell:create_environment_hook('ros2_orb_slam3', 'cmake_prefix_path')
[873.763s] INFO:colcon.colcon_core.shell:Creating environment hook '/home/roverto/ros2_ws/install/ros2_orb_slam3/share/ros2_orb_slam3/hook/cmake_prefix_path.ps1'
[873.765s] INFO:colcon.colcon_core.shell:Creating environment descriptor '/home/roverto/ros2_ws/install/ros2_orb_slam3/share/ros2_orb_slam3/hook/cmake_prefix_path.dsv'
[873.767s] INFO:colcon.colcon_core.shell:Creating environment hook '/home/roverto/ros2_ws/install/ros2_orb_slam3/share/ros2_orb_slam3/hook/cmake_prefix_path.sh'
[873.770s] Level 1:colcon.colcon_core.environment:checking '/home/roverto/ros2_ws/install/ros2_orb_slam3/lib'
[873.770s] Level 1:colcon.colcon_core.environment:checking '/home/roverto/ros2_ws/install/ros2_orb_slam3/bin'
[873.771s] Level 1:colcon.colcon_core.environment:checking '/home/roverto/ros2_ws/install/ros2_orb_slam3/lib/pkgconfig/ros2_orb_slam3.pc'
[873.771s] Level 1:colcon.colcon_core.environment:checking '/home/roverto/ros2_ws/install/ros2_orb_slam3/lib/python3.12/site-packages'
[873.771s] Level 1:colcon.colcon_core.environment:checking '/home/roverto/ros2_ws/install/ros2_orb_slam3/bin'
[873.772s] INFO:colcon.colcon_core.shell:Creating package script '/home/roverto/ros2_ws/install/ros2_orb_slam3/share/ros2_orb_slam3/package.ps1'
[873.773s] INFO:colcon.colcon_core.shell:Creating package descriptor '/home/roverto/ros2_ws/install/ros2_orb_slam3/share/ros2_orb_slam3/package.dsv'
[873.774s] INFO:colcon.colcon_core.shell:Creating package script '/home/roverto/ros2_ws/install/ros2_orb_slam3/share/ros2_orb_slam3/package.sh'
[873.776s] INFO:colcon.colcon_core.shell:Creating package script '/home/roverto/ros2_ws/install/ros2_orb_slam3/share/ros2_orb_slam3/package.bash'
[873.777s] INFO:colcon.colcon_core.shell:Creating package script '/home/roverto/ros2_ws/install/ros2_orb_slam3/share/ros2_orb_slam3/package.zsh'
[873.779s] Level 1:colcon.colcon_core.environment:create_file_with_runtime_dependencies(/home/roverto/ros2_ws/install/ros2_orb_slam3/share/colcon-core/packages/ros2_orb_slam3)
[873.787s] DEBUG:colcon.colcon_parallel_executor.executor.parallel:closing loop
[873.850s] DEBUG:colcon.colcon_parallel_executor.executor.parallel:loop closed
[873.852s] DEBUG:colcon.colcon_parallel_executor.executor.parallel:run_until_complete finished with '0'
[873.855s] DEBUG:colcon.colcon_core.event_reactor:joining thread
[874.036s] INFO:colcon.colcon_core.plugin_system:Skipping extension 'colcon_notification.desktop_notification.terminal_notifier': Not used on non-Darwin systems
[874.036s] INFO:colcon.colcon_core.plugin_system:Skipping extension 'colcon_notification.desktop_notification.win32': Not used on non-Windows systems
[874.036s] INFO:colcon.colcon_notification.desktop_notification:Sending desktop notification using 'notify2'
[874.771s] DEBUG:colcon.colcon_core.event_reactor:joined thread
[874.791s] INFO:colcon.colcon_core.shell:Creating prefix script '/home/roverto/ros2_ws/install/local_setup.ps1'
[874.794s] INFO:colcon.colcon_core.shell:Creating prefix util module '/home/roverto/ros2_ws/install/_local_setup_util_ps1.py'
[874.798s] INFO:colcon.colcon_core.shell:Creating prefix chain script '/home/roverto/ros2_ws/install/setup.ps1'
[874.812s] INFO:colcon.colcon_core.shell:Creating prefix script '/home/roverto/ros2_ws/install/local_setup.sh'
[874.815s] INFO:colcon.colcon_core.shell:Creating prefix util module '/home/roverto/ros2_ws/install/_local_setup_util_sh.py'
[874.816s] INFO:colcon.colcon_core.shell:Creating prefix chain script '/home/roverto/ros2_ws/install/setup.sh'
[874.821s] INFO:colcon.colcon_core.shell:Creating prefix script '/home/roverto/ros2_ws/install/local_setup.bash'
[874.822s] INFO:colcon.colcon_core.shell:Creating prefix chain script '/home/roverto/ros2_ws/install/setup.bash'
[874.825s] INFO:colcon.colcon_core.shell:Creating prefix script '/home/roverto/ros2_ws/install/local_setup.zsh'
[874.827s] INFO:colcon.colcon_core.shell:Creating prefix chain script '/home/roverto/ros2_ws/install/setup.zsh'
