[1.285s] Invoking command in '/home/roverto/ros2_ws/src/motor_controller': DEBUGINFOD_URLS=https://debuginfod.ubuntu.com PYTHONPATH=/home/roverto/ros2_ws/build/motor_controller/prefix_override:/usr/lib/python3/dist-packages/colcon_core/task/python/colcon_distutils_commands:/home/roverto/ros2_ws/install/motor_controller/lib/python3.12/site-packages:${PYTHONPATH} /usr/bin/python3 -W ignore:setup.py install is deprecated -W ignore:easy_install command is deprecated setup.py egg_info --egg-base ../../build/motor_controller build --build-base /home/roverto/ros2_ws/build/motor_controller/build install --record /home/roverto/ros2_ws/build/motor_controller/install.log --single-version-externally-managed install_data
[1.672s] running egg_info
[1.699s] writing ../../build/motor_controller/motor_controller.egg-info/PKG-INFO
[1.700s] writing dependency_links to ../../build/motor_controller/motor_controller.egg-info/dependency_links.txt
[1.701s] writing entry points to ../../build/motor_controller/motor_controller.egg-info/entry_points.txt
[1.702s] writing requirements to ../../build/motor_controller/motor_controller.egg-info/requires.txt
[1.703s] writing top-level names to ../../build/motor_controller/motor_controller.egg-info/top_level.txt
[1.762s] reading manifest file '../../build/motor_controller/motor_controller.egg-info/SOURCES.txt'
[1.763s] writing manifest file '../../build/motor_controller/motor_controller.egg-info/SOURCES.txt'
[1.764s] running build
[1.764s] running build_py
[1.764s] copying motor_controller/motor_controller_node.py -> /home/roverto/ros2_ws/build/motor_controller/build/lib/motor_controller
[1.764s] running install
[1.774s] running install_lib
[1.803s] copying /home/roverto/ros2_ws/build/motor_controller/build/lib/motor_controller/motor_controller_node.py -> /home/roverto/ros2_ws/install/motor_controller/lib/python3.12/site-packages/motor_controller
[1.803s] byte-compiling /home/roverto/ros2_ws/install/motor_controller/lib/python3.12/site-packages/motor_controller/motor_controller_node.py to motor_controller_node.cpython-312.pyc
[1.804s] Sorry: IndentationError: expected an indented block after class definition on line 10 (motor_controller_node.py, line 12)
[1.804s] running install_data
[1.804s] running install_egg_info
[1.835s] removing '/home/roverto/ros2_ws/install/motor_controller/lib/python3.12/site-packages/motor_controller-0.0.0-py3.12.egg-info' (and everything under it)
[1.835s] Copying ../../build/motor_controller/motor_controller.egg-info to /home/roverto/ros2_ws/install/motor_controller/lib/python3.12/site-packages/motor_controller-0.0.0-py3.12.egg-info
[1.837s] running install_scripts
[2.029s] Installing motor_controller_node script to /home/roverto/ros2_ws/install/motor_controller/lib/motor_controller
[2.029s] Installing motors_forward script to /home/roverto/ros2_ws/install/motor_controller/lib/motor_controller
[2.032s] writing list of installed files to '/home/roverto/ros2_ws/build/motor_controller/install.log'
[2.121s] Invoked command in '/home/roverto/ros2_ws/src/motor_controller' returned '0': DEBUGINFOD_URLS=https://debuginfod.ubuntu.com PYTHONPATH=/home/roverto/ros2_ws/build/motor_controller/prefix_override:/usr/lib/python3/dist-packages/colcon_core/task/python/colcon_distutils_commands:/home/roverto/ros2_ws/install/motor_controller/lib/python3.12/site-packages:${PYTHONPATH} /usr/bin/python3 -W ignore:setup.py install is deprecated -W ignore:easy_install command is deprecated setup.py egg_info --egg-base ../../build/motor_controller build --build-base /home/roverto/ros2_ws/build/motor_controller/build install --record /home/roverto/ros2_ws/build/motor_controller/install.log --single-version-externally-managed install_data
