[3.319s] Invoking command in '/home/roverto/rov/src/motor_controller': DEBUGINFOD_URLS=https://debuginfod.ubuntu.com PYTHONPATH=/home/roverto/rov/build/motor_controller/prefix_override:/usr/lib/python3/dist-packages/colcon_core/task/python/colcon_distutils_commands:/home/roverto/rov/install/motor_controller/lib/python3.12/site-packages:${PYTHONPATH} /usr/bin/python3 -W ignore:setup.py install is deprecated -W ignore:easy_install command is deprecated setup.py egg_info --egg-base ../../build/motor_controller build --build-base /home/roverto/rov/build/motor_controller/build install --record /home/roverto/rov/build/motor_controller/install.log --single-version-externally-managed install_data
[4.020s] running egg_info
[4.020s] creating ../../build/motor_controller/motor_controller.egg-info
[4.068s] writing ../../build/motor_controller/motor_controller.egg-info/PKG-INFO
[4.069s] writing dependency_links to ../../build/motor_controller/motor_controller.egg-info/dependency_links.txt
[4.070s] writing requirements to ../../build/motor_controller/motor_controller.egg-info/requires.txt
[4.071s] writing top-level names to ../../build/motor_controller/motor_controller.egg-info/top_level.txt
[4.073s] writing manifest file '../../build/motor_controller/motor_controller.egg-info/SOURCES.txt'
[4.164s] reading manifest file '../../build/motor_controller/motor_controller.egg-info/SOURCES.txt'
[4.165s] writing manifest file '../../build/motor_controller/motor_controller.egg-info/SOURCES.txt'
[4.165s] running build
[4.165s] running build_py
[4.166s] creating /home/roverto/rov/build/motor_controller/build
[4.166s] creating /home/roverto/rov/build/motor_controller/build/lib
[4.166s] creating /home/roverto/rov/build/motor_controller/build/lib/motor_controller
[4.166s] copying motor_controller/__init__.py -> /home/roverto/rov/build/motor_controller/build/lib/motor_controller
[4.166s] running install
[4.179s] running install_lib
[4.223s] creating /home/roverto/rov/install/motor_controller/lib/python3.12/site-packages/motor_controller
[4.223s] copying /home/roverto/rov/build/motor_controller/build/lib/motor_controller/__init__.py -> /home/roverto/rov/install/motor_controller/lib/python3.12/site-packages/motor_controller
[4.226s] byte-compiling /home/roverto/rov/install/motor_controller/lib/python3.12/site-packages/motor_controller/__init__.py to __init__.cpython-312.pyc
[4.227s] running install_data
[4.227s] creating /home/roverto/rov/install/motor_controller/share/ament_index
[4.227s] creating /home/roverto/rov/install/motor_controller/share/ament_index/resource_index
[4.228s] creating /home/roverto/rov/install/motor_controller/share/ament_index/resource_index/packages
[4.228s] copying resource/motor_controller -> /home/roverto/rov/install/motor_controller/share/ament_index/resource_index/packages
[4.228s] copying package.xml -> /home/roverto/rov/install/motor_controller/share/motor_controller
[4.228s] running install_egg_info
[4.282s] Copying ../../build/motor_controller/motor_controller.egg-info to /home/roverto/rov/install/motor_controller/lib/python3.12/site-packages/motor_controller-0.0.0-py3.12.egg-info
[4.284s] running install_scripts
[4.619s] writing list of installed files to '/home/roverto/rov/build/motor_controller/install.log'
[4.831s] Invoked command in '/home/roverto/rov/src/motor_controller' returned '0': DEBUGINFOD_URLS=https://debuginfod.ubuntu.com PYTHONPATH=/home/roverto/rov/build/motor_controller/prefix_override:/usr/lib/python3/dist-packages/colcon_core/task/python/colcon_distutils_commands:/home/roverto/rov/install/motor_controller/lib/python3.12/site-packages:${PYTHONPATH} /usr/bin/python3 -W ignore:setup.py install is deprecated -W ignore:easy_install command is deprecated setup.py egg_info --egg-base ../../build/motor_controller build --build-base /home/roverto/rov/build/motor_controller/build install --record /home/roverto/rov/build/motor_controller/install.log --single-version-externally-managed install_data
