[2.860s] Invoking command in '/home/roverto/ros2_ws/src/motor_controller': DEBUGINFOD_URLS=https://debuginfod.ubuntu.com PYTHONPATH=/home/roverto/ros2_ws/build/motor_controller/prefix_override:/usr/lib/python3/dist-packages/colcon_core/task/python/colcon_distutils_commands:/home/roverto/ros2_ws/install/motor_controller/lib/python3.12/site-packages:${PYTHONPATH} /usr/bin/python3 -W ignore:setup.py install is deprecated -W ignore:easy_install command is deprecated setup.py egg_info --egg-base ../../build/motor_controller build --build-base /home/roverto/ros2_ws/build/motor_controller/build install --record /home/roverto/ros2_ws/build/motor_controller/install.log --single-version-externally-managed install_data
[3.320s] running egg_info
[3.350s] writing ../../build/motor_controller/motor_controller.egg-info/PKG-INFO
[3.351s] writing dependency_links to ../../build/motor_controller/motor_controller.egg-info/dependency_links.txt
[3.352s] writing entry points to ../../build/motor_controller/motor_controller.egg-info/entry_points.txt
[3.352s] writing requirements to ../../build/motor_controller/motor_controller.egg-info/requires.txt
[3.353s] writing top-level names to ../../build/motor_controller/motor_controller.egg-info/top_level.txt
[3.416s] reading manifest file '../../build/motor_controller/motor_controller.egg-info/SOURCES.txt'
[3.417s] writing manifest file '../../build/motor_controller/motor_controller.egg-info/SOURCES.txt'
[3.418s] running build
[3.418s] running build_py
[3.419s] copying motor_controller/motor_controller_node.py -> /home/roverto/ros2_ws/build/motor_controller/build/lib/motor_controller
[3.419s] running install
[3.429s] running install_lib
[3.460s] copying /home/roverto/ros2_ws/build/motor_controller/build/lib/motor_controller/motor_controller_node.py -> /home/roverto/ros2_ws/install/motor_controller/lib/python3.12/site-packages/motor_controller
[3.461s] byte-compiling /home/roverto/ros2_ws/install/motor_controller/lib/python3.12/site-packages/motor_controller/motor_controller_node.py to motor_controller_node.cpython-312.pyc
[3.464s] running install_data
[3.464s] running install_egg_info
[3.499s] removing '/home/roverto/ros2_ws/install/motor_controller/lib/python3.12/site-packages/motor_controller-0.0.0-py3.12.egg-info' (and everything under it)
[3.501s] Copying ../../build/motor_controller/motor_controller.egg-info to /home/roverto/ros2_ws/install/motor_controller/lib/python3.12/site-packages/motor_controller-0.0.0-py3.12.egg-info
[3.502s] running install_scripts
[3.725s] Installing motor_controller_node script to /home/roverto/ros2_ws/install/motor_controller/lib/motor_controller
[3.726s] Installing motors_forward script to /home/roverto/ros2_ws/install/motor_controller/lib/motor_controller
[3.727s] writing list of installed files to '/home/roverto/ros2_ws/build/motor_controller/install.log'
[3.832s] Invoked command in '/home/roverto/ros2_ws/src/motor_controller' returned '0': DEBUGINFOD_URLS=https://debuginfod.ubuntu.com PYTHONPATH=/home/roverto/ros2_ws/build/motor_controller/prefix_override:/usr/lib/python3/dist-packages/colcon_core/task/python/colcon_distutils_commands:/home/roverto/ros2_ws/install/motor_controller/lib/python3.12/site-packages:${PYTHONPATH} /usr/bin/python3 -W ignore:setup.py install is deprecated -W ignore:easy_install command is deprecated setup.py egg_info --egg-base ../../build/motor_controller build --build-base /home/roverto/ros2_ws/build/motor_controller/build install --record /home/roverto/ros2_ws/build/motor_controller/install.log --single-version-externally-managed install_data
